-------------------------------------------------------------------------------
Test set: project.arch.LayeredArchitectureTest
-------------------------------------------------------------------------------
Tests run: 1, Failures: 1, Errors: 0, Skipped: 0, Time elapsed: 0.121 sec <<< FAILURE! - in project.arch.LayeredArchitectureTest
layer_dependencies_are_respected(project.arch.LayeredArchitectureTest)  Time elapsed: 0.12 sec  <<< FAILURE!
java.lang.AssertionError: Architecture Violation [Priority: MEDIUM] - Rule 'Layered architecture consisting of
layer 'Boundaries' ('project.GUI..')
layer 'Controls' ('project.controller..')
layer 'Entities' ('project.model..')
layer 'Database' ('project.implementazioneDao..')
where layer 'Boundaries' may not be accessed by any layer
where layer 'Controls' may only be accessed by layers ['Boundaries']
where layer 'Entities' may only be accessed by layers ['Controls']
where layer 'Database' may only be accessed by layers ['Controls']' was violated (64 times):
Constructor <project.GUI.ValutazioneTest.<init>(project.controller.Controller, java.lang.String, java.lang.String)> calls constructor <project.implementazioneDao.ImpTestDao.<init>()> in (ValutazioneTest.java:65)
Field <project.GUI.ValutazioneTest.it> has type <project.implementazioneDao.ImpTestDao> in (ValutazioneTest.java:0)
Method <project.dao.CorsoDAO.InserisciCorso(project.model.Corso)> has parameter of type <project.model.Corso> in (CorsoDAO.java:0)
Method <project.dao.InsegnanteDAO.InserisciIns(project.model.Insegnante)> has parameter of type <project.model.Insegnante> in (InsegnanteDAO.java:0)
Method <project.dao.Quiz_Risp_ApeDAO.Quiz_Risp_Ape(project.model.Quiz_risp_ape)> has parameter of type <project.model.Quiz_risp_ape> in (Quiz_Risp_ApeDAO.java:0)
Method <project.dao.Quiz_risp_MulDAO.Quiz_Risp_Multi(project.model.Quiz_risp_mul)> has parameter of type <project.model.Quiz_risp_mul> in (Quiz_risp_MulDAO.java:0)
Method <project.dao.Quiz_svoltiDAO.salvaRispMulti(project.model.Quiz_svolti)> has parameter of type <project.model.Quiz_svolti> in (Quiz_svoltiDAO.java:0)
Method <project.dao.Quiz_svoltiDAO.salvaRispostaApe(project.model.Quiz_svolti)> has parameter of type <project.model.Quiz_svolti> in (Quiz_svoltiDAO.java:0)
Method <project.dao.StudenteDAO.InserisciStud(project.model.Studente)> has parameter of type <project.model.Studente> in (StudenteDAO.java:0)
Method <project.dao.TestDAO.InserisciTest(project.model.Test)> has parameter of type <project.model.Test> in (TestDAO.java:0)
Method <project.implementazioneDao.ImpCorsoDao.InserisciCorso(project.model.Corso)> calls method <project.model.Corso.getCod_corso()> in (ImpCorsoDao.java:36)
Method <project.implementazioneDao.ImpCorsoDao.InserisciCorso(project.model.Corso)> calls method <project.model.Corso.getD_fin()> in (ImpCorsoDao.java:46)
Method <project.implementazioneDao.ImpCorsoDao.InserisciCorso(project.model.Corso)> calls method <project.model.Corso.getD_ini()> in (ImpCorsoDao.java:43)
Method <project.implementazioneDao.ImpCorsoDao.InserisciCorso(project.model.Corso)> calls method <project.model.Corso.getId_ins()> in (ImpCorsoDao.java:38)
Method <project.implementazioneDao.ImpCorsoDao.InserisciCorso(project.model.Corso)> calls method <project.model.Corso.getNome()> in (ImpCorsoDao.java:37)
Method <project.implementazioneDao.ImpCorsoDao.InserisciCorso(project.model.Corso)> has parameter of type <project.model.Corso> in (ImpCorsoDao.java:0)
Method <project.implementazioneDao.ImpInsegnanteDao.InserisciIns(project.model.Insegnante)> calls method <project.model.Insegnante.getCognome()> in (ImpInsegnanteDao.java:36)
Method <project.implementazioneDao.ImpInsegnanteDao.InserisciIns(project.model.Insegnante)> calls method <project.model.Insegnante.getLogin()> in (ImpInsegnanteDao.java:36)
Method <project.implementazioneDao.ImpInsegnanteDao.InserisciIns(project.model.Insegnante)> calls method <project.model.Insegnante.getMatricola_Ins()> in (ImpInsegnanteDao.java:36)
Method <project.implementazioneDao.ImpInsegnanteDao.InserisciIns(project.model.Insegnante)> calls method <project.model.Insegnante.getNome()> in (ImpInsegnanteDao.java:36)
Method <project.implementazioneDao.ImpInsegnanteDao.InserisciIns(project.model.Insegnante)> calls method <project.model.Insegnante.getPassword()> in (ImpInsegnanteDao.java:36)
Method <project.implementazioneDao.ImpInsegnanteDao.InserisciIns(project.model.Insegnante)> has parameter of type <project.model.Insegnante> in (ImpInsegnanteDao.java:0)
Method <project.implementazioneDao.ImpQuiz_Risp_ApeDao.Quiz_Risp_Ape(project.model.Quiz_risp_ape)> calls method <project.model.Quiz_risp_ape.getDomanda()> in (ImpQuiz_Risp_ApeDao.java:41)
Method <project.implementazioneDao.ImpQuiz_Risp_ApeDao.Quiz_Risp_Ape(project.model.Quiz_risp_ape)> calls method <project.model.Quiz_risp_ape.getId_quiz()> in (ImpQuiz_Risp_ApeDao.java:40)
Method <project.implementazioneDao.ImpQuiz_Risp_ApeDao.Quiz_Risp_Ape(project.model.Quiz_risp_ape)> calls method <project.model.Quiz_risp_ape.getId_test()> in (ImpQuiz_Risp_ApeDao.java:45)
Method <project.implementazioneDao.ImpQuiz_Risp_ApeDao.Quiz_Risp_Ape(project.model.Quiz_risp_ape)> calls method <project.model.Quiz_risp_ape.getMax_lenght()> in (ImpQuiz_Risp_ApeDao.java:42)
Method <project.implementazioneDao.ImpQuiz_Risp_ApeDao.Quiz_Risp_Ape(project.model.Quiz_risp_ape)> calls method <project.model.Quiz_risp_ape.getPunt_max()> in (ImpQuiz_Risp_ApeDao.java:43)
Method <project.implementazioneDao.ImpQuiz_Risp_ApeDao.Quiz_Risp_Ape(project.model.Quiz_risp_ape)> calls method <project.model.Quiz_risp_ape.getPunt_min()> in (ImpQuiz_Risp_ApeDao.java:44)
Method <project.implementazioneDao.ImpQuiz_Risp_ApeDao.Quiz_Risp_Ape(project.model.Quiz_risp_ape)> has parameter of type <project.model.Quiz_risp_ape> in (ImpQuiz_Risp_ApeDao.java:0)
Method <project.implementazioneDao.ImpQuiz_Risp_MulDao.Quiz_Risp_Multi(project.model.Quiz_risp_mul)> calls method <project.model.Quiz_risp_mul.getA()> in (ImpQuiz_Risp_MulDao.java:42)
Method <project.implementazioneDao.ImpQuiz_Risp_MulDao.Quiz_Risp_Multi(project.model.Quiz_risp_mul)> calls method <project.model.Quiz_risp_mul.getB()> in (ImpQuiz_Risp_MulDao.java:43)
Method <project.implementazioneDao.ImpQuiz_Risp_MulDao.Quiz_Risp_Multi(project.model.Quiz_risp_mul)> calls method <project.model.Quiz_risp_mul.getC()> in (ImpQuiz_Risp_MulDao.java:44)
Method <project.implementazioneDao.ImpQuiz_Risp_MulDao.Quiz_Risp_Multi(project.model.Quiz_risp_mul)> calls method <project.model.Quiz_risp_mul.getD()> in (ImpQuiz_Risp_MulDao.java:45)
Method <project.implementazioneDao.ImpQuiz_Risp_MulDao.Quiz_Risp_Multi(project.model.Quiz_risp_mul)> calls method <project.model.Quiz_risp_mul.getDomanda()> in (ImpQuiz_Risp_MulDao.java:41)
Method <project.implementazioneDao.ImpQuiz_Risp_MulDao.Quiz_Risp_Multi(project.model.Quiz_risp_mul)> calls method <project.model.Quiz_risp_mul.getId_quiz()> in (ImpQuiz_Risp_MulDao.java:40)
Method <project.implementazioneDao.ImpQuiz_Risp_MulDao.Quiz_Risp_Multi(project.model.Quiz_risp_mul)> calls method <project.model.Quiz_risp_mul.getId_test()> in (ImpQuiz_Risp_MulDao.java:49)
Method <project.implementazioneDao.ImpQuiz_Risp_MulDao.Quiz_Risp_Multi(project.model.Quiz_risp_mul)> calls method <project.model.Quiz_risp_mul.getPunt_c()> in (ImpQuiz_Risp_MulDao.java:47)
Method <project.implementazioneDao.ImpQuiz_Risp_MulDao.Quiz_Risp_Multi(project.model.Quiz_risp_mul)> calls method <project.model.Quiz_risp_mul.getPunt_e()> in (ImpQuiz_Risp_MulDao.java:48)
Method <project.implementazioneDao.ImpQuiz_Risp_MulDao.Quiz_Risp_Multi(project.model.Quiz_risp_mul)> calls method <project.model.Quiz_risp_mul.getRispo_corr()> in (ImpQuiz_Risp_MulDao.java:46)
Method <project.implementazioneDao.ImpQuiz_Risp_MulDao.Quiz_Risp_Multi(project.model.Quiz_risp_mul)> has parameter of type <project.model.Quiz_risp_mul> in (ImpQuiz_Risp_MulDao.java:0)
Method <project.implementazioneDao.ImpQuiz_svoltiDao.salvaRispMulti(project.model.Quiz_svolti)> calls method <project.model.Quiz_svolti.getId_quiz()> in (ImpQuiz_svoltiDao.java:26)
Method <project.implementazioneDao.ImpQuiz_svoltiDao.salvaRispMulti(project.model.Quiz_svolti)> calls method <project.model.Quiz_svolti.getId_stud()> in (ImpQuiz_svoltiDao.java:25)
Method <project.implementazioneDao.ImpQuiz_svoltiDao.salvaRispMulti(project.model.Quiz_svolti)> calls method <project.model.Quiz_svolti.getNome_id()> in (ImpQuiz_svoltiDao.java:24)
Method <project.implementazioneDao.ImpQuiz_svoltiDao.salvaRispMulti(project.model.Quiz_svolti)> calls method <project.model.Quiz_svolti.getRispostaData()> in (ImpQuiz_svoltiDao.java:27)
Method <project.implementazioneDao.ImpQuiz_svoltiDao.salvaRispMulti(project.model.Quiz_svolti)> has parameter of type <project.model.Quiz_svolti> in (ImpQuiz_svoltiDao.java:0)
Method <project.implementazioneDao.ImpQuiz_svoltiDao.salvaRispostaApe(project.model.Quiz_svolti)> calls method <project.model.Quiz_svolti.getId_quiz()> in (ImpQuiz_svoltiDao.java:53)
Method <project.implementazioneDao.ImpQuiz_svoltiDao.salvaRispostaApe(project.model.Quiz_svolti)> calls method <project.model.Quiz_svolti.getId_stud()> in (ImpQuiz_svoltiDao.java:52)
Method <project.implementazioneDao.ImpQuiz_svoltiDao.salvaRispostaApe(project.model.Quiz_svolti)> calls method <project.model.Quiz_svolti.getNome_id()> in (ImpQuiz_svoltiDao.java:51)
Method <project.implementazioneDao.ImpQuiz_svoltiDao.salvaRispostaApe(project.model.Quiz_svolti)> calls method <project.model.Quiz_svolti.getRispostaData()> in (ImpQuiz_svoltiDao.java:54)
Method <project.implementazioneDao.ImpQuiz_svoltiDao.salvaRispostaApe(project.model.Quiz_svolti)> has parameter of type <project.model.Quiz_svolti> in (ImpQuiz_svoltiDao.java:0)
Method <project.implementazioneDao.ImpStudenteDao.InserisciStud(project.model.Studente)> calls method <project.model.Studente.getCognome()> in (ImpStudenteDao.java:36)
Method <project.implementazioneDao.ImpStudenteDao.InserisciStud(project.model.Studente)> calls method <project.model.Studente.getLogin()> in (ImpStudenteDao.java:36)
Method <project.implementazioneDao.ImpStudenteDao.InserisciStud(project.model.Studente)> calls method <project.model.Studente.getMatricola_Stud()> in (ImpStudenteDao.java:36)
Method <project.implementazioneDao.ImpStudenteDao.InserisciStud(project.model.Studente)> calls method <project.model.Studente.getNome()> in (ImpStudenteDao.java:36)
Method <project.implementazioneDao.ImpStudenteDao.InserisciStud(project.model.Studente)> calls method <project.model.Studente.getPassword()> in (ImpStudenteDao.java:36)
Method <project.implementazioneDao.ImpStudenteDao.InserisciStud(project.model.Studente)> has parameter of type <project.model.Studente> in (ImpStudenteDao.java:0)
Method <project.implementazioneDao.ImpTestDao.InserisciTest(project.model.Test)> calls method <project.model.Test.getCod_corso()> in (ImpTestDao.java:34)
Method <project.implementazioneDao.ImpTestDao.InserisciTest(project.model.Test)> calls method <project.model.Test.getData()> in (ImpTestDao.java:34)
Method <project.implementazioneDao.ImpTestDao.InserisciTest(project.model.Test)> calls method <project.model.Test.getId_ins()> in (ImpTestDao.java:34)
Method <project.implementazioneDao.ImpTestDao.InserisciTest(project.model.Test)> calls method <project.model.Test.getN_quiz()> in (ImpTestDao.java:34)
Method <project.implementazioneDao.ImpTestDao.InserisciTest(project.model.Test)> calls method <project.model.Test.getNome_id()> in (ImpTestDao.java:34)
Method <project.implementazioneDao.ImpTestDao.InserisciTest(project.model.Test)> calls method <project.model.Test.getOra_fine()> in (ImpTestDao.java:34)
Method <project.implementazioneDao.ImpTestDao.InserisciTest(project.model.Test)> calls method <project.model.Test.getOra_inizio()> in (ImpTestDao.java:34)
Method <project.implementazioneDao.ImpTestDao.InserisciTest(project.model.Test)> has parameter of type <project.model.Test> in (ImpTestDao.java:0)
	at com.tngtech.archunit.lang.ArchRule$Assertions.assertNoViolation(ArchRule.java:94)
	at com.tngtech.archunit.lang.ArchRule$Assertions.check(ArchRule.java:82)
	at com.tngtech.archunit.library.Architectures$LayeredArchitecture.check(Architectures.java:291)
	at com.tngtech.archunit.junit.ArchRuleExecution.evaluateOn(ArchRuleExecution.java:43)
	at com.tngtech.archunit.junit.ArchUnitRunner.runChild(ArchUnitRunner.java:154)
	at com.tngtech.archunit.junit.ArchUnitRunner.runChild(ArchUnitRunner.java:63)
	at org.junit.runners.ParentRunner$3.run(ParentRunner.java:238)
	at org.junit.runners.ParentRunner$1.schedule(ParentRunner.java:63)
	at org.junit.runners.ParentRunner.runChildren(ParentRunner.java:236)
	at org.junit.runners.ParentRunner.access$000(ParentRunner.java:53)
	at org.junit.runners.ParentRunner$2.evaluate(ParentRunner.java:229)
	at com.tngtech.archunit.junit.ArchUnitRunner$1.evaluate(ArchUnitRunner.java:88)
	at org.junit.runners.ParentRunner.run(ParentRunner.java:309)
	at org.apache.maven.surefire.junit4.JUnit4Provider.execute(JUnit4Provider.java:283)
	at org.apache.maven.surefire.junit4.JUnit4Provider.executeWithRerun(JUnit4Provider.java:173)
	at org.apache.maven.surefire.junit4.JUnit4Provider.executeTestSet(JUnit4Provider.java:153)
	at org.apache.maven.surefire.junit4.JUnit4Provider.invoke(JUnit4Provider.java:128)
	at org.apache.maven.surefire.booter.ForkedBooter.invokeProviderInSameClassLoader(ForkedBooter.java:203)
	at org.apache.maven.surefire.booter.ForkedBooter.runSuitesInProcess(ForkedBooter.java:155)
	at org.apache.maven.surefire.booter.ForkedBooter.main(ForkedBooter.java:103)

