-------------------------------------------------------------------------------
Test set: project.arch.LayeredArchitectureTest
-------------------------------------------------------------------------------
Tests run: 1, Failures: 1, Errors: 0, Skipped: 0, Time elapsed: 0.084 sec <<< FAILURE! - in project.arch.LayeredArchitectureTest
layer_dependencies_are_respected(project.arch.LayeredArchitectureTest)  Time elapsed: 0.084 sec  <<< FAILURE!
java.lang.AssertionError: Architecture Violation [Priority: MEDIUM] - Rule 'Layered architecture consisting of
layer 'Boundaries' ('project.Gui..')
layer 'Controls' ('project.Controller..')
layer 'Entities' ('project.Classi..')
layer 'Database' ('project.ImplementazioniDAO..')
where layer 'Boundaries' may not be accessed by any layer
where layer 'Controls' may only be accessed by layers ['Boundaries']
where layer 'Entities' may only be accessed by layers ['Controls']
where layer 'Database' may only be accessed by layers ['Controls']' was violated (239 times):
Constructor <project.Controller.Controller.<init>()> calls constructor <project.Gui.CreaContatto.<init>(project.Controller.Controller)> in (Controller.java:37)
Constructor <project.Controller.Controller.<init>()> calls constructor <project.Gui.Homepage.<init>(project.Controller.Controller)> in (Controller.java:36)
Constructor <project.Controller.Controller.<init>()> calls constructor <project.Gui.RicercaContatti.<init>(project.Controller.Controller)> in (Controller.java:39)
Constructor <project.Controller.Controller.<init>()> calls constructor <project.Gui.SchedaInfoContatto.<init>(project.Controller.Controller)> in (Controller.java:38)
Constructor <project.Controller.Controller.<init>()> calls method <project.Gui.Homepage.setVisible(boolean)> in (Controller.java:41)
Constructor <project.Gui.CreaContatto.<init>(project.Controller.Controller)> calls constructor <project.Classi.Messaging.<init>()> in (CreaContatto.java:67)
Constructor <project.Gui.CreaContatto.<init>(project.Controller.Controller)> calls constructor <project.Classi.Messaging.<init>()> in (CreaContatto.java:68)
Constructor <project.Gui.MessagingGUI.<init>(project.Controller.Controller)> calls constructor <project.Classi.Messaging.<init>()> in (MessagingGUI.java:32)
Constructor <project.Gui.MessagingGUI.<init>(project.Controller.Controller)> calls constructor <project.ImplementazioniDAO.MessagingPostgreSQL.<init>()> in (MessagingGUI.java:33)
Constructor <project.Gui.RicercaContatti.<init>(project.Controller.Controller)> calls constructor <project.ImplementazioniDAO.RicercaContattoPostgreSQL.<init>()> in (RicercaContatti.java:36)
Constructor <project.Gui.SchedaInfoContatto.<init>(project.Controller.Controller)> calls constructor <project.Classi.Contatti.<init>()> in (SchedaInfoContatto.java:75)
Constructor <project.Gui.SchedaInfoContatto.<init>(project.Controller.Controller)> calls constructor <project.Classi.Messaging.<init>()> in (SchedaInfoContatto.java:74)
Constructor <project.Gui.SchedaInfoContatto.<init>(project.Controller.Controller)> calls constructor <project.ImplementazioniDAO.ContattoPostgreSQL.<init>()> in (SchedaInfoContatto.java:78)
Constructor <project.Gui.SchedaInfoContatto.<init>(project.Controller.Controller)> calls constructor <project.ImplementazioniDAO.MessagingPostgreSQL.<init>()> in (SchedaInfoContatto.java:80)
Constructor <project.Gui.SchedaInfoContatto.<init>(project.Controller.Controller)> calls constructor <project.ImplementazioniDAO.PartecipazionePostgreSQL.<init>()> in (SchedaInfoContatto.java:79)
Field <project.Controller.Controller.creaContatto> has type <project.Gui.CreaContatto> in (Controller.java:0)
Field <project.Controller.Controller.homepage> has type <project.Gui.Homepage> in (Controller.java:0)
Field <project.Controller.Controller.messagingGUI> has type <project.Gui.MessagingGUI> in (Controller.java:0)
Field <project.Controller.Controller.reindirizzamento> has type <project.Gui.Reindirizzamento> in (Controller.java:0)
Field <project.Controller.Controller.ricercaContatti> has type <project.Gui.RicercaContatti> in (Controller.java:0)
Field <project.Controller.Controller.schedaInfoContatto> has type <project.Gui.SchedaInfoContatto> in (Controller.java:0)
Field <project.Gui.CreaContatto.contatto> has type <project.Classi.Contatti> in (CreaContatto.java:0)
Field <project.Gui.CreaContatto.insContatti> has generic type <java.util.ArrayList<project.Classi.Contatti>> with type argument depending on <project.Classi.Contatti> in (CreaContatto.java:0)
Field <project.Gui.CreaContatto.insContattiCopia> has generic type <java.util.ArrayList<project.Classi.Contatti>> with type argument depending on <project.Classi.Contatti> in (CreaContatto.java:0)
Field <project.Gui.CreaContatto.telegram> has type <project.Classi.Messaging> in (CreaContatto.java:0)
Field <project.Gui.CreaContatto.whatsApp> has type <project.Classi.Messaging> in (CreaContatto.java:0)
Field <project.Gui.Homepage.contattiDB> has generic type <java.util.ArrayList<project.Classi.Contatti>> with type argument depending on <project.Classi.Contatti> in (Homepage.java:0)
Field <project.Gui.MessagingGUI.messaging> has type <project.Classi.Messaging> in (MessagingGUI.java:0)
Field <project.Gui.RicercaContatti.contattiInfo> has generic type <java.util.ArrayList<project.Classi.Contatti>> with type argument depending on <project.Classi.Contatti> in (RicercaContatti.java:0)
Field <project.Gui.SchedaInfoContatto.contatto> has type <project.Classi.Contatti> in (SchedaInfoContatto.java:0)
Field <project.Gui.SchedaInfoContatto.messaging> has type <project.Classi.Messaging> in (SchedaInfoContatto.java:0)
Field <project.ImplementazioniDAO.ContattoPostgreSQL.contattiDB> has generic type <java.util.ArrayList<project.Classi.Contatti>> with type argument depending on <project.Classi.Contatti> in (ContattoPostgreSQL.java:0)
Field <project.ImplementazioniDAO.RicercaContattoPostgreSQL.contattiInfo> has generic type <java.util.ArrayList<project.Classi.Contatti>> with type argument depending on <project.Classi.Contatti> in (RicercaContattoPostgreSQL.java:0)
Method <project.Controller.Controller.PopupProviderOttenimentoInfo(project.Classi.Messaging)> calls constructor <project.Gui.MessagingGUI.<init>(project.Controller.Controller)> in (Controller.java:105)
Method <project.Controller.Controller.PopupProviderOttenimentoInfo(project.Classi.Messaging)> calls method <project.Gui.MessagingGUI.ottenimentoInfo(project.Classi.Messaging)> in (Controller.java:107)
Method <project.Controller.Controller.getCreaContatto()> has return type <project.Gui.CreaContatto> in (Controller.java:0)
Method <project.Controller.Controller.getHomepage()> has return type <project.Gui.Homepage> in (Controller.java:0)
Method <project.Controller.Controller.getMessagingGUI()> has return type <project.Gui.MessagingGUI> in (Controller.java:0)
Method <project.Controller.Controller.getRicercaContatti()> has return type <project.Gui.RicercaContatti> in (Controller.java:0)
Method <project.Controller.Controller.getSchedaInfoContatto()> has return type <project.Gui.SchedaInfoContatto> in (Controller.java:0)
Method <project.Controller.Controller.newCreaContatto()> calls constructor <project.Gui.CreaContatto.<init>(project.Controller.Controller)> in (Controller.java:51)
Method <project.Controller.Controller.newRicercaContatti()> calls constructor <project.Gui.RicercaContatti.<init>(project.Controller.Controller)> in (Controller.java:61)
Method <project.Controller.Controller.newSchedaInfoContatto()> calls constructor <project.Gui.SchedaInfoContatto.<init>(project.Controller.Controller)> in (Controller.java:56)
Method <project.Controller.Controller.popupProviderInserimentoInfo(project.Classi.Messaging)> calls constructor <project.Gui.MessagingGUI.<init>(project.Controller.Controller)> in (Controller.java:99)
Method <project.Controller.Controller.popupProviderInserimentoInfo(project.Classi.Messaging)> calls method <project.Gui.MessagingGUI.inserimentoInfo(project.Classi.Messaging)> in (Controller.java:100)
Method <project.Controller.Controller.popupReindirizzamentoCellulare(int)> calls constructor <project.Gui.Reindirizzamento.<init>(project.Controller.Controller)> in (Controller.java:111)
Method <project.Controller.Controller.popupReindirizzamentoCellulare(int)> calls method <project.Gui.Reindirizzamento.chiamataCellulare(int)> in (Controller.java:112)
Method <project.Controller.Controller.popupReindirizzamentoFisso(int)> calls constructor <project.Gui.Reindirizzamento.<init>(project.Controller.Controller)> in (Controller.java:115)
Method <project.Controller.Controller.popupReindirizzamentoFisso(int)> calls method <project.Gui.Reindirizzamento.chiamataFisso(int)> in (Controller.java:116)
Method <project.Controller.Controller.setCreaContatto(project.Gui.CreaContatto)> has parameter of type <project.Gui.CreaContatto> in (Controller.java:0)
Method <project.Controller.Controller.setHomepage(project.Gui.Homepage)> has parameter of type <project.Gui.Homepage> in (Controller.java:0)
Method <project.Controller.Controller.setJScrollPaneCenter()> calls method <project.Gui.Homepage.getBorderLayoutBase()> in (Controller.java:70)
Method <project.Controller.Controller.setJScrollPaneCenter()> calls method <project.Gui.Homepage.getBorderLayoutBase()> in (Controller.java:71)
Method <project.Controller.Controller.setJScrollPaneCenter()> calls method <project.Gui.Homepage.getBorderLayoutBase()> in (Controller.java:72)
Method <project.Controller.Controller.setJScrollPaneCenter()> calls method <project.Gui.Homepage.getBorderLayoutBase()> in (Controller.java:73)
Method <project.Controller.Controller.setJScrollPaneCenter()> calls method <project.Gui.Homepage.getJScrollBarListaContatti()> in (Controller.java:70)
Method <project.Controller.Controller.setJScrollPaneCenter()> calls method <project.Gui.Homepage.getJScrollBarListaContatti()> in (Controller.java:71)
Method <project.Controller.Controller.setJScrollPaneNorth()> calls method <project.Gui.Homepage.getBorderLayoutBase()> in (Controller.java:64)
Method <project.Controller.Controller.setJScrollPaneNorth()> calls method <project.Gui.Homepage.getBorderLayoutBase()> in (Controller.java:65)
Method <project.Controller.Controller.setJScrollPaneNorth()> calls method <project.Gui.Homepage.getBorderLayoutBase()> in (Controller.java:66)
Method <project.Controller.Controller.setJScrollPaneNorth()> calls method <project.Gui.Homepage.getBorderLayoutBase()> in (Controller.java:67)
Method <project.Controller.Controller.setJScrollPaneNorth()> calls method <project.Gui.Homepage.getJScrollBarListaContatti()> in (Controller.java:64)
Method <project.Controller.Controller.setJScrollPaneNorth()> calls method <project.Gui.Homepage.getJScrollBarListaContatti()> in (Controller.java:65)
Method <project.Controller.Controller.setMessagingGUI(project.Gui.MessagingGUI)> has parameter of type <project.Gui.MessagingGUI> in (Controller.java:0)
Method <project.Controller.Controller.setRicercaContatti(project.Gui.RicercaContatti)> has parameter of type <project.Gui.RicercaContatti> in (Controller.java:0)
Method <project.Controller.Controller.setSchedaInfoContatto(project.Gui.SchedaInfoContatto)> has parameter of type <project.Gui.SchedaInfoContatto> in (Controller.java:0)
Method <project.Controller.Controller.switchJPanelInView(javax.swing.JPanel)> calls method <project.Gui.Homepage.getJScrollBarListaContatti()> in (Controller.java:76)
Method <project.DAO.AggiornamentoContattoDAO.aggiornaContatto(project.Classi.Contatti, project.Classi.Contatti, java.util.ArrayList, java.util.ArrayList, java.util.ArrayList, java.util.ArrayList)> has parameter of type <project.Classi.Contatti> in (AggiornamentoContattoDAO.java:0)
Method <project.DAO.ContattoDAO.cercaInfoContatti(int, java.util.ArrayList, java.util.ArrayList)> has return type <project.Classi.Contatti> in (ContattoDAO.java:0)
Method <project.DAO.ContattoDAO.estraiCellulareFisso(int)> has return type <project.Classi.Contatti> in (ContattoDAO.java:0)
Method <project.DAO.ContattoDAO.stampaContatti()> has generic return type <java.util.ArrayList<project.Classi.Contatti>> with type argument depending on <project.Classi.Contatti> in (ContattoDAO.java:0)
Method <project.DAO.MessagingDAO.inserimentoAccountMessaging(int, int, project.Classi.Messaging)> has parameter of type <project.Classi.Messaging> in (MessagingDAO.java:0)
Method <project.DAO.MessagingDAO.ricercaProvider(int, java.lang.String)> has return type <project.Classi.Messaging> in (MessagingDAO.java:0)
Method <project.DAO.RicercaContattoDAO.ricercaCellulare(java.lang.String)> has generic return type <java.util.ArrayList<project.Classi.Contatti>> with type argument depending on <project.Classi.Contatti> in (RicercaContattoDAO.java:0)
Method <project.DAO.RicercaContattoDAO.ricercaEmail(java.lang.String)> has generic return type <java.util.ArrayList<project.Classi.Contatti>> with type argument depending on <project.Classi.Contatti> in (RicercaContattoDAO.java:0)
Method <project.DAO.RicercaContattoDAO.ricercaNickname(java.lang.String)> has generic return type <java.util.ArrayList<project.Classi.Contatti>> with type argument depending on <project.Classi.Contatti> in (RicercaContattoDAO.java:0)
Method <project.DAO.RicercaContattoDAO.ricercaNome(java.lang.String)> has generic return type <java.util.ArrayList<project.Classi.Contatti>> with type argument depending on <project.Classi.Contatti> in (RicercaContattoDAO.java:0)
Method <project.Gui.CreaContatto$8.mouseClicked(java.awt.event.MouseEvent)> calls method <project.Classi.Messaging.setProviderMessaggi(java.lang.String)> in (CreaContatto.java:376)
Method <project.Gui.CreaContatto$9.mouseClicked(java.awt.event.MouseEvent)> calls method <project.Classi.Messaging.setProviderMessaggi(java.lang.String)> in (CreaContatto.java:410)
Method <project.Gui.CreaContatto.funzionalitaTasti()> calls constructor <project.ImplementazioniDAO.GruppoPostgreSQL.<init>()> in (CreaContatto.java:168)
Method <project.Gui.CreaContatto.getInsContatti()> has generic return type <java.util.ArrayList<project.Classi.Contatti>> with type argument depending on <project.Classi.Contatti> in (CreaContatto.java:0)
Method <project.Gui.CreaContatto.getInsContattiCopia()> has generic return type <java.util.ArrayList<project.Classi.Contatti>> with type argument depending on <project.Classi.Contatti> in (CreaContatto.java:0)
Method <project.Gui.CreaContatto.inserimentoContattoDatabase()> calls constructor <project.Classi.Contatti.<init>()> in (CreaContatto.java:518)
Method <project.Gui.CreaContatto.inserimentoContattoDatabase()> calls constructor <project.ImplementazioniDAO.ContattoPostgreSQL.<init>()> in (CreaContatto.java:509)
Method <project.Gui.CreaContatto.inserimentoContattoDatabase()> calls constructor <project.ImplementazioniDAO.EmailPostgreSQL.<init>()> in (CreaContatto.java:512)
Method <project.Gui.CreaContatto.inserimentoContattoDatabase()> calls constructor <project.ImplementazioniDAO.EmailSecondarioPostgreSQL.<init>()> in (CreaContatto.java:514)
Method <project.Gui.CreaContatto.inserimentoContattoDatabase()> calls constructor <project.ImplementazioniDAO.IndirizzoPrincipalePostgreSQL.<init>()> in (CreaContatto.java:513)
Method <project.Gui.CreaContatto.inserimentoContattoDatabase()> calls constructor <project.ImplementazioniDAO.IndirizzoSecondarioPostgreSQL.<init>()> in (CreaContatto.java:515)
Method <project.Gui.CreaContatto.inserimentoContattoDatabase()> calls constructor <project.ImplementazioniDAO.MessagingPostgreSQL.<init>()> in (CreaContatto.java:517)
Method <project.Gui.CreaContatto.inserimentoContattoDatabase()> calls constructor <project.ImplementazioniDAO.NumeroCellularePostgreSQL.<init>()> in (CreaContatto.java:510)
Method <project.Gui.CreaContatto.inserimentoContattoDatabase()> calls constructor <project.ImplementazioniDAO.NumeroFissoPostgreSQL.<init>()> in (CreaContatto.java:511)
Method <project.Gui.CreaContatto.inserimentoContattoDatabase()> calls constructor <project.ImplementazioniDAO.PartecipazionePostgreSQL.<init>()> in (CreaContatto.java:516)
Method <project.Gui.CreaContatto.inserimentoContattoDatabase()> calls method <project.Classi.Contatti.getCellulare()> in (CreaContatto.java:536)
Method <project.Gui.CreaContatto.inserimentoContattoDatabase()> calls method <project.Classi.Contatti.getCognome()> in (CreaContatto.java:535)
Method <project.Gui.CreaContatto.inserimentoContattoDatabase()> calls method <project.Classi.Contatti.getEmail()> in (CreaContatto.java:529)
Method <project.Gui.CreaContatto.inserimentoContattoDatabase()> calls method <project.Classi.Contatti.getEmail()> in (CreaContatto.java:538)
Method <project.Gui.CreaContatto.inserimentoContattoDatabase()> calls method <project.Classi.Contatti.getFisso()> in (CreaContatto.java:537)
Method <project.Gui.CreaContatto.inserimentoContattoDatabase()> calls method <project.Classi.Contatti.getFoto()> in (CreaContatto.java:535)
Method <project.Gui.CreaContatto.inserimentoContattoDatabase()> calls method <project.Classi.Contatti.getIndirizzo()> in (CreaContatto.java:539)
Method <project.Gui.CreaContatto.inserimentoContattoDatabase()> calls method <project.Classi.Contatti.getNome()> in (CreaContatto.java:535)
Method <project.Gui.CreaContatto.inserimentoContattoDatabase()> calls method <project.Classi.Contatti.getNomeGruppo()> in (CreaContatto.java:542)
Method <project.Gui.CreaContatto.inserimentoContattoDatabase()> calls method <project.Classi.Contatti.setCellulare(java.lang.String)> in (CreaContatto.java:521)
Method <project.Gui.CreaContatto.inserimentoContattoDatabase()> calls method <project.Classi.Contatti.setCognome(java.lang.String)> in (CreaContatto.java:520)
Method <project.Gui.CreaContatto.inserimentoContattoDatabase()> calls method <project.Classi.Contatti.setEmail(java.lang.String)> in (CreaContatto.java:523)
Method <project.Gui.CreaContatto.inserimentoContattoDatabase()> calls method <project.Classi.Contatti.setFisso(java.lang.String)> in (CreaContatto.java:522)
Method <project.Gui.CreaContatto.inserimentoContattoDatabase()> calls method <project.Classi.Contatti.setFoto(java.lang.String)> in (CreaContatto.java:525)
Method <project.Gui.CreaContatto.inserimentoContattoDatabase()> calls method <project.Classi.Contatti.setIndirizzo(java.lang.String)> in (CreaContatto.java:524)
Method <project.Gui.CreaContatto.inserimentoContattoDatabase()> calls method <project.Classi.Contatti.setNome(java.lang.String)> in (CreaContatto.java:519)
Method <project.Gui.CreaContatto.inserimentoContattoDatabase()> calls method <project.Classi.Contatti.setNomeGruppo(java.lang.String)> in (CreaContatto.java:526)
Method <project.Gui.CreaContatto.setInsContatti(java.util.ArrayList)> has generic parameter type <java.util.ArrayList<project.Classi.Contatti>> with type argument depending on <project.Classi.Contatti> in (CreaContatto.java:0)
Method <project.Gui.CreaContatto.setInsContattiCopia(java.util.ArrayList)> has generic parameter type <java.util.ArrayList<project.Classi.Contatti>> with type argument depending on <project.Classi.Contatti> in (CreaContatto.java:0)
Method <project.Gui.Homepage.getContattiDB()> has generic return type <java.util.ArrayList<project.Classi.Contatti>> with type argument depending on <project.Classi.Contatti> in (Homepage.java:0)
Method <project.Gui.Homepage.setContattiDB(java.util.ArrayList)> has generic parameter type <java.util.ArrayList<project.Classi.Contatti>> with type argument depending on <project.Classi.Contatti> in (Homepage.java:0)
Method <project.Gui.Homepage.stampaContatti()> calls constructor <project.ImplementazioniDAO.ContattoPostgreSQL.<init>()> in (Homepage.java:158)
Method <project.Gui.Homepage.stampaContatti()> calls method <project.Classi.Contatti.getCognome()> in (Homepage.java:166)
Method <project.Gui.Homepage.stampaContatti()> calls method <project.Classi.Contatti.getId()> in (Homepage.java:167)
Method <project.Gui.Homepage.stampaContatti()> calls method <project.Classi.Contatti.getNome()> in (Homepage.java:166)
Method <project.Gui.MessagingGUI.inserimentoInfo(project.Classi.Messaging)> calls method <project.Classi.Messaging.getProviderMessaggi()> in (MessagingGUI.java:122)
Method <project.Gui.MessagingGUI.inserimentoInfo(project.Classi.Messaging)> calls method <project.Classi.Messaging.setMessaggioBenvenuto(java.lang.String)> in (MessagingGUI.java:139)
Method <project.Gui.MessagingGUI.inserimentoInfo(project.Classi.Messaging)> calls method <project.Classi.Messaging.setNickname(java.lang.String)> in (MessagingGUI.java:138)
Method <project.Gui.MessagingGUI.inserimentoInfo(project.Classi.Messaging)> has parameter of type <project.Classi.Messaging> in (MessagingGUI.java:0)
Method <project.Gui.MessagingGUI.inserimentoInfo(project.Classi.Messaging)> has return type <project.Classi.Messaging> in (MessagingGUI.java:0)
Method <project.Gui.MessagingGUI.ottenimentoInfo(project.Classi.Messaging)> calls method <project.Classi.Messaging.getEmail()> in (MessagingGUI.java:93)
Method <project.Gui.MessagingGUI.ottenimentoInfo(project.Classi.Messaging)> calls method <project.Classi.Messaging.getMessaggioBenvenuto()> in (MessagingGUI.java:94)
Method <project.Gui.MessagingGUI.ottenimentoInfo(project.Classi.Messaging)> calls method <project.Classi.Messaging.getNickname()> in (MessagingGUI.java:92)
Method <project.Gui.MessagingGUI.ottenimentoInfo(project.Classi.Messaging)> calls method <project.Classi.Messaging.getProviderMessaggi()> in (MessagingGUI.java:96)
Method <project.Gui.MessagingGUI.ottenimentoInfo(project.Classi.Messaging)> has parameter of type <project.Classi.Messaging> in (MessagingGUI.java:0)
Method <project.Gui.Reindirizzamento.chiamataCellulare(int)> calls constructor <project.Classi.Contatti.<init>()> in (Reindirizzamento.java:81)
Method <project.Gui.Reindirizzamento.chiamataCellulare(int)> calls constructor <project.ImplementazioniDAO.ContattoPostgreSQL.<init>()> in (Reindirizzamento.java:80)
Method <project.Gui.Reindirizzamento.chiamataCellulare(int)> calls method <project.Classi.Contatti.getCellulare()> in (Reindirizzamento.java:85)
Method <project.Gui.Reindirizzamento.chiamataCellulare(int)> calls method <project.Classi.Contatti.getFisso()> in (Reindirizzamento.java:86)
Method <project.Gui.Reindirizzamento.chiamataFisso(int)> calls constructor <project.Classi.Contatti.<init>()> in (Reindirizzamento.java:102)
Method <project.Gui.Reindirizzamento.chiamataFisso(int)> calls constructor <project.ImplementazioniDAO.ContattoPostgreSQL.<init>()> in (Reindirizzamento.java:101)
Method <project.Gui.Reindirizzamento.chiamataFisso(int)> calls method <project.Classi.Contatti.getCellulare()> in (Reindirizzamento.java:108)
Method <project.Gui.Reindirizzamento.chiamataFisso(int)> calls method <project.Classi.Contatti.getFisso()> in (Reindirizzamento.java:107)
Method <project.Gui.RicercaContatti.ricercaCampi(java.util.ArrayList)> calls method <project.Classi.Contatti.getCognome()> in (RicercaContatti.java:133)
Method <project.Gui.RicercaContatti.ricercaCampi(java.util.ArrayList)> calls method <project.Classi.Contatti.getCognome()> in (RicercaContatti.java:146)
Method <project.Gui.RicercaContatti.ricercaCampi(java.util.ArrayList)> calls method <project.Classi.Contatti.getId()> in (RicercaContatti.java:147)
Method <project.Gui.RicercaContatti.ricercaCampi(java.util.ArrayList)> calls method <project.Classi.Contatti.getNome()> in (RicercaContatti.java:133)
Method <project.Gui.RicercaContatti.ricercaCampi(java.util.ArrayList)> calls method <project.Classi.Contatti.getNome()> in (RicercaContatti.java:146)
Method <project.Gui.RicercaContatti.ricercaCampi(java.util.ArrayList)> has generic parameter type <java.util.ArrayList<project.Classi.Contatti>> with type argument depending on <project.Classi.Contatti> in (RicercaContatti.java:0)
Method <project.Gui.SchedaInfoContatto$1.actionPerformed(java.awt.event.ActionEvent)> calls method <project.Classi.Contatti.getId()> in (SchedaInfoContatto.java:108)
Method <project.Gui.SchedaInfoContatto$10.mouseClicked(java.awt.event.MouseEvent)> calls method <project.Classi.Contatti.getId()> in (SchedaInfoContatto.java:404)
Method <project.Gui.SchedaInfoContatto$5.mouseClicked(java.awt.event.MouseEvent)> calls method <project.Classi.Contatti.getId()> in (SchedaInfoContatto.java:213)
Method <project.Gui.SchedaInfoContatto$6.mouseClicked(java.awt.event.MouseEvent)> calls method <project.Classi.Contatti.getId()> in (SchedaInfoContatto.java:255)
Method <project.Gui.SchedaInfoContatto$7.mouseClicked(java.awt.event.MouseEvent)> calls method <project.Classi.Contatti.getId()> in (SchedaInfoContatto.java:293)
Method <project.Gui.SchedaInfoContatto$8.mouseClicked(java.awt.event.MouseEvent)> calls method <project.Classi.Contatti.getId()> in (SchedaInfoContatto.java:330)
Method <project.Gui.SchedaInfoContatto$9.mouseClicked(java.awt.event.MouseEvent)> calls method <project.Classi.Contatti.getId()> in (SchedaInfoContatto.java:369)
Method <project.Gui.SchedaInfoContatto.aggiornaGruppi()> calls method <project.Classi.Contatti.getId()> in (SchedaInfoContatto.java:490)
Method <project.Gui.SchedaInfoContatto.aggiornaGruppi()> calls method <project.Classi.Contatti.getId()> in (SchedaInfoContatto.java:499)
Method <project.Gui.SchedaInfoContatto.aggiornamentoContatto([Ljavax.swing.JTextField;, [Ljavax.swing.JTextField;)> calls constructor <project.Classi.Contatti.<init>()> in (SchedaInfoContatto.java:511)
Method <project.Gui.SchedaInfoContatto.aggiornamentoContatto([Ljavax.swing.JTextField;, [Ljavax.swing.JTextField;)> calls constructor <project.ImplementazioniDAO.AggiornamentoContattoPostgreSQL.<init>()> in (SchedaInfoContatto.java:510)
Method <project.Gui.SchedaInfoContatto.aggiornamentoContatto([Ljavax.swing.JTextField;, [Ljavax.swing.JTextField;)> calls method <project.Classi.Contatti.getFoto()> in (SchedaInfoContatto.java:521)
Method <project.Gui.SchedaInfoContatto.aggiornamentoContatto([Ljavax.swing.JTextField;, [Ljavax.swing.JTextField;)> calls method <project.Classi.Contatti.setCellulare(java.lang.String)> in (SchedaInfoContatto.java:515)
Method <project.Gui.SchedaInfoContatto.aggiornamentoContatto([Ljavax.swing.JTextField;, [Ljavax.swing.JTextField;)> calls method <project.Classi.Contatti.setCognome(java.lang.String)> in (SchedaInfoContatto.java:514)
Method <project.Gui.SchedaInfoContatto.aggiornamentoContatto([Ljavax.swing.JTextField;, [Ljavax.swing.JTextField;)> calls method <project.Classi.Contatti.setFisso(java.lang.String)> in (SchedaInfoContatto.java:516)
Method <project.Gui.SchedaInfoContatto.aggiornamentoContatto([Ljavax.swing.JTextField;, [Ljavax.swing.JTextField;)> calls method <project.Classi.Contatti.setFoto(java.lang.String)> in (SchedaInfoContatto.java:519)
Method <project.Gui.SchedaInfoContatto.aggiornamentoContatto([Ljavax.swing.JTextField;, [Ljavax.swing.JTextField;)> calls method <project.Classi.Contatti.setFoto(java.lang.String)> in (SchedaInfoContatto.java:521)
Method <project.Gui.SchedaInfoContatto.aggiornamentoContatto([Ljavax.swing.JTextField;, [Ljavax.swing.JTextField;)> calls method <project.Classi.Contatti.setIndirizzo(java.lang.String)> in (SchedaInfoContatto.java:517)
Method <project.Gui.SchedaInfoContatto.aggiornamentoContatto([Ljavax.swing.JTextField;, [Ljavax.swing.JTextField;)> calls method <project.Classi.Contatti.setNome(java.lang.String)> in (SchedaInfoContatto.java:513)
Method <project.Gui.SchedaInfoContatto.funzionalitaTasti()> calls constructor <project.ImplementazioniDAO.PartecipazionePostgreSQL.<init>()> in (SchedaInfoContatto.java:237)
Method <project.Gui.SchedaInfoContatto.riempimentoInfoContatto(int)> calls method <project.Classi.Contatti.getCellulare()> in (SchedaInfoContatto.java:446)
Method <project.Gui.SchedaInfoContatto.riempimentoInfoContatto(int)> calls method <project.Classi.Contatti.getCognome()> in (SchedaInfoContatto.java:445)
Method <project.Gui.SchedaInfoContatto.riempimentoInfoContatto(int)> calls method <project.Classi.Contatti.getFisso()> in (SchedaInfoContatto.java:447)
Method <project.Gui.SchedaInfoContatto.riempimentoInfoContatto(int)> calls method <project.Classi.Contatti.getFoto()> in (SchedaInfoContatto.java:465)
Method <project.Gui.SchedaInfoContatto.riempimentoInfoContatto(int)> calls method <project.Classi.Contatti.getFoto()> in (SchedaInfoContatto.java:466)
Method <project.Gui.SchedaInfoContatto.riempimentoInfoContatto(int)> calls method <project.Classi.Contatti.getId()> in (SchedaInfoContatto.java:443)
Method <project.Gui.SchedaInfoContatto.riempimentoInfoContatto(int)> calls method <project.Classi.Contatti.getId()> in (SchedaInfoContatto.java:457)
Method <project.Gui.SchedaInfoContatto.riempimentoInfoContatto(int)> calls method <project.Classi.Contatti.getIndirizzo()> in (SchedaInfoContatto.java:448)
Method <project.Gui.SchedaInfoContatto.riempimentoInfoContatto(int)> calls method <project.Classi.Contatti.getNome()> in (SchedaInfoContatto.java:444)
Method <project.Gui.SchedaInfoContatto.riempimentoInfoContatto(int)> calls method <project.Classi.Contatti.setId(int)> in (SchedaInfoContatto.java:438)
Method <project.ImplementazioniDAO.AggiornamentoContattoPostgreSQL.aggiornaContatto(project.Classi.Contatti, project.Classi.Contatti, java.util.ArrayList, java.util.ArrayList, java.util.ArrayList, java.util.ArrayList)> calls method <project.Classi.Contatti.getCellulare()> in (AggiornamentoContattoPostgreSQL.java:33)
Method <project.ImplementazioniDAO.AggiornamentoContattoPostgreSQL.aggiornaContatto(project.Classi.Contatti, project.Classi.Contatti, java.util.ArrayList, java.util.ArrayList, java.util.ArrayList, java.util.ArrayList)> calls method <project.Classi.Contatti.getCognome()> in (AggiornamentoContattoPostgreSQL.java:31)
Method <project.ImplementazioniDAO.AggiornamentoContattoPostgreSQL.aggiornaContatto(project.Classi.Contatti, project.Classi.Contatti, java.util.ArrayList, java.util.ArrayList, java.util.ArrayList, java.util.ArrayList)> calls method <project.Classi.Contatti.getFisso()> in (AggiornamentoContattoPostgreSQL.java:34)
Method <project.ImplementazioniDAO.AggiornamentoContattoPostgreSQL.aggiornaContatto(project.Classi.Contatti, project.Classi.Contatti, java.util.ArrayList, java.util.ArrayList, java.util.ArrayList, java.util.ArrayList)> calls method <project.Classi.Contatti.getFoto()> in (AggiornamentoContattoPostgreSQL.java:31)
Method <project.ImplementazioniDAO.AggiornamentoContattoPostgreSQL.aggiornaContatto(project.Classi.Contatti, project.Classi.Contatti, java.util.ArrayList, java.util.ArrayList, java.util.ArrayList, java.util.ArrayList)> calls method <project.Classi.Contatti.getId()> in (AggiornamentoContattoPostgreSQL.java:31)
Method <project.ImplementazioniDAO.AggiornamentoContattoPostgreSQL.aggiornaContatto(project.Classi.Contatti, project.Classi.Contatti, java.util.ArrayList, java.util.ArrayList, java.util.ArrayList, java.util.ArrayList)> calls method <project.Classi.Contatti.getId()> in (AggiornamentoContattoPostgreSQL.java:33)
Method <project.ImplementazioniDAO.AggiornamentoContattoPostgreSQL.aggiornaContatto(project.Classi.Contatti, project.Classi.Contatti, java.util.ArrayList, java.util.ArrayList, java.util.ArrayList, java.util.ArrayList)> calls method <project.Classi.Contatti.getId()> in (AggiornamentoContattoPostgreSQL.java:34)
Method <project.ImplementazioniDAO.AggiornamentoContattoPostgreSQL.aggiornaContatto(project.Classi.Contatti, project.Classi.Contatti, java.util.ArrayList, java.util.ArrayList, java.util.ArrayList, java.util.ArrayList)> calls method <project.Classi.Contatti.getId()> in (AggiornamentoContattoPostgreSQL.java:40)
Method <project.ImplementazioniDAO.AggiornamentoContattoPostgreSQL.aggiornaContatto(project.Classi.Contatti, project.Classi.Contatti, java.util.ArrayList, java.util.ArrayList, java.util.ArrayList, java.util.ArrayList)> calls method <project.Classi.Contatti.getId()> in (AggiornamentoContattoPostgreSQL.java:41)
Method <project.ImplementazioniDAO.AggiornamentoContattoPostgreSQL.aggiornaContatto(project.Classi.Contatti, project.Classi.Contatti, java.util.ArrayList, java.util.ArrayList, java.util.ArrayList, java.util.ArrayList)> calls method <project.Classi.Contatti.getId()> in (AggiornamentoContattoPostgreSQL.java:42)
Method <project.ImplementazioniDAO.AggiornamentoContattoPostgreSQL.aggiornaContatto(project.Classi.Contatti, project.Classi.Contatti, java.util.ArrayList, java.util.ArrayList, java.util.ArrayList, java.util.ArrayList)> calls method <project.Classi.Contatti.getIndirizzo()> in (AggiornamentoContattoPostgreSQL.java:40)
Method <project.ImplementazioniDAO.AggiornamentoContattoPostgreSQL.aggiornaContatto(project.Classi.Contatti, project.Classi.Contatti, java.util.ArrayList, java.util.ArrayList, java.util.ArrayList, java.util.ArrayList)> calls method <project.Classi.Contatti.getNome()> in (AggiornamentoContattoPostgreSQL.java:31)
Method <project.ImplementazioniDAO.AggiornamentoContattoPostgreSQL.aggiornaContatto(project.Classi.Contatti, project.Classi.Contatti, java.util.ArrayList, java.util.ArrayList, java.util.ArrayList, java.util.ArrayList)> has parameter of type <project.Classi.Contatti> in (AggiornamentoContattoPostgreSQL.java:0)
Method <project.ImplementazioniDAO.ContattoPostgreSQL.cercaInfoContatti(int, java.util.ArrayList, java.util.ArrayList)> calls constructor <project.Classi.Contatti.<init>()> in (ContattoPostgreSQL.java:64)
Method <project.ImplementazioniDAO.ContattoPostgreSQL.cercaInfoContatti(int, java.util.ArrayList, java.util.ArrayList)> calls method <project.Classi.Contatti.setCellulare(java.lang.String)> in (ContattoPostgreSQL.java:76)
Method <project.ImplementazioniDAO.ContattoPostgreSQL.cercaInfoContatti(int, java.util.ArrayList, java.util.ArrayList)> calls method <project.Classi.Contatti.setCognome(java.lang.String)> in (ContattoPostgreSQL.java:75)
Method <project.ImplementazioniDAO.ContattoPostgreSQL.cercaInfoContatti(int, java.util.ArrayList, java.util.ArrayList)> calls method <project.Classi.Contatti.setEmail(java.lang.String)> in (ContattoPostgreSQL.java:89)
Method <project.ImplementazioniDAO.ContattoPostgreSQL.cercaInfoContatti(int, java.util.ArrayList, java.util.ArrayList)> calls method <project.Classi.Contatti.setFisso(java.lang.String)> in (ContattoPostgreSQL.java:77)
Method <project.ImplementazioniDAO.ContattoPostgreSQL.cercaInfoContatti(int, java.util.ArrayList, java.util.ArrayList)> calls method <project.Classi.Contatti.setFoto(java.lang.String)> in (ContattoPostgreSQL.java:78)
Method <project.ImplementazioniDAO.ContattoPostgreSQL.cercaInfoContatti(int, java.util.ArrayList, java.util.ArrayList)> calls method <project.Classi.Contatti.setId(int)> in (ContattoPostgreSQL.java:73)
Method <project.ImplementazioniDAO.ContattoPostgreSQL.cercaInfoContatti(int, java.util.ArrayList, java.util.ArrayList)> calls method <project.Classi.Contatti.setIndirizzo(java.lang.String)> in (ContattoPostgreSQL.java:84)
Method <project.ImplementazioniDAO.ContattoPostgreSQL.cercaInfoContatti(int, java.util.ArrayList, java.util.ArrayList)> calls method <project.Classi.Contatti.setNome(java.lang.String)> in (ContattoPostgreSQL.java:74)
Method <project.ImplementazioniDAO.ContattoPostgreSQL.cercaInfoContatti(int, java.util.ArrayList, java.util.ArrayList)> has return type <project.Classi.Contatti> in (ContattoPostgreSQL.java:0)
Method <project.ImplementazioniDAO.ContattoPostgreSQL.estraiCellulareFisso(int)> calls constructor <project.Classi.Contatti.<init>()> in (ContattoPostgreSQL.java:131)
Method <project.ImplementazioniDAO.ContattoPostgreSQL.estraiCellulareFisso(int)> calls method <project.Classi.Contatti.setCellulare(java.lang.String)> in (ContattoPostgreSQL.java:138)
Method <project.ImplementazioniDAO.ContattoPostgreSQL.estraiCellulareFisso(int)> calls method <project.Classi.Contatti.setFisso(java.lang.String)> in (ContattoPostgreSQL.java:139)
Method <project.ImplementazioniDAO.ContattoPostgreSQL.estraiCellulareFisso(int)> has return type <project.Classi.Contatti> in (ContattoPostgreSQL.java:0)
Method <project.ImplementazioniDAO.ContattoPostgreSQL.stampaContatti()> calls constructor <project.Classi.Contatti.<init>()> in (ContattoPostgreSQL.java:45)
Method <project.ImplementazioniDAO.ContattoPostgreSQL.stampaContatti()> calls method <project.Classi.Contatti.setCognome(java.lang.String)> in (ContattoPostgreSQL.java:50)
Method <project.ImplementazioniDAO.ContattoPostgreSQL.stampaContatti()> calls method <project.Classi.Contatti.setId(int)> in (ContattoPostgreSQL.java:52)
Method <project.ImplementazioniDAO.ContattoPostgreSQL.stampaContatti()> calls method <project.Classi.Contatti.setNome(java.lang.String)> in (ContattoPostgreSQL.java:48)
Method <project.ImplementazioniDAO.ContattoPostgreSQL.stampaContatti()> has generic return type <java.util.ArrayList<project.Classi.Contatti>> with type argument depending on <project.Classi.Contatti> in (ContattoPostgreSQL.java:0)
Method <project.ImplementazioniDAO.MessagingPostgreSQL.inserimentoAccountMessaging(int, int, project.Classi.Messaging)> calls method <project.Classi.Messaging.getMessaggioBenvenuto()> in (MessagingPostgreSQL.java:46)
Method <project.ImplementazioniDAO.MessagingPostgreSQL.inserimentoAccountMessaging(int, int, project.Classi.Messaging)> calls method <project.Classi.Messaging.getNickname()> in (MessagingPostgreSQL.java:45)
Method <project.ImplementazioniDAO.MessagingPostgreSQL.inserimentoAccountMessaging(int, int, project.Classi.Messaging)> calls method <project.Classi.Messaging.getProviderMessaggi()> in (MessagingPostgreSQL.java:46)
Method <project.ImplementazioniDAO.MessagingPostgreSQL.inserimentoAccountMessaging(int, int, project.Classi.Messaging)> has parameter of type <project.Classi.Messaging> in (MessagingPostgreSQL.java:0)
Method <project.ImplementazioniDAO.MessagingPostgreSQL.ricercaProvider(int, java.lang.String)> calls constructor <project.Classi.Messaging.<init>()> in (MessagingPostgreSQL.java:29)
Method <project.ImplementazioniDAO.MessagingPostgreSQL.ricercaProvider(int, java.lang.String)> calls method <project.Classi.Messaging.setEmail(java.lang.String)> in (MessagingPostgreSQL.java:34)
Method <project.ImplementazioniDAO.MessagingPostgreSQL.ricercaProvider(int, java.lang.String)> calls method <project.Classi.Messaging.setIdcontatto(int)> in (MessagingPostgreSQL.java:36)
Method <project.ImplementazioniDAO.MessagingPostgreSQL.ricercaProvider(int, java.lang.String)> calls method <project.Classi.Messaging.setMessaggioBenvenuto(java.lang.String)> in (MessagingPostgreSQL.java:35)
Method <project.ImplementazioniDAO.MessagingPostgreSQL.ricercaProvider(int, java.lang.String)> calls method <project.Classi.Messaging.setNickname(java.lang.String)> in (MessagingPostgreSQL.java:32)
Method <project.ImplementazioniDAO.MessagingPostgreSQL.ricercaProvider(int, java.lang.String)> calls method <project.Classi.Messaging.setProviderMessaggi(java.lang.String)> in (MessagingPostgreSQL.java:33)
Method <project.ImplementazioniDAO.MessagingPostgreSQL.ricercaProvider(int, java.lang.String)> has return type <project.Classi.Messaging> in (MessagingPostgreSQL.java:0)
Method <project.ImplementazioniDAO.RicercaContattoPostgreSQL.ricercaCellulare(java.lang.String)> calls constructor <project.Classi.Contatti.<init>()> in (RicercaContattoPostgreSQL.java:70)
Method <project.ImplementazioniDAO.RicercaContattoPostgreSQL.ricercaCellulare(java.lang.String)> calls method <project.Classi.Contatti.setCellulare(java.lang.String)> in (RicercaContattoPostgreSQL.java:73)
Method <project.ImplementazioniDAO.RicercaContattoPostgreSQL.ricercaCellulare(java.lang.String)> calls method <project.Classi.Contatti.setCognome(java.lang.String)> in (RicercaContattoPostgreSQL.java:72)
Method <project.ImplementazioniDAO.RicercaContattoPostgreSQL.ricercaCellulare(java.lang.String)> calls method <project.Classi.Contatti.setFisso(java.lang.String)> in (RicercaContattoPostgreSQL.java:74)
Method <project.ImplementazioniDAO.RicercaContattoPostgreSQL.ricercaCellulare(java.lang.String)> calls method <project.Classi.Contatti.setId(int)> in (RicercaContattoPostgreSQL.java:75)
Method <project.ImplementazioniDAO.RicercaContattoPostgreSQL.ricercaCellulare(java.lang.String)> calls method <project.Classi.Contatti.setIndirizzo(java.lang.String)> in (RicercaContattoPostgreSQL.java:81)
Method <project.ImplementazioniDAO.RicercaContattoPostgreSQL.ricercaCellulare(java.lang.String)> calls method <project.Classi.Contatti.setNome(java.lang.String)> in (RicercaContattoPostgreSQL.java:71)
Method <project.ImplementazioniDAO.RicercaContattoPostgreSQL.ricercaCellulare(java.lang.String)> has generic return type <java.util.ArrayList<project.Classi.Contatti>> with type argument depending on <project.Classi.Contatti> in (RicercaContattoPostgreSQL.java:0)
Method <project.ImplementazioniDAO.RicercaContattoPostgreSQL.ricercaEmail(java.lang.String)> calls constructor <project.Classi.Contatti.<init>()> in (RicercaContattoPostgreSQL.java:122)
Method <project.ImplementazioniDAO.RicercaContattoPostgreSQL.ricercaEmail(java.lang.String)> calls method <project.Classi.Contatti.setCognome(java.lang.String)> in (RicercaContattoPostgreSQL.java:124)
Method <project.ImplementazioniDAO.RicercaContattoPostgreSQL.ricercaEmail(java.lang.String)> calls method <project.Classi.Contatti.setId(int)> in (RicercaContattoPostgreSQL.java:125)
Method <project.ImplementazioniDAO.RicercaContattoPostgreSQL.ricercaEmail(java.lang.String)> calls method <project.Classi.Contatti.setNome(java.lang.String)> in (RicercaContattoPostgreSQL.java:123)
Method <project.ImplementazioniDAO.RicercaContattoPostgreSQL.ricercaEmail(java.lang.String)> has generic return type <java.util.ArrayList<project.Classi.Contatti>> with type argument depending on <project.Classi.Contatti> in (RicercaContattoPostgreSQL.java:0)
Method <project.ImplementazioniDAO.RicercaContattoPostgreSQL.ricercaNickname(java.lang.String)> calls constructor <project.Classi.Contatti.<init>()> in (RicercaContattoPostgreSQL.java:99)
Method <project.ImplementazioniDAO.RicercaContattoPostgreSQL.ricercaNickname(java.lang.String)> calls method <project.Classi.Contatti.setCognome(java.lang.String)> in (RicercaContattoPostgreSQL.java:101)
Method <project.ImplementazioniDAO.RicercaContattoPostgreSQL.ricercaNickname(java.lang.String)> calls method <project.Classi.Contatti.setNome(java.lang.String)> in (RicercaContattoPostgreSQL.java:100)
Method <project.ImplementazioniDAO.RicercaContattoPostgreSQL.ricercaNickname(java.lang.String)> has generic return type <java.util.ArrayList<project.Classi.Contatti>> with type argument depending on <project.Classi.Contatti> in (RicercaContattoPostgreSQL.java:0)
Method <project.ImplementazioniDAO.RicercaContattoPostgreSQL.ricercaNome(java.lang.String)> calls constructor <project.Classi.Contatti.<init>()> in (RicercaContattoPostgreSQL.java:41)
Method <project.ImplementazioniDAO.RicercaContattoPostgreSQL.ricercaNome(java.lang.String)> calls method <project.Classi.Contatti.setCellulare(java.lang.String)> in (RicercaContattoPostgreSQL.java:44)
Method <project.ImplementazioniDAO.RicercaContattoPostgreSQL.ricercaNome(java.lang.String)> calls method <project.Classi.Contatti.setCognome(java.lang.String)> in (RicercaContattoPostgreSQL.java:43)
Method <project.ImplementazioniDAO.RicercaContattoPostgreSQL.ricercaNome(java.lang.String)> calls method <project.Classi.Contatti.setFisso(java.lang.String)> in (RicercaContattoPostgreSQL.java:45)
Method <project.ImplementazioniDAO.RicercaContattoPostgreSQL.ricercaNome(java.lang.String)> calls method <project.Classi.Contatti.setId(int)> in (RicercaContattoPostgreSQL.java:46)
Method <project.ImplementazioniDAO.RicercaContattoPostgreSQL.ricercaNome(java.lang.String)> calls method <project.Classi.Contatti.setIndirizzo(java.lang.String)> in (RicercaContattoPostgreSQL.java:52)
Method <project.ImplementazioniDAO.RicercaContattoPostgreSQL.ricercaNome(java.lang.String)> calls method <project.Classi.Contatti.setNome(java.lang.String)> in (RicercaContattoPostgreSQL.java:42)
Method <project.ImplementazioniDAO.RicercaContattoPostgreSQL.ricercaNome(java.lang.String)> has generic return type <java.util.ArrayList<project.Classi.Contatti>> with type argument depending on <project.Classi.Contatti> in (RicercaContattoPostgreSQL.java:0)
	at com.tngtech.archunit.lang.ArchRule$Assertions.assertNoViolation(ArchRule.java:94)
	at com.tngtech.archunit.lang.ArchRule$Assertions.check(ArchRule.java:82)
	at com.tngtech.archunit.library.Architectures$LayeredArchitecture.check(Architectures.java:291)
	at com.tngtech.archunit.junit.ArchRuleExecution.evaluateOn(ArchRuleExecution.java:43)
	at com.tngtech.archunit.junit.ArchUnitRunner.runChild(ArchUnitRunner.java:154)
	at com.tngtech.archunit.junit.ArchUnitRunner.runChild(ArchUnitRunner.java:63)
	at org.junit.runners.ParentRunner$3.run(ParentRunner.java:238)
	at org.junit.runners.ParentRunner$1.schedule(ParentRunner.java:63)
	at org.junit.runners.ParentRunner.runChildren(ParentRunner.java:236)
	at org.junit.runners.ParentRunner.access$000(ParentRunner.java:53)
	at org.junit.runners.ParentRunner$2.evaluate(ParentRunner.java:229)
	at com.tngtech.archunit.junit.ArchUnitRunner$1.evaluate(ArchUnitRunner.java:88)
	at org.junit.runners.ParentRunner.run(ParentRunner.java:309)
	at org.apache.maven.surefire.junit4.JUnit4Provider.execute(JUnit4Provider.java:283)
	at org.apache.maven.surefire.junit4.JUnit4Provider.executeWithRerun(JUnit4Provider.java:173)
	at org.apache.maven.surefire.junit4.JUnit4Provider.executeTestSet(JUnit4Provider.java:153)
	at org.apache.maven.surefire.junit4.JUnit4Provider.invoke(JUnit4Provider.java:128)
	at org.apache.maven.surefire.booter.ForkedBooter.invokeProviderInSameClassLoader(ForkedBooter.java:203)
	at org.apache.maven.surefire.booter.ForkedBooter.runSuitesInProcess(ForkedBooter.java:155)
	at org.apache.maven.surefire.booter.ForkedBooter.main(ForkedBooter.java:103)

