-------------------------------------------------------------------------------
Test set: project.arch.CyclicDependencyTest
-------------------------------------------------------------------------------
Tests run: 1, Failures: 1, Errors: 0, Skipped: 0, Time elapsed: 0.096 sec <<< FAILURE! - in project.arch.CyclicDependencyTest
no_cyclic_dependencies(project.arch.CyclicDependencyTest)  Time elapsed: 0.096 sec  <<< FAILURE!
java.lang.AssertionError: Architecture Violation [Priority: MEDIUM] - Rule 'slices matching 'project.(*)..' should be free of cycles' was violated (1 times):
Cycle detected: Slice Controller -> 
                Slice Gui -> 
                Slice Controller
  1. Dependencies of Slice Controller
    - Field <project.Controller.Controller.creaContatto> has type <project.Gui.CreaContatto> in (Controller.java:0)
    - Field <project.Controller.Controller.homepage> has type <project.Gui.Homepage> in (Controller.java:0)
    - Field <project.Controller.Controller.messagingGUI> has type <project.Gui.MessagingGUI> in (Controller.java:0)
    - Field <project.Controller.Controller.reindirizzamento> has type <project.Gui.Reindirizzamento> in (Controller.java:0)
    - Field <project.Controller.Controller.ricercaContatti> has type <project.Gui.RicercaContatti> in (Controller.java:0)
    - Field <project.Controller.Controller.schedaInfoContatto> has type <project.Gui.SchedaInfoContatto> in (Controller.java:0)
    - Method <project.Controller.Controller.getCreaContatto()> has return type <project.Gui.CreaContatto> in (Controller.java:0)
    - Method <project.Controller.Controller.getHomepage()> has return type <project.Gui.Homepage> in (Controller.java:0)
    - Method <project.Controller.Controller.getMessagingGUI()> has return type <project.Gui.MessagingGUI> in (Controller.java:0)
    - Method <project.Controller.Controller.getRicercaContatti()> has return type <project.Gui.RicercaContatti> in (Controller.java:0)
    - Method <project.Controller.Controller.getSchedaInfoContatto()> has return type <project.Gui.SchedaInfoContatto> in (Controller.java:0)
    - Method <project.Controller.Controller.setCreaContatto(project.Gui.CreaContatto)> has parameter of type <project.Gui.CreaContatto> in (Controller.java:0)
    - Method <project.Controller.Controller.setHomepage(project.Gui.Homepage)> has parameter of type <project.Gui.Homepage> in (Controller.java:0)
    - Method <project.Controller.Controller.setMessagingGUI(project.Gui.MessagingGUI)> has parameter of type <project.Gui.MessagingGUI> in (Controller.java:0)
    - Method <project.Controller.Controller.setRicercaContatti(project.Gui.RicercaContatti)> has parameter of type <project.Gui.RicercaContatti> in (Controller.java:0)
    - Method <project.Controller.Controller.setSchedaInfoContatto(project.Gui.SchedaInfoContatto)> has parameter of type <project.Gui.SchedaInfoContatto> in (Controller.java:0)
    - Constructor <project.Controller.Controller.<init>()> calls constructor <project.Gui.Homepage.<init>(project.Controller.Controller)> in (Controller.java:36)
    - Constructor <project.Controller.Controller.<init>()> calls constructor <project.Gui.CreaContatto.<init>(project.Controller.Controller)> in (Controller.java:37)
    - Constructor <project.Controller.Controller.<init>()> calls constructor <project.Gui.SchedaInfoContatto.<init>(project.Controller.Controller)> in (Controller.java:38)
    - Constructor <project.Controller.Controller.<init>()> calls constructor <project.Gui.RicercaContatti.<init>(project.Controller.Controller)> in (Controller.java:39)
    (25 further dependencies have been omitted...)
  2. Dependencies of Slice Gui
    - Constructor <project.Gui.CreaContatto.<init>(project.Controller.Controller)> has parameter of type <project.Controller.Controller> in (CreaContatto.java:0)
    - Constructor <project.Gui.Homepage.<init>(project.Controller.Controller)> has parameter of type <project.Controller.Controller> in (Homepage.java:0)
    - Constructor <project.Gui.MessagingGUI.<init>(project.Controller.Controller)> has parameter of type <project.Controller.Controller> in (MessagingGUI.java:0)
    - Constructor <project.Gui.Reindirizzamento.<init>(project.Controller.Controller)> has parameter of type <project.Controller.Controller> in (Reindirizzamento.java:0)
    - Constructor <project.Gui.RicercaContatti.<init>(project.Controller.Controller)> has parameter of type <project.Controller.Controller> in (RicercaContatti.java:0)
    - Constructor <project.Gui.SchedaInfoContatto.<init>(project.Controller.Controller)> has parameter of type <project.Controller.Controller> in (SchedaInfoContatto.java:0)
    - Field <project.Gui.CreaContatto.control> has type <project.Controller.Controller> in (CreaContatto.java:0)
    - Field <project.Gui.Homepage.control> has type <project.Controller.Controller> in (Homepage.java:0)
    - Field <project.Gui.MessagingGUI.control> has type <project.Controller.Controller> in (MessagingGUI.java:0)
    - Field <project.Gui.Reindirizzamento.control> has type <project.Controller.Controller> in (Reindirizzamento.java:0)
    - Field <project.Gui.RicercaContatti.control> has type <project.Controller.Controller> in (RicercaContatti.java:0)
    - Field <project.Gui.SchedaInfoContatto.control> has type <project.Controller.Controller> in (SchedaInfoContatto.java:0)
    - Method <project.Gui.Homepage.funzionalitaTasti()> calls method <project.Controller.Controller.chiudiNotifica(javax.swing.JLabel)> in (Homepage.java:71)
    - Method <project.Gui.Reindirizzamento.funzionalitaGUI()> calls method <project.Controller.Controller.getHomepage()> in (Reindirizzamento.java:72)
    - Method <project.Gui.Homepage$1.mouseClicked(java.awt.event.MouseEvent)> calls method <project.Controller.Controller.setJScrollPaneCenter()> in (Homepage.java:78)
    - Method <project.Gui.Homepage$1.mouseClicked(java.awt.event.MouseEvent)> calls method <project.Controller.Controller.clickAudio()> in (Homepage.java:79)
    - Method <project.Gui.Homepage$1.mouseClicked(java.awt.event.MouseEvent)> calls method <project.Controller.Controller.getCreaContatto()> in (Homepage.java:80)
    - Method <project.Gui.Homepage$1.mouseClicked(java.awt.event.MouseEvent)> calls method <project.Controller.Controller.switchJPanelInView(javax.swing.JPanel)> in (Homepage.java:80)
    - Method <project.Gui.Homepage$1.mouseClicked(java.awt.event.MouseEvent)> calls method <project.Controller.Controller.newCreaContatto()> in (Homepage.java:82)
    - Method <project.Gui.MessagingGUI.textureJDialog()> calls method <project.Controller.Controller.getHomepage()> in (MessagingGUI.java:86)
    (97 further dependencies have been omitted...)
	at com.tngtech.archunit.lang.ArchRule$Assertions.assertNoViolation(ArchRule.java:94)
	at com.tngtech.archunit.lang.ArchRule$Assertions.check(ArchRule.java:82)
	at com.tngtech.archunit.lang.ArchRule$Factory$SimpleArchRule.check(ArchRule.java:198)
	at com.tngtech.archunit.lang.syntax.ObjectsShouldInternal.check(ObjectsShouldInternal.java:81)
	at com.tngtech.archunit.library.dependencies.SliceRule.check(SliceRule.java:64)
	at com.tngtech.archunit.junit.ArchRuleExecution.evaluateOn(ArchRuleExecution.java:43)
	at com.tngtech.archunit.junit.ArchUnitRunner.runChild(ArchUnitRunner.java:154)
	at com.tngtech.archunit.junit.ArchUnitRunner.runChild(ArchUnitRunner.java:63)
	at org.junit.runners.ParentRunner$3.run(ParentRunner.java:238)
	at org.junit.runners.ParentRunner$1.schedule(ParentRunner.java:63)
	at org.junit.runners.ParentRunner.runChildren(ParentRunner.java:236)
	at org.junit.runners.ParentRunner.access$000(ParentRunner.java:53)
	at org.junit.runners.ParentRunner$2.evaluate(ParentRunner.java:229)
	at com.tngtech.archunit.junit.ArchUnitRunner$1.evaluate(ArchUnitRunner.java:88)
	at org.junit.runners.ParentRunner.run(ParentRunner.java:309)
	at org.apache.maven.surefire.junit4.JUnit4Provider.execute(JUnit4Provider.java:283)
	at org.apache.maven.surefire.junit4.JUnit4Provider.executeWithRerun(JUnit4Provider.java:173)
	at org.apache.maven.surefire.junit4.JUnit4Provider.executeTestSet(JUnit4Provider.java:153)
	at org.apache.maven.surefire.junit4.JUnit4Provider.invoke(JUnit4Provider.java:128)
	at org.apache.maven.surefire.booter.ForkedBooter.invokeProviderInSameClassLoader(ForkedBooter.java:203)
	at org.apache.maven.surefire.booter.ForkedBooter.runSuitesInProcess(ForkedBooter.java:155)
	at org.apache.maven.surefire.booter.ForkedBooter.main(ForkedBooter.java:103)

