-------------------------------------------------------------------------------
Test set: project.arch.ExceptionHierarchyTest
-------------------------------------------------------------------------------
Tests run: 1, Failures: 1, Errors: 0, Skipped: 0, Time elapsed: 0.022 sec <<< FAILURE! - in project.arch.ExceptionHierarchyTest
exceptions_should_not_inherit_from_a_generic_exception(project.arch.ExceptionHierarchyTest)  Time elapsed: 0.022 sec  <<< FAILURE!
java.lang.AssertionError: Architecture Violation [Priority: MEDIUM] - Rule 'classes that are assignable to java.lang.Exception should implement project.Exception.ValidationError or implement project.Exception.SystemError or implement project.Exception.LogicalError' was violated (15 times):
Class <project.CustomException.AccountNotFoundException> does not implement project.Exception.LogicalError in (AccountNotFoundException.java:0) and Class <project.CustomException.AccountNotFoundException> does not implement project.Exception.SystemError in (AccountNotFoundException.java:0) and Class <project.CustomException.AccountNotFoundException> does not implement project.Exception.ValidationError in (AccountNotFoundException.java:0)
Class <project.CustomException.AddressNotFoundException> does not implement project.Exception.LogicalError in (AddressNotFoundException.java:0) and Class <project.CustomException.AddressNotFoundException> does not implement project.Exception.SystemError in (AddressNotFoundException.java:0) and Class <project.CustomException.AddressNotFoundException> does not implement project.Exception.ValidationError in (AddressNotFoundException.java:0)
Class <project.CustomException.ContactNotFoundException> does not implement project.Exception.LogicalError in (ContactNotFoundException.java:0) and Class <project.CustomException.ContactNotFoundException> does not implement project.Exception.SystemError in (ContactNotFoundException.java:0) and Class <project.CustomException.ContactNotFoundException> does not implement project.Exception.ValidationError in (ContactNotFoundException.java:0)
Class <project.CustomException.DuplicatedAccountException> does not implement project.Exception.LogicalError in (DuplicatedAccountException.java:0) and Class <project.CustomException.DuplicatedAccountException> does not implement project.Exception.SystemError in (DuplicatedAccountException.java:0) and Class <project.CustomException.DuplicatedAccountException> does not implement project.Exception.ValidationError in (DuplicatedAccountException.java:0)
Class <project.CustomException.DuplicatedAddressException> does not implement project.Exception.LogicalError in (DuplicatedAddressException.java:0) and Class <project.CustomException.DuplicatedAddressException> does not implement project.Exception.SystemError in (DuplicatedAddressException.java:0) and Class <project.CustomException.DuplicatedAddressException> does not implement project.Exception.ValidationError in (DuplicatedAddressException.java:0)
Class <project.CustomException.DuplicatedContactException> does not implement project.Exception.LogicalError in (DuplicatedContactException.java:0) and Class <project.CustomException.DuplicatedContactException> does not implement project.Exception.SystemError in (DuplicatedContactException.java:0) and Class <project.CustomException.DuplicatedContactException> does not implement project.Exception.ValidationError in (DuplicatedContactException.java:0)
Class <project.CustomException.DuplicatedEmailException> does not implement project.Exception.LogicalError in (DuplicatedEmailException.java:0) and Class <project.CustomException.DuplicatedEmailException> does not implement project.Exception.SystemError in (DuplicatedEmailException.java:0) and Class <project.CustomException.DuplicatedEmailException> does not implement project.Exception.ValidationError in (DuplicatedEmailException.java:0)
Class <project.CustomException.DuplicatedMainAddressException> does not implement project.Exception.LogicalError in (DuplicatedMainAddressException.java:0) and Class <project.CustomException.DuplicatedMainAddressException> does not implement project.Exception.SystemError in (DuplicatedMainAddressException.java:0) and Class <project.CustomException.DuplicatedMainAddressException> does not implement project.Exception.ValidationError in (DuplicatedMainAddressException.java:0)
Class <project.CustomException.DuplicatedPhoneException> does not implement project.Exception.LogicalError in (DuplicatedPhoneException.java:0) and Class <project.CustomException.DuplicatedPhoneException> does not implement project.Exception.SystemError in (DuplicatedPhoneException.java:0) and Class <project.CustomException.DuplicatedPhoneException> does not implement project.Exception.ValidationError in (DuplicatedPhoneException.java:0)
Class <project.CustomException.EmailNotFoundException> does not implement project.Exception.LogicalError in (EmailNotFoundException.java:0) and Class <project.CustomException.EmailNotFoundException> does not implement project.Exception.SystemError in (EmailNotFoundException.java:0) and Class <project.CustomException.EmailNotFoundException> does not implement project.Exception.ValidationError in (EmailNotFoundException.java:0)
Class <project.CustomException.IncorrectEmailException> does not implement project.Exception.LogicalError in (IncorrectEmailException.java:0) and Class <project.CustomException.IncorrectEmailException> does not implement project.Exception.SystemError in (IncorrectEmailException.java:0) and Class <project.CustomException.IncorrectEmailException> does not implement project.Exception.ValidationError in (IncorrectEmailException.java:0)
Class <project.CustomException.NoLandlinePhoneException> does not implement project.Exception.LogicalError in (NoLandlinePhoneException.java:0) and Class <project.CustomException.NoLandlinePhoneException> does not implement project.Exception.SystemError in (NoLandlinePhoneException.java:0) and Class <project.CustomException.NoLandlinePhoneException> does not implement project.Exception.ValidationError in (NoLandlinePhoneException.java:0)
Class <project.CustomException.NoMainAddressException> does not implement project.Exception.LogicalError in (NoMainAddressException.java:0) and Class <project.CustomException.NoMainAddressException> does not implement project.Exception.SystemError in (NoMainAddressException.java:0) and Class <project.CustomException.NoMainAddressException> does not implement project.Exception.ValidationError in (NoMainAddressException.java:0)
Class <project.CustomException.NoMobilePhoneException> does not implement project.Exception.LogicalError in (NoMobilePhoneException.java:0) and Class <project.CustomException.NoMobilePhoneException> does not implement project.Exception.SystemError in (NoMobilePhoneException.java:0) and Class <project.CustomException.NoMobilePhoneException> does not implement project.Exception.ValidationError in (NoMobilePhoneException.java:0)
Class <project.CustomException.PhoneNotFoundException> does not implement project.Exception.LogicalError in (PhoneNotFoundException.java:0) and Class <project.CustomException.PhoneNotFoundException> does not implement project.Exception.SystemError in (PhoneNotFoundException.java:0) and Class <project.CustomException.PhoneNotFoundException> does not implement project.Exception.ValidationError in (PhoneNotFoundException.java:0)
	at com.tngtech.archunit.lang.ArchRule$Assertions.assertNoViolation(ArchRule.java:94)
	at com.tngtech.archunit.lang.ArchRule$Assertions.check(ArchRule.java:82)
	at com.tngtech.archunit.lang.ArchRule$Factory$SimpleArchRule.check(ArchRule.java:198)
	at com.tngtech.archunit.lang.syntax.ObjectsShouldInternal.check(ObjectsShouldInternal.java:81)
	at com.tngtech.archunit.junit.ArchRuleExecution.evaluateOn(ArchRuleExecution.java:43)
	at com.tngtech.archunit.junit.ArchUnitRunner.runChild(ArchUnitRunner.java:154)
	at com.tngtech.archunit.junit.ArchUnitRunner.runChild(ArchUnitRunner.java:63)
	at org.junit.runners.ParentRunner$3.run(ParentRunner.java:238)
	at org.junit.runners.ParentRunner$1.schedule(ParentRunner.java:63)
	at org.junit.runners.ParentRunner.runChildren(ParentRunner.java:236)
	at org.junit.runners.ParentRunner.access$000(ParentRunner.java:53)
	at org.junit.runners.ParentRunner$2.evaluate(ParentRunner.java:229)
	at com.tngtech.archunit.junit.ArchUnitRunner$1.evaluate(ArchUnitRunner.java:88)
	at org.junit.runners.ParentRunner.run(ParentRunner.java:309)
	at org.apache.maven.surefire.junit4.JUnit4Provider.execute(JUnit4Provider.java:283)
	at org.apache.maven.surefire.junit4.JUnit4Provider.executeWithRerun(JUnit4Provider.java:173)
	at org.apache.maven.surefire.junit4.JUnit4Provider.executeTestSet(JUnit4Provider.java:153)
	at org.apache.maven.surefire.junit4.JUnit4Provider.invoke(JUnit4Provider.java:128)
	at org.apache.maven.surefire.booter.ForkedBooter.invokeProviderInSameClassLoader(ForkedBooter.java:203)
	at org.apache.maven.surefire.booter.ForkedBooter.runSuitesInProcess(ForkedBooter.java:155)
	at org.apache.maven.surefire.booter.ForkedBooter.main(ForkedBooter.java:103)

