<?xml version="1.0" encoding="UTF-8"?>
<testsuite name="project.arch.BestPracticesTest" time="1.06" tests="4" errors="0" skipped="0" failures="1">
  <properties>
[...]
</properties>
  <testcase name="system_out_is_not_called" classname="project.arch.BestPracticesTest" time="1.048">
    <failure message="Architecture Violation [Priority: MEDIUM] - Rule &apos;no classes should access standard streams&apos; was violated (85 times):&#10;Constructor &lt;project.ConnessioneDB.Connessione.&lt;init&gt;()&gt; calls method &lt;java.lang.ClassNotFoundException.printStackTrace()&gt; in (Connessione.java:25)&#10;Constructor &lt;project.ConnessioneDB.Connessione.&lt;init&gt;()&gt; gets field &lt;java.lang.System.out&gt; in (Connessione.java:24)&#10;Constructor &lt;project.ImplementazioniDAO.AggiornamentoContattoPostgreSQL.&lt;init&gt;()&gt; calls method &lt;java.sql.SQLException.printStackTrace()&gt; in (AggiornamentoContattoPostgreSQL.java:22)&#10;Constructor &lt;project.ImplementazioniDAO.ContattoPostgreSQL.&lt;init&gt;()&gt; calls method &lt;java.sql.SQLException.printStackTrace()&gt; in (ContattoPostgreSQL.java:21)&#10;Constructor &lt;project.ImplementazioniDAO.ContattoPostgreSQL.&lt;init&gt;()&gt; gets field &lt;java.lang.System.out&gt; in (ContattoPostgreSQL.java:20)&#10;Constructor &lt;project.ImplementazioniDAO.EmailPostgreSQL.&lt;init&gt;()&gt; calls method &lt;java.sql.SQLException.printStackTrace()&gt; in (EmailPostgreSQL.java:20)&#10;Constructor &lt;project.ImplementazioniDAO.EmailPostgreSQL.&lt;init&gt;()&gt; gets field &lt;java.lang.System.out&gt; in (EmailPostgreSQL.java:19)&#10;Constructor &lt;project.ImplementazioniDAO.EmailSecondarioPostgreSQL.&lt;init&gt;()&gt; calls method &lt;java.sql.SQLException.printStackTrace()&gt; in (EmailSecondarioPostgreSQL.java:20)&#10;Constructor &lt;project.ImplementazioniDAO.GruppoPostgreSQL.&lt;init&gt;()&gt; calls method &lt;java.sql.SQLException.printStackTrace()&gt; in (GruppoPostgreSQL.java:19)&#10;Constructor &lt;project.ImplementazioniDAO.IndirizzoPrincipalePostgreSQL.&lt;init&gt;()&gt; calls method &lt;java.sql.SQLException.printStackTrace()&gt; in (IndirizzoPrincipalePostgreSQL.java:19)&#10;Constructor &lt;project.ImplementazioniDAO.IndirizzoPrincipalePostgreSQL.&lt;init&gt;()&gt; gets field &lt;java.lang.System.out&gt; in (IndirizzoPrincipalePostgreSQL.java:18)&#10;Constructor &lt;project.ImplementazioniDAO.IndirizzoSecondarioPostgreSQL.&lt;init&gt;()&gt; calls method &lt;java.sql.SQLException.printStackTrace()&gt; in (IndirizzoSecondarioPostgreSQL.java:20)&#10;Constructor &lt;project.ImplementazioniDAO.MessagingPostgreSQL.&lt;init&gt;()&gt; calls method &lt;java.sql.SQLException.printStackTrace()&gt; in (MessagingPostgreSQL.java:16)&#10;Constructor &lt;project.ImplementazioniDAO.MessagingPostgreSQL.&lt;init&gt;()&gt; gets field &lt;java.lang.System.out&gt; in (MessagingPostgreSQL.java:15)&#10;Constructor &lt;project.ImplementazioniDAO.NumeroCellularePostgreSQL.&lt;init&gt;()&gt; calls method &lt;java.sql.SQLException.printStackTrace()&gt; in (NumeroCellularePostgreSQL.java:19)&#10;Constructor &lt;project.ImplementazioniDAO.NumeroCellularePostgreSQL.&lt;init&gt;()&gt; gets field &lt;java.lang.System.out&gt; in (NumeroCellularePostgreSQL.java:18)&#10;Constructor &lt;project.ImplementazioniDAO.NumeroFissoPostgreSQL.&lt;init&gt;()&gt; calls method &lt;java.sql.SQLException.printStackTrace()&gt; in (NumeroFissoPostgreSQL.java:19)&#10;Constructor &lt;project.ImplementazioniDAO.NumeroFissoPostgreSQL.&lt;init&gt;()&gt; gets field &lt;java.lang.System.out&gt; in (NumeroFissoPostgreSQL.java:18)&#10;Constructor &lt;project.ImplementazioniDAO.PartecipazionePostgreSQL.&lt;init&gt;()&gt; calls method &lt;java.sql.SQLException.printStackTrace()&gt; in (PartecipazionePostgreSQL.java:18)&#10;Constructor &lt;project.ImplementazioniDAO.PartecipazionePostgreSQL.&lt;init&gt;()&gt; gets field &lt;java.lang.System.out&gt; in (PartecipazionePostgreSQL.java:17)&#10;Constructor &lt;project.ImplementazioniDAO.RicercaContattoPostgreSQL.&lt;init&gt;()&gt; calls method &lt;java.sql.SQLException.printStackTrace()&gt; in (RicercaContattoPostgreSQL.java:24)&#10;Method &lt;project.Gui.CreaContatto$1.actionPerformed(java.awt.event.ActionEvent)&gt; calls method &lt;java.lang.Exception.printStackTrace()&gt; in (CreaContatto.java:128)&#10;Method &lt;project.Gui.CreaContatto$5.mouseClicked(java.awt.event.MouseEvent)&gt; calls method &lt;java.lang.Exception.printStackTrace()&gt; in (CreaContatto.java:225)&#10;Method &lt;project.Gui.CreaContatto$5.mouseEntered(java.awt.event.MouseEvent)&gt; calls method &lt;java.lang.Exception.printStackTrace()&gt; in (CreaContatto.java:235)&#10;Method &lt;project.Gui.CreaContatto$6.mouseClicked(java.awt.event.MouseEvent)&gt; calls method &lt;java.lang.Exception.printStackTrace()&gt; in (CreaContatto.java:265)&#10;Method &lt;project.Gui.CreaContatto$6.mouseEntered(java.awt.event.MouseEvent)&gt; calls method &lt;java.lang.Exception.printStackTrace()&gt; in (CreaContatto.java:292)&#10;Method &lt;project.Gui.CreaContatto$7.mouseClicked(java.awt.event.MouseEvent)&gt; calls method &lt;java.lang.Exception.printStackTrace()&gt; in (CreaContatto.java:319)&#10;Method &lt;project.Gui.CreaContatto$7.mouseEntered(java.awt.event.MouseEvent)&gt; calls method &lt;java.lang.Exception.printStackTrace()&gt; in (CreaContatto.java:347)&#10;Method &lt;project.Gui.CreaContatto$8.mouseClicked(java.awt.event.MouseEvent)&gt; calls method &lt;java.lang.Exception.printStackTrace()&gt; in (CreaContatto.java:381)&#10;Method &lt;project.Gui.CreaContatto$8.mouseEntered(java.awt.event.MouseEvent)&gt; calls method &lt;java.lang.Exception.printStackTrace()&gt; in (CreaContatto.java:389)&#10;Method &lt;project.Gui.CreaContatto$9.mouseClicked(java.awt.event.MouseEvent)&gt; calls method &lt;java.lang.Exception.printStackTrace()&gt; in (CreaContatto.java:416)&#10;Method &lt;project.Gui.CreaContatto$9.mouseEntered(java.awt.event.MouseEvent)&gt; calls method &lt;java.lang.Exception.printStackTrace()&gt; in (CreaContatto.java:424)&#10;Method &lt;project.Gui.Homepage$1.mouseClicked(java.awt.event.MouseEvent)&gt; calls method &lt;java.lang.Exception.printStackTrace()&gt; in (Homepage.java:84)&#10;Method &lt;project.Gui.Homepage$1.mouseEntered(java.awt.event.MouseEvent)&gt; calls method &lt;java.lang.Exception.printStackTrace()&gt; in (Homepage.java:93)&#10;Method &lt;project.Gui.Homepage$2.mouseClicked(java.awt.event.MouseEvent)&gt; calls method &lt;java.lang.Exception.printStackTrace()&gt; in (Homepage.java:129)&#10;Method &lt;project.Gui.Homepage$2.mouseEntered(java.awt.event.MouseEvent)&gt; calls method &lt;java.lang.Exception.printStackTrace()&gt; in (Homepage.java:120)&#10;Method &lt;project.Gui.Homepage$3.actionPerformed(java.awt.event.ActionEvent)&gt; calls method &lt;java.lang.Exception.printStackTrace()&gt; in (Homepage.java:148)&#10;Method &lt;project.Gui.Homepage$4.actionPerformed(java.awt.event.ActionEvent)&gt; calls method &lt;java.lang.Exception.printStackTrace()&gt; in (Homepage.java:181)&#10;Method &lt;project.Gui.Reindirizzamento.chiamataCellulare(int)&gt; calls method &lt;java.sql.SQLException.printStackTrace()&gt; in (Reindirizzamento.java:89)&#10;Method &lt;project.Gui.Reindirizzamento.chiamataFisso(int)&gt; calls method &lt;java.sql.SQLException.printStackTrace()&gt; in (Reindirizzamento.java:111)&#10;Method &lt;project.Gui.RicercaContatti$1.keyReleased(java.awt.event.KeyEvent)&gt; calls method &lt;java.sql.SQLException.printStackTrace()&gt; in (RicercaContatti.java:80)&#10;Method &lt;project.Gui.RicercaContatti$2.mouseClicked(java.awt.event.MouseEvent)&gt; calls method &lt;java.lang.Exception.printStackTrace()&gt; in (RicercaContatti.java:106)&#10;Method &lt;project.Gui.RicercaContatti$2.mouseEntered(java.awt.event.MouseEvent)&gt; calls method &lt;java.lang.Exception.printStackTrace()&gt; in (RicercaContatti.java:114)&#10;Method &lt;project.Gui.RicercaContatti$3.actionPerformed(java.awt.event.ActionEvent)&gt; calls method &lt;java.lang.Exception.printStackTrace()&gt; in (RicercaContatti.java:159)&#10;Method &lt;project.Gui.SchedaInfoContatto$1.actionPerformed(java.awt.event.ActionEvent)&gt; calls method &lt;java.lang.Exception.printStackTrace()&gt; in (SchedaInfoContatto.java:111)&#10;Method &lt;project.Gui.SchedaInfoContatto$10.mouseClicked(java.awt.event.MouseEvent)&gt; calls method &lt;java.lang.Exception.printStackTrace()&gt; in (SchedaInfoContatto.java:407)&#10;Method &lt;project.Gui.SchedaInfoContatto$10.mouseEntered(java.awt.event.MouseEvent)&gt; calls method &lt;java.lang.Exception.printStackTrace()&gt; in (SchedaInfoContatto.java:416)&#10;Method &lt;project.Gui.SchedaInfoContatto$2.actionPerformed(java.awt.event.ActionEvent)&gt; calls method &lt;java.lang.Exception.printStackTrace()&gt; in (SchedaInfoContatto.java:126)&#10;Method &lt;project.Gui.SchedaInfoContatto$3.mouseClicked(java.awt.event.MouseEvent)&gt; calls method &lt;java.lang.Exception.printStackTrace()&gt; in (SchedaInfoContatto.java:146)&#10;Method &lt;project.Gui.SchedaInfoContatto$3.mouseEntered(java.awt.event.MouseEvent)&gt; calls method &lt;java.lang.Exception.printStackTrace()&gt; in (SchedaInfoContatto.java:157)&#10;Method &lt;project.Gui.SchedaInfoContatto$5.mouseEntered(java.awt.event.MouseEvent)&gt; calls method &lt;java.lang.Exception.printStackTrace()&gt; in (SchedaInfoContatto.java:227)&#10;Method &lt;project.Gui.SchedaInfoContatto$6.mouseClicked(java.awt.event.MouseEvent)&gt; calls method &lt;java.lang.Exception.printStackTrace()&gt; in (SchedaInfoContatto.java:260)&#10;Method &lt;project.Gui.SchedaInfoContatto$6.mouseEntered(java.awt.event.MouseEvent)&gt; calls method &lt;java.lang.Exception.printStackTrace()&gt; in (SchedaInfoContatto.java:269)&#10;Method &lt;project.Gui.SchedaInfoContatto$7.mouseClicked(java.awt.event.MouseEvent)&gt; calls method &lt;java.lang.Exception.printStackTrace()&gt; in (SchedaInfoContatto.java:296)&#10;Method &lt;project.Gui.SchedaInfoContatto$7.mouseEntered(java.awt.event.MouseEvent)&gt; calls method &lt;java.lang.Exception.printStackTrace()&gt; in (SchedaInfoContatto.java:305)&#10;Method &lt;project.Gui.SchedaInfoContatto$8.mouseEntered(java.awt.event.MouseEvent)&gt; calls method &lt;java.lang.Exception.printStackTrace()&gt; in (SchedaInfoContatto.java:344)&#10;Method &lt;project.Gui.SchedaInfoContatto$9.mouseClicked(java.awt.event.MouseEvent)&gt; calls method &lt;java.lang.Exception.printStackTrace()&gt; in (SchedaInfoContatto.java:371)&#10;Method &lt;project.Gui.SchedaInfoContatto$9.mouseEntered(java.awt.event.MouseEvent)&gt; calls method &lt;java.lang.Exception.printStackTrace()&gt; in (SchedaInfoContatto.java:380)&#10;Method &lt;project.ImplementazioniDAO.AggiornamentoContattoPostgreSQL.aggiornaContatto(project.Classi.Contatti, project.Classi.Contatti, java.util.ArrayList, java.util.ArrayList, java.util.ArrayList, java.util.ArrayList)&gt; calls method &lt;java.sql.SQLException.printStackTrace()&gt; in (AggiornamentoContattoPostgreSQL.java:46)&#10;Method &lt;project.ImplementazioniDAO.AggiornamentoContattoPostgreSQL.aggiornaContatto(project.Classi.Contatti, project.Classi.Contatti, java.util.ArrayList, java.util.ArrayList, java.util.ArrayList, java.util.ArrayList)&gt; gets field &lt;java.lang.System.out&gt; in (AggiornamentoContattoPostgreSQL.java:45)&#10;Method &lt;project.ImplementazioniDAO.AggiornamentoContattoPostgreSQL.aggiornaEmailSecondarie(java.util.ArrayList, int, java.util.ArrayList)&gt; calls method &lt;java.sql.SQLException.printStackTrace()&gt; in (AggiornamentoContattoPostgreSQL.java:84)&#10;Method &lt;project.ImplementazioniDAO.AggiornamentoContattoPostgreSQL.aggiornaEmailSecondarie(java.util.ArrayList, int, java.util.ArrayList)&gt; gets field &lt;java.lang.System.out&gt; in (AggiornamentoContattoPostgreSQL.java:83)&#10;Method &lt;project.ImplementazioniDAO.AggiornamentoContattoPostgreSQL.splittaIndirizzo(java.lang.String, int)&gt; calls method &lt;java.sql.SQLException.printStackTrace()&gt; in (AggiornamentoContattoPostgreSQL.java:64)&#10;Method &lt;project.ImplementazioniDAO.AggiornamentoContattoPostgreSQL.splittaIndirizzo(java.lang.String, int)&gt; gets field &lt;java.lang.System.out&gt; in (AggiornamentoContattoPostgreSQL.java:63)&#10;Method &lt;project.ImplementazioniDAO.AggiornamentoContattoPostgreSQL.splittaIndirizzoSecondario(java.util.ArrayList, int, java.util.ArrayList)&gt; calls method &lt;java.sql.SQLException.printStackTrace()&gt; in (AggiornamentoContattoPostgreSQL.java:120)&#10;Method &lt;project.ImplementazioniDAO.AggiornamentoContattoPostgreSQL.splittaIndirizzoSecondario(java.util.ArrayList, int, java.util.ArrayList)&gt; gets field &lt;java.lang.System.out&gt; in (AggiornamentoContattoPostgreSQL.java:109)&#10;Method &lt;project.ImplementazioniDAO.AggiornamentoContattoPostgreSQL.splittaIndirizzoSecondario(java.util.ArrayList, int, java.util.ArrayList)&gt; gets field &lt;java.lang.System.out&gt; in (AggiornamentoContattoPostgreSQL.java:119)&#10;Method &lt;project.ImplementazioniDAO.ContattoPostgreSQL.estraiCellulareFisso(int)&gt; calls method &lt;java.lang.Exception.printStackTrace()&gt; in (ContattoPostgreSQL.java:144)&#10;Method &lt;project.ImplementazioniDAO.EmailSecondarioPostgreSQL.inserisciEmailSecondarie(int, java.util.ArrayList)&gt; calls method &lt;java.sql.SQLException.printStackTrace()&gt; in (EmailSecondarioPostgreSQL.java:40)&#10;Method &lt;project.ImplementazioniDAO.EmailSecondarioPostgreSQL.inserisciEmailSecondarie(int, java.util.ArrayList)&gt; gets field &lt;java.lang.System.out&gt; in (EmailSecondarioPostgreSQL.java:39)&#10;Method &lt;project.ImplementazioniDAO.IndirizzoPrincipalePostgreSQL.inserisciIndirizzoPrincipale(int, java.lang.String)&gt; calls method &lt;java.sql.SQLException.printStackTrace()&gt; in (IndirizzoPrincipalePostgreSQL.java:42)&#10;Method &lt;project.ImplementazioniDAO.IndirizzoPrincipalePostgreSQL.inserisciIndirizzoPrincipale(int, java.lang.String)&gt; gets field &lt;java.lang.System.out&gt; in (IndirizzoPrincipalePostgreSQL.java:41)&#10;Method &lt;project.ImplementazioniDAO.IndirizzoSecondarioPostgreSQL.inserisciIndirizzoSecondario(int, java.util.ArrayList)&gt; calls method &lt;java.sql.SQLException.printStackTrace()&gt; in (IndirizzoSecondarioPostgreSQL.java:51)&#10;Method &lt;project.ImplementazioniDAO.IndirizzoSecondarioPostgreSQL.inserisciIndirizzoSecondario(int, java.util.ArrayList)&gt; gets field &lt;java.lang.System.out&gt; in (IndirizzoSecondarioPostgreSQL.java:33)&#10;Method &lt;project.ImplementazioniDAO.IndirizzoSecondarioPostgreSQL.inserisciIndirizzoSecondario(int, java.util.ArrayList)&gt; gets field &lt;java.lang.System.out&gt; in (IndirizzoSecondarioPostgreSQL.java:40)&#10;Method &lt;project.ImplementazioniDAO.IndirizzoSecondarioPostgreSQL.inserisciIndirizzoSecondario(int, java.util.ArrayList)&gt; gets field &lt;java.lang.System.out&gt; in (IndirizzoSecondarioPostgreSQL.java:50)&#10;Method &lt;project.ImplementazioniDAO.PartecipazionePostgreSQL.entraInGruppo(int, java.lang.String)&gt; calls method &lt;java.sql.SQLException.printStackTrace()&gt; in (PartecipazionePostgreSQL.java:32)&#10;Method &lt;project.ImplementazioniDAO.PartecipazionePostgreSQL.entraInGruppo(int, java.lang.String)&gt; gets field &lt;java.lang.System.out&gt; in (PartecipazionePostgreSQL.java:31)&#10;Method &lt;project.ImplementazioniDAO.RicercaContattoPostgreSQL.ricercaNickname(java.lang.String)&gt; calls method &lt;java.sql.SQLException.printStackTrace()&gt; in (RicercaContattoPostgreSQL.java:105)&#10;Method &lt;project.arch.MetricsRunner.lambda$main$0(com.tngtech.archunit.library.metrics.ComponentDependencyMetrics, com.tngtech.archunit.library.metrics.MetricsComponent)&gt; gets field &lt;java.lang.System.out&gt; in (MetricsRunner.java:24)&#10;Method &lt;project.arch.MetricsRunner.lambda$main$0(com.tngtech.archunit.library.metrics.ComponentDependencyMetrics, com.tngtech.archunit.library.metrics.MetricsComponent)&gt; gets field &lt;java.lang.System.out&gt; in (MetricsRunner.java:25)&#10;Method &lt;project.arch.MetricsRunner.lambda$main$0(com.tngtech.archunit.library.metrics.ComponentDependencyMetrics, com.tngtech.archunit.library.metrics.MetricsComponent)&gt; gets field &lt;java.lang.System.out&gt; in (MetricsRunner.java:26)&#10;Method &lt;project.arch.MetricsRunner.lambda$main$0(com.tngtech.archunit.library.metrics.ComponentDependencyMetrics, com.tngtech.archunit.library.metrics.MetricsComponent)&gt; gets field &lt;java.lang.System.out&gt; in (MetricsRunner.java:27)&#10;Method &lt;project.arch.MetricsRunner.lambda$main$0(com.tngtech.archunit.library.metrics.ComponentDependencyMetrics, com.tngtech.archunit.library.metrics.MetricsComponent)&gt; gets field &lt;java.lang.System.out&gt; in (MetricsRunner.java:28)&#10;Method &lt;project.arch.MetricsRunner.lambda$main$0(com.tngtech.archunit.library.metrics.ComponentDependencyMetrics, com.tngtech.archunit.library.metrics.MetricsComponent)&gt; gets field &lt;java.lang.System.out&gt; in (MetricsRunner.java:29)" type="java.lang.AssertionError"><![CDATA[java.lang.AssertionError: Architecture Violation [Priority: MEDIUM] - Rule 'no classes should access standard streams' was violated (85 times):
Constructor <project.ConnessioneDB.Connessione.<init>()> calls method <java.lang.ClassNotFoundException.printStackTrace()> in (Connessione.java:25)
Constructor <project.ConnessioneDB.Connessione.<init>()> gets field <java.lang.System.out> in (Connessione.java:24)
Constructor <project.ImplementazioniDAO.AggiornamentoContattoPostgreSQL.<init>()> calls method <java.sql.SQLException.printStackTrace()> in (AggiornamentoContattoPostgreSQL.java:22)
Constructor <project.ImplementazioniDAO.ContattoPostgreSQL.<init>()> calls method <java.sql.SQLException.printStackTrace()> in (ContattoPostgreSQL.java:21)
Constructor <project.ImplementazioniDAO.ContattoPostgreSQL.<init>()> gets field <java.lang.System.out> in (ContattoPostgreSQL.java:20)
Constructor <project.ImplementazioniDAO.EmailPostgreSQL.<init>()> calls method <java.sql.SQLException.printStackTrace()> in (EmailPostgreSQL.java:20)
Constructor <project.ImplementazioniDAO.EmailPostgreSQL.<init>()> gets field <java.lang.System.out> in (EmailPostgreSQL.java:19)
Constructor <project.ImplementazioniDAO.EmailSecondarioPostgreSQL.<init>()> calls method <java.sql.SQLException.printStackTrace()> in (EmailSecondarioPostgreSQL.java:20)
Constructor <project.ImplementazioniDAO.GruppoPostgreSQL.<init>()> calls method <java.sql.SQLException.printStackTrace()> in (GruppoPostgreSQL.java:19)
Constructor <project.ImplementazioniDAO.IndirizzoPrincipalePostgreSQL.<init>()> calls method <java.sql.SQLException.printStackTrace()> in (IndirizzoPrincipalePostgreSQL.java:19)
Constructor <project.ImplementazioniDAO.IndirizzoPrincipalePostgreSQL.<init>()> gets field <java.lang.System.out> in (IndirizzoPrincipalePostgreSQL.java:18)
Constructor <project.ImplementazioniDAO.IndirizzoSecondarioPostgreSQL.<init>()> calls method <java.sql.SQLException.printStackTrace()> in (IndirizzoSecondarioPostgreSQL.java:20)
Constructor <project.ImplementazioniDAO.MessagingPostgreSQL.<init>()> calls method <java.sql.SQLException.printStackTrace()> in (MessagingPostgreSQL.java:16)
Constructor <project.ImplementazioniDAO.MessagingPostgreSQL.<init>()> gets field <java.lang.System.out> in (MessagingPostgreSQL.java:15)
Constructor <project.ImplementazioniDAO.NumeroCellularePostgreSQL.<init>()> calls method <java.sql.SQLException.printStackTrace()> in (NumeroCellularePostgreSQL.java:19)
Constructor <project.ImplementazioniDAO.NumeroCellularePostgreSQL.<init>()> gets field <java.lang.System.out> in (NumeroCellularePostgreSQL.java:18)
Constructor <project.ImplementazioniDAO.NumeroFissoPostgreSQL.<init>()> calls method <java.sql.SQLException.printStackTrace()> in (NumeroFissoPostgreSQL.java:19)
Constructor <project.ImplementazioniDAO.NumeroFissoPostgreSQL.<init>()> gets field <java.lang.System.out> in (NumeroFissoPostgreSQL.java:18)
Constructor <project.ImplementazioniDAO.PartecipazionePostgreSQL.<init>()> calls method <java.sql.SQLException.printStackTrace()> in (PartecipazionePostgreSQL.java:18)
Constructor <project.ImplementazioniDAO.PartecipazionePostgreSQL.<init>()> gets field <java.lang.System.out> in (PartecipazionePostgreSQL.java:17)
Constructor <project.ImplementazioniDAO.RicercaContattoPostgreSQL.<init>()> calls method <java.sql.SQLException.printStackTrace()> in (RicercaContattoPostgreSQL.java:24)
Method <project.Gui.CreaContatto$1.actionPerformed(java.awt.event.ActionEvent)> calls method <java.lang.Exception.printStackTrace()> in (CreaContatto.java:128)
Method <project.Gui.CreaContatto$5.mouseClicked(java.awt.event.MouseEvent)> calls method <java.lang.Exception.printStackTrace()> in (CreaContatto.java:225)
Method <project.Gui.CreaContatto$5.mouseEntered(java.awt.event.MouseEvent)> calls method <java.lang.Exception.printStackTrace()> in (CreaContatto.java:235)
Method <project.Gui.CreaContatto$6.mouseClicked(java.awt.event.MouseEvent)> calls method <java.lang.Exception.printStackTrace()> in (CreaContatto.java:265)
Method <project.Gui.CreaContatto$6.mouseEntered(java.awt.event.MouseEvent)> calls method <java.lang.Exception.printStackTrace()> in (CreaContatto.java:292)
Method <project.Gui.CreaContatto$7.mouseClicked(java.awt.event.MouseEvent)> calls method <java.lang.Exception.printStackTrace()> in (CreaContatto.java:319)
Method <project.Gui.CreaContatto$7.mouseEntered(java.awt.event.MouseEvent)> calls method <java.lang.Exception.printStackTrace()> in (CreaContatto.java:347)
Method <project.Gui.CreaContatto$8.mouseClicked(java.awt.event.MouseEvent)> calls method <java.lang.Exception.printStackTrace()> in (CreaContatto.java:381)
Method <project.Gui.CreaContatto$8.mouseEntered(java.awt.event.MouseEvent)> calls method <java.lang.Exception.printStackTrace()> in (CreaContatto.java:389)
Method <project.Gui.CreaContatto$9.mouseClicked(java.awt.event.MouseEvent)> calls method <java.lang.Exception.printStackTrace()> in (CreaContatto.java:416)
Method <project.Gui.CreaContatto$9.mouseEntered(java.awt.event.MouseEvent)> calls method <java.lang.Exception.printStackTrace()> in (CreaContatto.java:424)
Method <project.Gui.Homepage$1.mouseClicked(java.awt.event.MouseEvent)> calls method <java.lang.Exception.printStackTrace()> in (Homepage.java:84)
Method <project.Gui.Homepage$1.mouseEntered(java.awt.event.MouseEvent)> calls method <java.lang.Exception.printStackTrace()> in (Homepage.java:93)
Method <project.Gui.Homepage$2.mouseClicked(java.awt.event.MouseEvent)> calls method <java.lang.Exception.printStackTrace()> in (Homepage.java:129)
Method <project.Gui.Homepage$2.mouseEntered(java.awt.event.MouseEvent)> calls method <java.lang.Exception.printStackTrace()> in (Homepage.java:120)
Method <project.Gui.Homepage$3.actionPerformed(java.awt.event.ActionEvent)> calls method <java.lang.Exception.printStackTrace()> in (Homepage.java:148)
Method <project.Gui.Homepage$4.actionPerformed(java.awt.event.ActionEvent)> calls method <java.lang.Exception.printStackTrace()> in (Homepage.java:181)
Method <project.Gui.Reindirizzamento.chiamataCellulare(int)> calls method <java.sql.SQLException.printStackTrace()> in (Reindirizzamento.java:89)
Method <project.Gui.Reindirizzamento.chiamataFisso(int)> calls method <java.sql.SQLException.printStackTrace()> in (Reindirizzamento.java:111)
Method <project.Gui.RicercaContatti$1.keyReleased(java.awt.event.KeyEvent)> calls method <java.sql.SQLException.printStackTrace()> in (RicercaContatti.java:80)
Method <project.Gui.RicercaContatti$2.mouseClicked(java.awt.event.MouseEvent)> calls method <java.lang.Exception.printStackTrace()> in (RicercaContatti.java:106)
Method <project.Gui.RicercaContatti$2.mouseEntered(java.awt.event.MouseEvent)> calls method <java.lang.Exception.printStackTrace()> in (RicercaContatti.java:114)
Method <project.Gui.RicercaContatti$3.actionPerformed(java.awt.event.ActionEvent)> calls method <java.lang.Exception.printStackTrace()> in (RicercaContatti.java:159)
Method <project.Gui.SchedaInfoContatto$1.actionPerformed(java.awt.event.ActionEvent)> calls method <java.lang.Exception.printStackTrace()> in (SchedaInfoContatto.java:111)
Method <project.Gui.SchedaInfoContatto$10.mouseClicked(java.awt.event.MouseEvent)> calls method <java.lang.Exception.printStackTrace()> in (SchedaInfoContatto.java:407)
Method <project.Gui.SchedaInfoContatto$10.mouseEntered(java.awt.event.MouseEvent)> calls method <java.lang.Exception.printStackTrace()> in (SchedaInfoContatto.java:416)
Method <project.Gui.SchedaInfoContatto$2.actionPerformed(java.awt.event.ActionEvent)> calls method <java.lang.Exception.printStackTrace()> in (SchedaInfoContatto.java:126)
Method <project.Gui.SchedaInfoContatto$3.mouseClicked(java.awt.event.MouseEvent)> calls method <java.lang.Exception.printStackTrace()> in (SchedaInfoContatto.java:146)
Method <project.Gui.SchedaInfoContatto$3.mouseEntered(java.awt.event.MouseEvent)> calls method <java.lang.Exception.printStackTrace()> in (SchedaInfoContatto.java:157)
Method <project.Gui.SchedaInfoContatto$5.mouseEntered(java.awt.event.MouseEvent)> calls method <java.lang.Exception.printStackTrace()> in (SchedaInfoContatto.java:227)
Method <project.Gui.SchedaInfoContatto$6.mouseClicked(java.awt.event.MouseEvent)> calls method <java.lang.Exception.printStackTrace()> in (SchedaInfoContatto.java:260)
Method <project.Gui.SchedaInfoContatto$6.mouseEntered(java.awt.event.MouseEvent)> calls method <java.lang.Exception.printStackTrace()> in (SchedaInfoContatto.java:269)
Method <project.Gui.SchedaInfoContatto$7.mouseClicked(java.awt.event.MouseEvent)> calls method <java.lang.Exception.printStackTrace()> in (SchedaInfoContatto.java:296)
Method <project.Gui.SchedaInfoContatto$7.mouseEntered(java.awt.event.MouseEvent)> calls method <java.lang.Exception.printStackTrace()> in (SchedaInfoContatto.java:305)
Method <project.Gui.SchedaInfoContatto$8.mouseEntered(java.awt.event.MouseEvent)> calls method <java.lang.Exception.printStackTrace()> in (SchedaInfoContatto.java:344)
Method <project.Gui.SchedaInfoContatto$9.mouseClicked(java.awt.event.MouseEvent)> calls method <java.lang.Exception.printStackTrace()> in (SchedaInfoContatto.java:371)
Method <project.Gui.SchedaInfoContatto$9.mouseEntered(java.awt.event.MouseEvent)> calls method <java.lang.Exception.printStackTrace()> in (SchedaInfoContatto.java:380)
Method <project.ImplementazioniDAO.AggiornamentoContattoPostgreSQL.aggiornaContatto(project.Classi.Contatti, project.Classi.Contatti, java.util.ArrayList, java.util.ArrayList, java.util.ArrayList, java.util.ArrayList)> calls method <java.sql.SQLException.printStackTrace()> in (AggiornamentoContattoPostgreSQL.java:46)
Method <project.ImplementazioniDAO.AggiornamentoContattoPostgreSQL.aggiornaContatto(project.Classi.Contatti, project.Classi.Contatti, java.util.ArrayList, java.util.ArrayList, java.util.ArrayList, java.util.ArrayList)> gets field <java.lang.System.out> in (AggiornamentoContattoPostgreSQL.java:45)
Method <project.ImplementazioniDAO.AggiornamentoContattoPostgreSQL.aggiornaEmailSecondarie(java.util.ArrayList, int, java.util.ArrayList)> calls method <java.sql.SQLException.printStackTrace()> in (AggiornamentoContattoPostgreSQL.java:84)
Method <project.ImplementazioniDAO.AggiornamentoContattoPostgreSQL.aggiornaEmailSecondarie(java.util.ArrayList, int, java.util.ArrayList)> gets field <java.lang.System.out> in (AggiornamentoContattoPostgreSQL.java:83)
Method <project.ImplementazioniDAO.AggiornamentoContattoPostgreSQL.splittaIndirizzo(java.lang.String, int)> calls method <java.sql.SQLException.printStackTrace()> in (AggiornamentoContattoPostgreSQL.java:64)
Method <project.ImplementazioniDAO.AggiornamentoContattoPostgreSQL.splittaIndirizzo(java.lang.String, int)> gets field <java.lang.System.out> in (AggiornamentoContattoPostgreSQL.java:63)
Method <project.ImplementazioniDAO.AggiornamentoContattoPostgreSQL.splittaIndirizzoSecondario(java.util.ArrayList, int, java.util.ArrayList)> calls method <java.sql.SQLException.printStackTrace()> in (AggiornamentoContattoPostgreSQL.java:120)
Method <project.ImplementazioniDAO.AggiornamentoContattoPostgreSQL.splittaIndirizzoSecondario(java.util.ArrayList, int, java.util.ArrayList)> gets field <java.lang.System.out> in (AggiornamentoContattoPostgreSQL.java:109)
Method <project.ImplementazioniDAO.AggiornamentoContattoPostgreSQL.splittaIndirizzoSecondario(java.util.ArrayList, int, java.util.ArrayList)> gets field <java.lang.System.out> in (AggiornamentoContattoPostgreSQL.java:119)
Method <project.ImplementazioniDAO.ContattoPostgreSQL.estraiCellulareFisso(int)> calls method <java.lang.Exception.printStackTrace()> in (ContattoPostgreSQL.java:144)
Method <project.ImplementazioniDAO.EmailSecondarioPostgreSQL.inserisciEmailSecondarie(int, java.util.ArrayList)> calls method <java.sql.SQLException.printStackTrace()> in (EmailSecondarioPostgreSQL.java:40)
Method <project.ImplementazioniDAO.EmailSecondarioPostgreSQL.inserisciEmailSecondarie(int, java.util.ArrayList)> gets field <java.lang.System.out> in (EmailSecondarioPostgreSQL.java:39)
Method <project.ImplementazioniDAO.IndirizzoPrincipalePostgreSQL.inserisciIndirizzoPrincipale(int, java.lang.String)> calls method <java.sql.SQLException.printStackTrace()> in (IndirizzoPrincipalePostgreSQL.java:42)
Method <project.ImplementazioniDAO.IndirizzoPrincipalePostgreSQL.inserisciIndirizzoPrincipale(int, java.lang.String)> gets field <java.lang.System.out> in (IndirizzoPrincipalePostgreSQL.java:41)
Method <project.ImplementazioniDAO.IndirizzoSecondarioPostgreSQL.inserisciIndirizzoSecondario(int, java.util.ArrayList)> calls method <java.sql.SQLException.printStackTrace()> in (IndirizzoSecondarioPostgreSQL.java:51)
Method <project.ImplementazioniDAO.IndirizzoSecondarioPostgreSQL.inserisciIndirizzoSecondario(int, java.util.ArrayList)> gets field <java.lang.System.out> in (IndirizzoSecondarioPostgreSQL.java:33)
Method <project.ImplementazioniDAO.IndirizzoSecondarioPostgreSQL.inserisciIndirizzoSecondario(int, java.util.ArrayList)> gets field <java.lang.System.out> in (IndirizzoSecondarioPostgreSQL.java:40)
Method <project.ImplementazioniDAO.IndirizzoSecondarioPostgreSQL.inserisciIndirizzoSecondario(int, java.util.ArrayList)> gets field <java.lang.System.out> in (IndirizzoSecondarioPostgreSQL.java:50)
Method <project.ImplementazioniDAO.PartecipazionePostgreSQL.entraInGruppo(int, java.lang.String)> calls method <java.sql.SQLException.printStackTrace()> in (PartecipazionePostgreSQL.java:32)
Method <project.ImplementazioniDAO.PartecipazionePostgreSQL.entraInGruppo(int, java.lang.String)> gets field <java.lang.System.out> in (PartecipazionePostgreSQL.java:31)
Method <project.ImplementazioniDAO.RicercaContattoPostgreSQL.ricercaNickname(java.lang.String)> calls method <java.sql.SQLException.printStackTrace()> in (RicercaContattoPostgreSQL.java:105)
Method <project.arch.MetricsRunner.lambda$main$0(com.tngtech.archunit.library.metrics.ComponentDependencyMetrics, com.tngtech.archunit.library.metrics.MetricsComponent)> gets field <java.lang.System.out> in (MetricsRunner.java:24)
Method <project.arch.MetricsRunner.lambda$main$0(com.tngtech.archunit.library.metrics.ComponentDependencyMetrics, com.tngtech.archunit.library.metrics.MetricsComponent)> gets field <java.lang.System.out> in (MetricsRunner.java:25)
Method <project.arch.MetricsRunner.lambda$main$0(com.tngtech.archunit.library.metrics.ComponentDependencyMetrics, com.tngtech.archunit.library.metrics.MetricsComponent)> gets field <java.lang.System.out> in (MetricsRunner.java:26)
Method <project.arch.MetricsRunner.lambda$main$0(com.tngtech.archunit.library.metrics.ComponentDependencyMetrics, com.tngtech.archunit.library.metrics.MetricsComponent)> gets field <java.lang.System.out> in (MetricsRunner.java:27)
Method <project.arch.MetricsRunner.lambda$main$0(com.tngtech.archunit.library.metrics.ComponentDependencyMetrics, com.tngtech.archunit.library.metrics.MetricsComponent)> gets field <java.lang.System.out> in (MetricsRunner.java:28)
Method <project.arch.MetricsRunner.lambda$main$0(com.tngtech.archunit.library.metrics.ComponentDependencyMetrics, com.tngtech.archunit.library.metrics.MetricsComponent)> gets field <java.lang.System.out> in (MetricsRunner.java:29)
	at com.tngtech.archunit.lang.ArchRule$Assertions.assertNoViolation(ArchRule.java:94)
	at com.tngtech.archunit.lang.ArchRule$Assertions.check(ArchRule.java:82)
	at com.tngtech.archunit.lang.ArchRule$Factory$SimpleArchRule.check(ArchRule.java:198)
	at com.tngtech.archunit.lang.syntax.ObjectsShouldInternal.check(ObjectsShouldInternal.java:81)
	at com.tngtech.archunit.junit.ArchRuleExecution.evaluateOn(ArchRuleExecution.java:43)
	at com.tngtech.archunit.junit.ArchUnitRunner.runChild(ArchUnitRunner.java:154)
	at com.tngtech.archunit.junit.ArchUnitRunner.runChild(ArchUnitRunner.java:63)
	at org.junit.runners.ParentRunner$3.run(ParentRunner.java:238)
	at org.junit.runners.ParentRunner$1.schedule(ParentRunner.java:63)
	at org.junit.runners.ParentRunner.runChildren(ParentRunner.java:236)
	at org.junit.runners.ParentRunner.access$000(ParentRunner.java:53)
	at org.junit.runners.ParentRunner$2.evaluate(ParentRunner.java:229)
	at com.tngtech.archunit.junit.ArchUnitRunner$1.evaluate(ArchUnitRunner.java:88)
	at org.junit.runners.ParentRunner.run(ParentRunner.java:309)
	at org.apache.maven.surefire.junit4.JUnit4Provider.execute(JUnit4Provider.java:283)
	at org.apache.maven.surefire.junit4.JUnit4Provider.executeWithRerun(JUnit4Provider.java:173)
	at org.apache.maven.surefire.junit4.JUnit4Provider.executeTestSet(JUnit4Provider.java:153)
	at org.apache.maven.surefire.junit4.JUnit4Provider.invoke(JUnit4Provider.java:128)
	at org.apache.maven.surefire.booter.ForkedBooter.invokeProviderInSameClassLoader(ForkedBooter.java:203)
	at org.apache.maven.surefire.booter.ForkedBooter.runSuitesInProcess(ForkedBooter.java:155)
	at org.apache.maven.surefire.booter.ForkedBooter.main(ForkedBooter.java:103)
]]></failure>
    <system-err><![CDATA[[main] INFO com.tngtech.archunit.core.PluginLoader - Detected Java version 1.8.0_201
]]></system-err>
  </testcase>
  <testcase name="generic_exception_are_not_thrown" classname="project.arch.BestPracticesTest" time="0"/>
  <testcase name="java_util_logging_is_not_used" classname="project.arch.BestPracticesTest" time="0.001"/>
  <testcase name="field_injection_is_not_used" classname="project.arch.BestPracticesTest" time="0.011"/>
</testsuite>