<?xml version="1.0" encoding="UTF-8"?>
<testsuite name="project.arch.LayerContainmentTest" time="0.025" tests="8" errors="0" skipped="0" failures="2">
  <properties>
[...]
</properties>
  <testcase name="controllers_reside_in_the_controller_layer" classname="project.arch.LayerContainmentTest" time="0.014"/>
  <testcase name="controllers_only_reside_in_the_controller_layer" classname="project.arch.LayerContainmentTest" time="0.003">
    <failure message="Architecture Violation [Priority: MEDIUM] - Rule &apos;no classes that have simple name not ending with &apos;Controller&apos; should reside in a package &apos;project.controller&apos;&apos; was violated (4 times):&#10;Class &lt;project.controller.Controller$1&gt; does reside in a package &apos;project.controller&apos; in (Controller.java:0)&#10;Class &lt;project.controller.Controller$2&gt; does reside in a package &apos;project.controller&apos; in (Controller.java:0)&#10;Class &lt;project.controller.Controller$3&gt; does reside in a package &apos;project.controller&apos; in (Controller.java:0)&#10;Class &lt;project.controller.Controller$4&gt; does reside in a package &apos;project.controller&apos; in (Controller.java:0)" type="java.lang.AssertionError"><![CDATA[java.lang.AssertionError: Architecture Violation [Priority: MEDIUM] - Rule 'no classes that have simple name not ending with 'Controller' should reside in a package 'project.controller'' was violated (4 times):
Class <project.controller.Controller$1> does reside in a package 'project.controller' in (Controller.java:0)
Class <project.controller.Controller$2> does reside in a package 'project.controller' in (Controller.java:0)
Class <project.controller.Controller$3> does reside in a package 'project.controller' in (Controller.java:0)
Class <project.controller.Controller$4> does reside in a package 'project.controller' in (Controller.java:0)
	at com.tngtech.archunit.lang.ArchRule$Assertions.assertNoViolation(ArchRule.java:94)
	at com.tngtech.archunit.lang.ArchRule$Assertions.check(ArchRule.java:82)
	at com.tngtech.archunit.lang.ArchRule$Factory$SimpleArchRule.check(ArchRule.java:198)
	at com.tngtech.archunit.lang.syntax.ObjectsShouldInternal.check(ObjectsShouldInternal.java:81)
	at com.tngtech.archunit.junit.ArchRuleExecution.evaluateOn(ArchRuleExecution.java:43)
	at com.tngtech.archunit.junit.ArchUnitRunner.runChild(ArchUnitRunner.java:154)
	at com.tngtech.archunit.junit.ArchUnitRunner.runChild(ArchUnitRunner.java:63)
	at org.junit.runners.ParentRunner$3.run(ParentRunner.java:238)
	at org.junit.runners.ParentRunner$1.schedule(ParentRunner.java:63)
	at org.junit.runners.ParentRunner.runChildren(ParentRunner.java:236)
	at org.junit.runners.ParentRunner.access$000(ParentRunner.java:53)
	at org.junit.runners.ParentRunner$2.evaluate(ParentRunner.java:229)
	at com.tngtech.archunit.junit.ArchUnitRunner$1.evaluate(ArchUnitRunner.java:88)
	at org.junit.runners.ParentRunner.run(ParentRunner.java:309)
	at org.apache.maven.surefire.junit4.JUnit4Provider.execute(JUnit4Provider.java:283)
	at org.apache.maven.surefire.junit4.JUnit4Provider.executeWithRerun(JUnit4Provider.java:173)
	at org.apache.maven.surefire.junit4.JUnit4Provider.executeTestSet(JUnit4Provider.java:153)
	at org.apache.maven.surefire.junit4.JUnit4Provider.invoke(JUnit4Provider.java:128)
	at org.apache.maven.surefire.booter.ForkedBooter.invokeProviderInSameClassLoader(ForkedBooter.java:203)
	at org.apache.maven.surefire.booter.ForkedBooter.runSuitesInProcess(ForkedBooter.java:155)
	at org.apache.maven.surefire.booter.ForkedBooter.main(ForkedBooter.java:103)
]]></failure>
  </testcase>
  <testcase name="DAOs_reside_in_the_DAO_layer" classname="project.arch.LayerContainmentTest" time="0"/>
  <testcase name="DAOs_only_reside_in_the_DAO_layer" classname="project.arch.LayerContainmentTest" time="0.002"/>
  <testcase name="DAO_implementations_reside_in_the_DAO_implementation_layer" classname="project.arch.LayerContainmentTest" time="0"/>
  <testcase name="DAO_implementations_only_reside_in_the_DAO_implementation_layer" classname="project.arch.LayerContainmentTest" time="0.001"/>
  <testcase name="GUIs_reside_in_the_GUI_layer" classname="project.arch.LayerContainmentTest" time="0.001"/>
  <testcase name="GUIs_only_reside_in_the_GUI_layer" classname="project.arch.LayerContainmentTest" time="0.004">
    <failure message="Architecture Violation [Priority: MEDIUM] - Rule &apos;no classes that have simple name not ending with &apos;GUI&apos; should reside in a package &apos;project.GUI&apos;&apos; was violated (49 times):&#10;Class &lt;project.GUI.CreazioneTest$10&gt; does reside in a package &apos;project.GUI&apos; in (CreazioneTest.java:0)&#10;Class &lt;project.GUI.CreazioneTest$11&gt; does reside in a package &apos;project.GUI&apos; in (CreazioneTest.java:0)&#10;Class &lt;project.GUI.CreazioneTest$12&gt; does reside in a package &apos;project.GUI&apos; in (CreazioneTest.java:0)&#10;Class &lt;project.GUI.CreazioneTest$13&gt; does reside in a package &apos;project.GUI&apos; in (CreazioneTest.java:0)&#10;Class &lt;project.GUI.CreazioneTest$1&gt; does reside in a package &apos;project.GUI&apos; in (CreazioneTest.java:0)&#10;Class &lt;project.GUI.CreazioneTest$2&gt; does reside in a package &apos;project.GUI&apos; in (CreazioneTest.java:0)&#10;Class &lt;project.GUI.CreazioneTest$3&gt; does reside in a package &apos;project.GUI&apos; in (CreazioneTest.java:0)&#10;Class &lt;project.GUI.CreazioneTest$4&gt; does reside in a package &apos;project.GUI&apos; in (CreazioneTest.java:0)&#10;Class &lt;project.GUI.CreazioneTest$5&gt; does reside in a package &apos;project.GUI&apos; in (CreazioneTest.java:0)&#10;Class &lt;project.GUI.CreazioneTest$6&gt; does reside in a package &apos;project.GUI&apos; in (CreazioneTest.java:0)&#10;Class &lt;project.GUI.CreazioneTest$7&gt; does reside in a package &apos;project.GUI&apos; in (CreazioneTest.java:0)&#10;Class &lt;project.GUI.CreazioneTest$8&gt; does reside in a package &apos;project.GUI&apos; in (CreazioneTest.java:0)&#10;Class &lt;project.GUI.CreazioneTest$9&gt; does reside in a package &apos;project.GUI&apos; in (CreazioneTest.java:0)&#10;Class &lt;project.GUI.CreazioneTest&gt; does reside in a package &apos;project.GUI&apos; in (CreazioneTest.java:0)&#10;Class &lt;project.GUI.Home$1&gt; does reside in a package &apos;project.GUI&apos; in (Home.java:0)&#10;Class &lt;project.GUI.Home$2&gt; does reside in a package &apos;project.GUI&apos; in (Home.java:0)&#10;Class &lt;project.GUI.Home&gt; does reside in a package &apos;project.GUI&apos; in (Home.java:0)&#10;Class &lt;project.GUI.Main$1&gt; does reside in a package &apos;project.GUI&apos; in (Main.java:0)&#10;Class &lt;project.GUI.Main&gt; does reside in a package &apos;project.GUI&apos; in (Main.java:0)&#10;Class &lt;project.GUI.SignIn$1&gt; does reside in a package &apos;project.GUI&apos; in (SignIn.java:0)&#10;Class &lt;project.GUI.SignIn$2&gt; does reside in a package &apos;project.GUI&apos; in (SignIn.java:0)&#10;Class &lt;project.GUI.SignIn&gt; does reside in a package &apos;project.GUI&apos; in (SignIn.java:0)&#10;Class &lt;project.GUI.SignInI$1&gt; does reside in a package &apos;project.GUI&apos; in (SignInI.java:0)&#10;Class &lt;project.GUI.SignInI$2&gt; does reside in a package &apos;project.GUI&apos; in (SignInI.java:0)&#10;Class &lt;project.GUI.SignInI$3&gt; does reside in a package &apos;project.GUI&apos; in (SignInI.java:0)&#10;Class &lt;project.GUI.SignInI$4&gt; does reside in a package &apos;project.GUI&apos; in (SignInI.java:0)&#10;Class &lt;project.GUI.SignInI$5$1&gt; does reside in a package &apos;project.GUI&apos; in (SignInI.java:0)&#10;Class &lt;project.GUI.SignInI$5&gt; does reside in a package &apos;project.GUI&apos; in (SignInI.java:0)&#10;Class &lt;project.GUI.SignInI$6&gt; does reside in a package &apos;project.GUI&apos; in (SignInI.java:0)&#10;Class &lt;project.GUI.SignInI$7&gt; does reside in a package &apos;project.GUI&apos; in (SignInI.java:0)&#10;Class &lt;project.GUI.SignInI&gt; does reside in a package &apos;project.GUI&apos; in (SignInI.java:0)&#10;Class &lt;project.GUI.SignInS$1&gt; does reside in a package &apos;project.GUI&apos; in (SignInS.java:0)&#10;Class &lt;project.GUI.SignInS$2&gt; does reside in a package &apos;project.GUI&apos; in (SignInS.java:0)&#10;Class &lt;project.GUI.SignInS$3&gt; does reside in a package &apos;project.GUI&apos; in (SignInS.java:0)&#10;Class &lt;project.GUI.SignInS$4&gt; does reside in a package &apos;project.GUI&apos; in (SignInS.java:0)&#10;Class &lt;project.GUI.SignInS$5$1&gt; does reside in a package &apos;project.GUI&apos; in (SignInS.java:0)&#10;Class &lt;project.GUI.SignInS$5&gt; does reside in a package &apos;project.GUI&apos; in (SignInS.java:0)&#10;Class &lt;project.GUI.SignInS&gt; does reside in a package &apos;project.GUI&apos; in (SignInS.java:0)&#10;Class &lt;project.GUI.SignUp$1&gt; does reside in a package &apos;project.GUI&apos; in (SignUp.java:0)&#10;Class &lt;project.GUI.SignUp$2&gt; does reside in a package &apos;project.GUI&apos; in (SignUp.java:0)&#10;Class &lt;project.GUI.SignUp$3&gt; does reside in a package &apos;project.GUI&apos; in (SignUp.java:0)&#10;Class &lt;project.GUI.SignUp&gt; does reside in a package &apos;project.GUI&apos; in (SignUp.java:0)&#10;Class &lt;project.GUI.SvolgimentoTest$1&gt; does reside in a package &apos;project.GUI&apos; in (SvolgimentoTest.java:0)&#10;Class &lt;project.GUI.SvolgimentoTest&gt; does reside in a package &apos;project.GUI&apos; in (SvolgimentoTest.java:0)&#10;Class &lt;project.GUI.ValutazioneTest$1&gt; does reside in a package &apos;project.GUI&apos; in (ValutazioneTest.java:0)&#10;Class &lt;project.GUI.ValutazioneTest$2&gt; does reside in a package &apos;project.GUI&apos; in (ValutazioneTest.java:0)&#10;Class &lt;project.GUI.ValutazioneTest$3&gt; does reside in a package &apos;project.GUI&apos; in (ValutazioneTest.java:0)&#10;Class &lt;project.GUI.ValutazioneTest$4&gt; does reside in a package &apos;project.GUI&apos; in (ValutazioneTest.java:0)&#10;Class &lt;project.GUI.ValutazioneTest&gt; does reside in a package &apos;project.GUI&apos; in (ValutazioneTest.java:0)" type="java.lang.AssertionError"><![CDATA[java.lang.AssertionError: Architecture Violation [Priority: MEDIUM] - Rule 'no classes that have simple name not ending with 'GUI' should reside in a package 'project.GUI'' was violated (49 times):
Class <project.GUI.CreazioneTest$10> does reside in a package 'project.GUI' in (CreazioneTest.java:0)
Class <project.GUI.CreazioneTest$11> does reside in a package 'project.GUI' in (CreazioneTest.java:0)
Class <project.GUI.CreazioneTest$12> does reside in a package 'project.GUI' in (CreazioneTest.java:0)
Class <project.GUI.CreazioneTest$13> does reside in a package 'project.GUI' in (CreazioneTest.java:0)
Class <project.GUI.CreazioneTest$1> does reside in a package 'project.GUI' in (CreazioneTest.java:0)
Class <project.GUI.CreazioneTest$2> does reside in a package 'project.GUI' in (CreazioneTest.java:0)
Class <project.GUI.CreazioneTest$3> does reside in a package 'project.GUI' in (CreazioneTest.java:0)
Class <project.GUI.CreazioneTest$4> does reside in a package 'project.GUI' in (CreazioneTest.java:0)
Class <project.GUI.CreazioneTest$5> does reside in a package 'project.GUI' in (CreazioneTest.java:0)
Class <project.GUI.CreazioneTest$6> does reside in a package 'project.GUI' in (CreazioneTest.java:0)
Class <project.GUI.CreazioneTest$7> does reside in a package 'project.GUI' in (CreazioneTest.java:0)
Class <project.GUI.CreazioneTest$8> does reside in a package 'project.GUI' in (CreazioneTest.java:0)
Class <project.GUI.CreazioneTest$9> does reside in a package 'project.GUI' in (CreazioneTest.java:0)
Class <project.GUI.CreazioneTest> does reside in a package 'project.GUI' in (CreazioneTest.java:0)
Class <project.GUI.Home$1> does reside in a package 'project.GUI' in (Home.java:0)
Class <project.GUI.Home$2> does reside in a package 'project.GUI' in (Home.java:0)
Class <project.GUI.Home> does reside in a package 'project.GUI' in (Home.java:0)
Class <project.GUI.Main$1> does reside in a package 'project.GUI' in (Main.java:0)
Class <project.GUI.Main> does reside in a package 'project.GUI' in (Main.java:0)
Class <project.GUI.SignIn$1> does reside in a package 'project.GUI' in (SignIn.java:0)
Class <project.GUI.SignIn$2> does reside in a package 'project.GUI' in (SignIn.java:0)
Class <project.GUI.SignIn> does reside in a package 'project.GUI' in (SignIn.java:0)
Class <project.GUI.SignInI$1> does reside in a package 'project.GUI' in (SignInI.java:0)
Class <project.GUI.SignInI$2> does reside in a package 'project.GUI' in (SignInI.java:0)
Class <project.GUI.SignInI$3> does reside in a package 'project.GUI' in (SignInI.java:0)
Class <project.GUI.SignInI$4> does reside in a package 'project.GUI' in (SignInI.java:0)
Class <project.GUI.SignInI$5$1> does reside in a package 'project.GUI' in (SignInI.java:0)
Class <project.GUI.SignInI$5> does reside in a package 'project.GUI' in (SignInI.java:0)
Class <project.GUI.SignInI$6> does reside in a package 'project.GUI' in (SignInI.java:0)
Class <project.GUI.SignInI$7> does reside in a package 'project.GUI' in (SignInI.java:0)
Class <project.GUI.SignInI> does reside in a package 'project.GUI' in (SignInI.java:0)
Class <project.GUI.SignInS$1> does reside in a package 'project.GUI' in (SignInS.java:0)
Class <project.GUI.SignInS$2> does reside in a package 'project.GUI' in (SignInS.java:0)
Class <project.GUI.SignInS$3> does reside in a package 'project.GUI' in (SignInS.java:0)
Class <project.GUI.SignInS$4> does reside in a package 'project.GUI' in (SignInS.java:0)
Class <project.GUI.SignInS$5$1> does reside in a package 'project.GUI' in (SignInS.java:0)
Class <project.GUI.SignInS$5> does reside in a package 'project.GUI' in (SignInS.java:0)
Class <project.GUI.SignInS> does reside in a package 'project.GUI' in (SignInS.java:0)
Class <project.GUI.SignUp$1> does reside in a package 'project.GUI' in (SignUp.java:0)
Class <project.GUI.SignUp$2> does reside in a package 'project.GUI' in (SignUp.java:0)
Class <project.GUI.SignUp$3> does reside in a package 'project.GUI' in (SignUp.java:0)
Class <project.GUI.SignUp> does reside in a package 'project.GUI' in (SignUp.java:0)
Class <project.GUI.SvolgimentoTest$1> does reside in a package 'project.GUI' in (SvolgimentoTest.java:0)
Class <project.GUI.SvolgimentoTest> does reside in a package 'project.GUI' in (SvolgimentoTest.java:0)
Class <project.GUI.ValutazioneTest$1> does reside in a package 'project.GUI' in (ValutazioneTest.java:0)
Class <project.GUI.ValutazioneTest$2> does reside in a package 'project.GUI' in (ValutazioneTest.java:0)
Class <project.GUI.ValutazioneTest$3> does reside in a package 'project.GUI' in (ValutazioneTest.java:0)
Class <project.GUI.ValutazioneTest$4> does reside in a package 'project.GUI' in (ValutazioneTest.java:0)
Class <project.GUI.ValutazioneTest> does reside in a package 'project.GUI' in (ValutazioneTest.java:0)
	at com.tngtech.archunit.lang.ArchRule$Assertions.assertNoViolation(ArchRule.java:94)
	at com.tngtech.archunit.lang.ArchRule$Assertions.check(ArchRule.java:82)
	at com.tngtech.archunit.lang.ArchRule$Factory$SimpleArchRule.check(ArchRule.java:198)
	at com.tngtech.archunit.lang.syntax.ObjectsShouldInternal.check(ObjectsShouldInternal.java:81)
	at com.tngtech.archunit.junit.ArchRuleExecution.evaluateOn(ArchRuleExecution.java:43)
	at com.tngtech.archunit.junit.ArchUnitRunner.runChild(ArchUnitRunner.java:154)
	at com.tngtech.archunit.junit.ArchUnitRunner.runChild(ArchUnitRunner.java:63)
	at org.junit.runners.ParentRunner$3.run(ParentRunner.java:238)
	at org.junit.runners.ParentRunner$1.schedule(ParentRunner.java:63)
	at org.junit.runners.ParentRunner.runChildren(ParentRunner.java:236)
	at org.junit.runners.ParentRunner.access$000(ParentRunner.java:53)
	at org.junit.runners.ParentRunner$2.evaluate(ParentRunner.java:229)
	at com.tngtech.archunit.junit.ArchUnitRunner$1.evaluate(ArchUnitRunner.java:88)
	at org.junit.runners.ParentRunner.run(ParentRunner.java:309)
	at org.apache.maven.surefire.junit4.JUnit4Provider.execute(JUnit4Provider.java:283)
	at org.apache.maven.surefire.junit4.JUnit4Provider.executeWithRerun(JUnit4Provider.java:173)
	at org.apache.maven.surefire.junit4.JUnit4Provider.executeTestSet(JUnit4Provider.java:153)
	at org.apache.maven.surefire.junit4.JUnit4Provider.invoke(JUnit4Provider.java:128)
	at org.apache.maven.surefire.booter.ForkedBooter.invokeProviderInSameClassLoader(ForkedBooter.java:203)
	at org.apache.maven.surefire.booter.ForkedBooter.runSuitesInProcess(ForkedBooter.java:155)
	at org.apache.maven.surefire.booter.ForkedBooter.main(ForkedBooter.java:103)
]]></failure>
  </testcase>
</testsuite>