<?xml version="1.0" encoding="UTF-8"?>
<testsuite name="project.arch.BestPracticesTest" time="0.97" tests="4" errors="0" skipped="0" failures="1">
  <properties>
[...]
</properties>
  <testcase name="system_out_is_not_called" classname="project.arch.BestPracticesTest" time="0.96">
    <failure message="Architecture Violation [Priority: MEDIUM] - Rule &apos;no classes should access standard streams&apos; was violated (99 times):&#10;Constructor &lt;project.database_connection.Database_connection.&lt;init&gt;()&gt; calls method &lt;java.lang.ClassNotFoundException.printStackTrace()&gt; in (Database_connection.java:28)&#10;Constructor &lt;project.database_connection.Database_connection.&lt;init&gt;()&gt; gets field &lt;java.lang.System.out&gt; in (Database_connection.java:27)&#10;Constructor &lt;project.implementazioneDao.ImpStudenteDao.&lt;init&gt;()&gt; calls method &lt;java.sql.SQLException.printStackTrace()&gt; in (ImpStudenteDao.java:20)&#10;Constructor &lt;project.implementazioneDao.ImpStudenteDao.&lt;init&gt;()&gt; gets field &lt;java.lang.System.out&gt; in (ImpStudenteDao.java:19)&#10;Method &lt;project.GUI.Main$1.run()&gt; calls method &lt;java.lang.Exception.printStackTrace()&gt; in (Main.java:39)&#10;Method &lt;project.GUI.SignIn$1.actionPerformed(java.awt.event.ActionEvent)&gt; gets field &lt;java.lang.System.out&gt; in (SignIn.java:86)&#10;Method &lt;project.GUI.SignInI$5.actionPerformed(java.awt.event.ActionEvent)&gt; gets field &lt;java.lang.System.out&gt; in (SignInI.java:236)&#10;Method &lt;project.GUI.SignInS$5.actionPerformed(java.awt.event.ActionEvent)&gt; gets field &lt;java.lang.System.out&gt; in (SignInS.java:239)&#10;Method &lt;project.arch.MetricsRunner.lambda$main$0(com.tngtech.archunit.library.metrics.ComponentDependencyMetrics, com.tngtech.archunit.library.metrics.MetricsComponent)&gt; gets field &lt;java.lang.System.out&gt; in (MetricsRunner.java:24)&#10;Method &lt;project.arch.MetricsRunner.lambda$main$0(com.tngtech.archunit.library.metrics.ComponentDependencyMetrics, com.tngtech.archunit.library.metrics.MetricsComponent)&gt; gets field &lt;java.lang.System.out&gt; in (MetricsRunner.java:25)&#10;Method &lt;project.arch.MetricsRunner.lambda$main$0(com.tngtech.archunit.library.metrics.ComponentDependencyMetrics, com.tngtech.archunit.library.metrics.MetricsComponent)&gt; gets field &lt;java.lang.System.out&gt; in (MetricsRunner.java:26)&#10;Method &lt;project.arch.MetricsRunner.lambda$main$0(com.tngtech.archunit.library.metrics.ComponentDependencyMetrics, com.tngtech.archunit.library.metrics.MetricsComponent)&gt; gets field &lt;java.lang.System.out&gt; in (MetricsRunner.java:27)&#10;Method &lt;project.arch.MetricsRunner.lambda$main$0(com.tngtech.archunit.library.metrics.ComponentDependencyMetrics, com.tngtech.archunit.library.metrics.MetricsComponent)&gt; gets field &lt;java.lang.System.out&gt; in (MetricsRunner.java:28)&#10;Method &lt;project.arch.MetricsRunner.lambda$main$0(com.tngtech.archunit.library.metrics.ComponentDependencyMetrics, com.tngtech.archunit.library.metrics.MetricsComponent)&gt; gets field &lt;java.lang.System.out&gt; in (MetricsRunner.java:29)&#10;Method &lt;project.controller.Controller.SvolgiTestApe(java.lang.String, javax.swing.JPanel, java.awt.CardLayout, project.controller.Controller, java.lang.String)&gt; calls method &lt;java.sql.SQLException.printStackTrace()&gt; in (Controller.java:357)&#10;Method &lt;project.controller.Controller.SvolgiTestApe(java.lang.String, javax.swing.JPanel, java.awt.CardLayout, project.controller.Controller, java.lang.String)&gt; calls method &lt;java.sql.SQLException.printStackTrace()&gt; in (Controller.java:432)&#10;Method &lt;project.controller.Controller.SvolgiTestApe(java.lang.String, javax.swing.JPanel, java.awt.CardLayout, project.controller.Controller, java.lang.String)&gt; gets field &lt;java.lang.System.out&gt; in (Controller.java:356)&#10;Method &lt;project.controller.Controller.SvolgiTestMulti(java.lang.String, javax.swing.JPanel, java.awt.CardLayout, int, int, javax.swing.JPanel, project.controller.Controller, java.lang.String, java.lang.String, javax.swing.JButton)&gt; calls method &lt;java.sql.SQLException.printStackTrace()&gt; in (Controller.java:448)&#10;Method &lt;project.controller.Controller.SvolgiTestMulti(java.lang.String, javax.swing.JPanel, java.awt.CardLayout, int, int, javax.swing.JPanel, project.controller.Controller, java.lang.String, java.lang.String, javax.swing.JButton)&gt; calls method &lt;java.sql.SQLException.printStackTrace()&gt; in (Controller.java:561)&#10;Method &lt;project.controller.Controller.SvolgiTestMulti(java.lang.String, javax.swing.JPanel, java.awt.CardLayout, int, int, javax.swing.JPanel, project.controller.Controller, java.lang.String, java.lang.String, javax.swing.JButton)&gt; gets field &lt;java.lang.System.out&gt; in (Controller.java:447)&#10;Method &lt;project.controller.Controller.TestCorretti(java.lang.String, javax.swing.table.DefaultTableModel)&gt; calls method &lt;java.sql.SQLException.printStackTrace()&gt; in (Controller.java:708)&#10;Method &lt;project.controller.Controller.TestCorretti(java.lang.String, javax.swing.table.DefaultTableModel)&gt; calls method &lt;java.sql.SQLException.printStackTrace()&gt; in (Controller.java:727)&#10;Method &lt;project.controller.Controller.TestCorretti(java.lang.String, javax.swing.table.DefaultTableModel)&gt; gets field &lt;java.lang.System.out&gt; in (Controller.java:707)&#10;Method &lt;project.controller.Controller.contrLog(java.lang.String, java.lang.String)&gt; calls method &lt;java.sql.SQLException.printStackTrace()&gt; in (Controller.java:77)&#10;Method &lt;project.controller.Controller.contrLog(java.lang.String, java.lang.String)&gt; calls method &lt;java.sql.SQLException.printStackTrace()&gt; in (Controller.java:91)&#10;Method &lt;project.controller.Controller.contrLog(java.lang.String, java.lang.String)&gt; gets field &lt;java.lang.System.out&gt; in (Controller.java:76)&#10;Method &lt;project.controller.Controller.contrLogI(java.lang.String, java.lang.String)&gt; calls method &lt;java.sql.SQLException.printStackTrace()&gt; in (Controller.java:104)&#10;Method &lt;project.controller.Controller.contrLogI(java.lang.String, java.lang.String)&gt; calls method &lt;java.sql.SQLException.printStackTrace()&gt; in (Controller.java:118)&#10;Method &lt;project.controller.Controller.contrLogI(java.lang.String, java.lang.String)&gt; gets field &lt;java.lang.System.out&gt; in (Controller.java:103)&#10;Method &lt;project.controller.Controller.controllo(java.lang.String, java.util.List)&gt; calls method &lt;java.sql.SQLException.printStackTrace()&gt; in (Controller.java:670)&#10;Method &lt;project.controller.Controller.controllo(java.lang.String, java.util.List)&gt; calls method &lt;java.sql.SQLException.printStackTrace()&gt; in (Controller.java:694)&#10;Method &lt;project.controller.Controller.controllo(java.lang.String, java.util.List)&gt; gets field &lt;java.lang.System.out&gt; in (Controller.java:669)&#10;Method &lt;project.controller.Controller.getCod_corso(java.lang.String)&gt; calls method &lt;java.sql.SQLException.printStackTrace()&gt; in (Controller.java:602)&#10;Method &lt;project.controller.Controller.getCod_corso(java.lang.String)&gt; calls method &lt;java.sql.SQLException.printStackTrace()&gt; in (Controller.java:616)&#10;Method &lt;project.controller.Controller.getCod_corso(java.lang.String)&gt; gets field &lt;java.lang.System.out&gt; in (Controller.java:601)&#10;Method &lt;project.controller.Controller.getCorso(java.lang.String)&gt; calls method &lt;java.sql.SQLException.printStackTrace()&gt; in (Controller.java:738)&#10;Method &lt;project.controller.Controller.getCorso(java.lang.String)&gt; calls method &lt;java.sql.SQLException.printStackTrace()&gt; in (Controller.java:756)&#10;Method &lt;project.controller.Controller.getCorso(java.lang.String)&gt; gets field &lt;java.lang.System.out&gt; in (Controller.java:737)&#10;Method &lt;project.controller.Controller.getMatricolaI(java.lang.String)&gt; calls method &lt;java.sql.SQLException.printStackTrace()&gt; in (Controller.java:630)&#10;Method &lt;project.controller.Controller.getMatricolaI(java.lang.String)&gt; calls method &lt;java.sql.SQLException.printStackTrace()&gt; in (Controller.java:644)&#10;Method &lt;project.controller.Controller.getMatricolaI(java.lang.String)&gt; gets field &lt;java.lang.System.out&gt; in (Controller.java:629)&#10;Method &lt;project.controller.Controller.getMatricolaS(java.lang.String)&gt; calls method &lt;java.sql.SQLException.printStackTrace()&gt; in (Controller.java:574)&#10;Method &lt;project.controller.Controller.getMatricolaS(java.lang.String)&gt; calls method &lt;java.sql.SQLException.printStackTrace()&gt; in (Controller.java:588)&#10;Method &lt;project.controller.Controller.getMatricolaS(java.lang.String)&gt; gets field &lt;java.lang.System.out&gt; in (Controller.java:573)&#10;Method &lt;project.controller.Controller.riempiCBoxTest(java.lang.String, java.util.List)&gt; calls method &lt;java.sql.SQLException.printStackTrace()&gt; in (Controller.java:189)&#10;Method &lt;project.controller.Controller.riempiCBoxTest(java.lang.String, java.util.List)&gt; calls method &lt;java.sql.SQLException.printStackTrace()&gt; in (Controller.java:205)&#10;Method &lt;project.controller.Controller.riempiCBoxTest(java.lang.String, java.util.List)&gt; gets field &lt;java.lang.System.out&gt; in (Controller.java:188)&#10;Method &lt;project.controller.Controller.riempiCbox(java.lang.String, java.util.List)&gt; calls method &lt;java.sql.SQLException.printStackTrace()&gt; in (Controller.java:131)&#10;Method &lt;project.controller.Controller.riempiCbox(java.lang.String, java.util.List)&gt; calls method &lt;java.sql.SQLException.printStackTrace()&gt; in (Controller.java:147)&#10;Method &lt;project.controller.Controller.riempiCbox(java.lang.String, java.util.List)&gt; gets field &lt;java.lang.System.out&gt; in (Controller.java:130)&#10;Method &lt;project.controller.Controller.riempiCboxS(java.lang.String, java.util.List)&gt; calls method &lt;java.sql.SQLException.printStackTrace()&gt; in (Controller.java:160)&#10;Method &lt;project.controller.Controller.riempiCboxS(java.lang.String, java.util.List)&gt; calls method &lt;java.sql.SQLException.printStackTrace()&gt; in (Controller.java:177)&#10;Method &lt;project.controller.Controller.riempiCboxS(java.lang.String, java.util.List)&gt; gets field &lt;java.lang.System.out&gt; in (Controller.java:159)&#10;Method &lt;project.controller.Controller.riempiTableA(java.lang.String, javax.swing.table.DefaultTableModel)&gt; calls method &lt;java.sql.SQLException.printStackTrace()&gt; in (Controller.java:286)&#10;Method &lt;project.controller.Controller.riempiTableA(java.lang.String, javax.swing.table.DefaultTableModel)&gt; calls method &lt;java.sql.SQLException.printStackTrace()&gt; in (Controller.java:315)&#10;Method &lt;project.controller.Controller.riempiTableA(java.lang.String, javax.swing.table.DefaultTableModel)&gt; gets field &lt;java.lang.System.out&gt; in (Controller.java:285)&#10;Method &lt;project.controller.Controller.riempiTableV(java.lang.String, javax.swing.table.DefaultTableModel, java.lang.String, java.lang.String)&gt; calls method &lt;java.sql.SQLException.printStackTrace()&gt; in (Controller.java:771)&#10;Method &lt;project.controller.Controller.riempiTableV(java.lang.String, javax.swing.table.DefaultTableModel, java.lang.String, java.lang.String)&gt; calls method &lt;java.sql.SQLException.printStackTrace()&gt; in (Controller.java:795)&#10;Method &lt;project.controller.Controller.riempiTableV(java.lang.String, javax.swing.table.DefaultTableModel, java.lang.String, java.lang.String)&gt; gets field &lt;java.lang.System.out&gt; in (Controller.java:770)&#10;Method &lt;project.controller.Controller.togliCBoxText(java.lang.String, java.util.List)&gt; calls method &lt;java.sql.SQLException.printStackTrace()&gt; in (Controller.java:217)&#10;Method &lt;project.controller.Controller.togliCBoxText(java.lang.String, java.util.List)&gt; calls method &lt;java.sql.SQLException.printStackTrace()&gt; in (Controller.java:236)&#10;Method &lt;project.controller.Controller.togliCBoxText(java.lang.String, java.util.List)&gt; gets field &lt;java.lang.System.out&gt; in (Controller.java:216)&#10;Method &lt;project.controller.Controller.updateVoti(java.lang.Object, java.lang.Object, java.lang.Object, java.lang.Float)&gt; calls method &lt;java.sql.SQLException.printStackTrace()&gt; in (Controller.java:328)&#10;Method &lt;project.controller.Controller.updateVoti(java.lang.Object, java.lang.Object, java.lang.Object, java.lang.Float)&gt; calls method &lt;java.sql.SQLException.printStackTrace()&gt; in (Controller.java:342)&#10;Method &lt;project.controller.Controller.updateVoti(java.lang.Object, java.lang.Object, java.lang.Object, java.lang.Float)&gt; gets field &lt;java.lang.System.out&gt; in (Controller.java:327)&#10;Method &lt;project.implementazioneDao.ImpCorsoDao.CorsoDAO()&gt; calls method &lt;java.sql.SQLException.printStackTrace()&gt; in (ImpCorsoDao.java:21)&#10;Method &lt;project.implementazioneDao.ImpCorsoDao.CorsoDAO()&gt; gets field &lt;java.lang.System.out&gt; in (ImpCorsoDao.java:20)&#10;Method &lt;project.implementazioneDao.ImpCorsoDao.InserisciCorso(project.model.Corso)&gt; calls method &lt;java.sql.SQLException.printStackTrace()&gt; in (ImpCorsoDao.java:30)&#10;Method &lt;project.implementazioneDao.ImpCorsoDao.InserisciCorso(project.model.Corso)&gt; calls method &lt;java.sql.SQLException.printStackTrace()&gt; in (ImpCorsoDao.java:56)&#10;Method &lt;project.implementazioneDao.ImpCorsoDao.InserisciCorso(project.model.Corso)&gt; gets field &lt;java.lang.System.out&gt; in (ImpCorsoDao.java:29)&#10;Method &lt;project.implementazioneDao.ImpInsegnanteDao.InsegnanteDAO()&gt; calls method &lt;java.sql.SQLException.printStackTrace()&gt; in (ImpInsegnanteDao.java:19)&#10;Method &lt;project.implementazioneDao.ImpInsegnanteDao.InsegnanteDAO()&gt; gets field &lt;java.lang.System.out&gt; in (ImpInsegnanteDao.java:18)&#10;Method &lt;project.implementazioneDao.ImpInsegnanteDao.InserisciIns(project.model.Insegnante)&gt; calls method &lt;java.sql.SQLException.printStackTrace()&gt; in (ImpInsegnanteDao.java:29)&#10;Method &lt;project.implementazioneDao.ImpInsegnanteDao.InserisciIns(project.model.Insegnante)&gt; calls method &lt;java.sql.SQLException.printStackTrace()&gt; in (ImpInsegnanteDao.java:43)&#10;Method &lt;project.implementazioneDao.ImpInsegnanteDao.InserisciIns(project.model.Insegnante)&gt; gets field &lt;java.lang.System.out&gt; in (ImpInsegnanteDao.java:28)&#10;Method &lt;project.implementazioneDao.ImpQuiz_Risp_ApeDao.ImpQuiz_Risp_ApeDao()&gt; calls method &lt;java.sql.SQLException.printStackTrace()&gt; in (ImpQuiz_Risp_ApeDao.java:20)&#10;Method &lt;project.implementazioneDao.ImpQuiz_Risp_ApeDao.ImpQuiz_Risp_ApeDao()&gt; gets field &lt;java.lang.System.out&gt; in (ImpQuiz_Risp_ApeDao.java:19)&#10;Method &lt;project.implementazioneDao.ImpQuiz_Risp_ApeDao.Quiz_Risp_Ape(project.model.Quiz_risp_ape)&gt; calls method &lt;java.sql.SQLException.printStackTrace()&gt; in (ImpQuiz_Risp_ApeDao.java:34)&#10;Method &lt;project.implementazioneDao.ImpQuiz_Risp_ApeDao.Quiz_Risp_Ape(project.model.Quiz_risp_ape)&gt; calls method &lt;java.sql.SQLException.printStackTrace()&gt; in (ImpQuiz_Risp_ApeDao.java:51)&#10;Method &lt;project.implementazioneDao.ImpQuiz_Risp_ApeDao.Quiz_Risp_Ape(project.model.Quiz_risp_ape)&gt; gets field &lt;java.lang.System.out&gt; in (ImpQuiz_Risp_ApeDao.java:33)&#10;Method &lt;project.implementazioneDao.ImpQuiz_Risp_MulDao.ImpQuiz_Risp_MulDao()&gt; calls method &lt;java.sql.SQLException.printStackTrace()&gt; in (ImpQuiz_Risp_MulDao.java:20)&#10;Method &lt;project.implementazioneDao.ImpQuiz_Risp_MulDao.ImpQuiz_Risp_MulDao()&gt; gets field &lt;java.lang.System.out&gt; in (ImpQuiz_Risp_MulDao.java:19)&#10;Method &lt;project.implementazioneDao.ImpQuiz_Risp_MulDao.Quiz_Risp_Multi(project.model.Quiz_risp_mul)&gt; calls method &lt;java.sql.SQLException.printStackTrace()&gt; in (ImpQuiz_Risp_MulDao.java:34)&#10;Method &lt;project.implementazioneDao.ImpQuiz_Risp_MulDao.Quiz_Risp_Multi(project.model.Quiz_risp_mul)&gt; calls method &lt;java.sql.SQLException.printStackTrace()&gt; in (ImpQuiz_Risp_MulDao.java:56)&#10;Method &lt;project.implementazioneDao.ImpQuiz_Risp_MulDao.Quiz_Risp_Multi(project.model.Quiz_risp_mul)&gt; gets field &lt;java.lang.System.out&gt; in (ImpQuiz_Risp_MulDao.java:33)&#10;Method &lt;project.implementazioneDao.ImpQuiz_svoltiDao.salvaRispMulti(project.model.Quiz_svolti)&gt; calls method &lt;java.sql.SQLException.printStackTrace()&gt; in (ImpQuiz_svoltiDao.java:19)&#10;Method &lt;project.implementazioneDao.ImpQuiz_svoltiDao.salvaRispMulti(project.model.Quiz_svolti)&gt; calls method &lt;java.sql.SQLException.printStackTrace()&gt; in (ImpQuiz_svoltiDao.java:35)&#10;Method &lt;project.implementazioneDao.ImpQuiz_svoltiDao.salvaRispMulti(project.model.Quiz_svolti)&gt; gets field &lt;java.lang.System.out&gt; in (ImpQuiz_svoltiDao.java:18)&#10;Method &lt;project.implementazioneDao.ImpQuiz_svoltiDao.salvaRispostaApe(project.model.Quiz_svolti)&gt; calls method &lt;java.sql.SQLException.printStackTrace()&gt; in (ImpQuiz_svoltiDao.java:46)&#10;Method &lt;project.implementazioneDao.ImpQuiz_svoltiDao.salvaRispostaApe(project.model.Quiz_svolti)&gt; calls method &lt;java.sql.SQLException.printStackTrace()&gt; in (ImpQuiz_svoltiDao.java:61)&#10;Method &lt;project.implementazioneDao.ImpQuiz_svoltiDao.salvaRispostaApe(project.model.Quiz_svolti)&gt; gets field &lt;java.lang.System.out&gt; in (ImpQuiz_svoltiDao.java:45)&#10;Method &lt;project.implementazioneDao.ImpStudenteDao.InserisciStud(project.model.Studente)&gt; calls method &lt;java.sql.SQLException.printStackTrace()&gt; in (ImpStudenteDao.java:30)&#10;Method &lt;project.implementazioneDao.ImpStudenteDao.InserisciStud(project.model.Studente)&gt; calls method &lt;java.sql.SQLException.printStackTrace()&gt; in (ImpStudenteDao.java:43)&#10;Method &lt;project.implementazioneDao.ImpStudenteDao.InserisciStud(project.model.Studente)&gt; gets field &lt;java.lang.System.out&gt; in (ImpStudenteDao.java:29)&#10;Method &lt;project.implementazioneDao.ImpTestDao.InserisciTest(project.model.Test)&gt; calls method &lt;java.sql.SQLException.printStackTrace()&gt; in (ImpTestDao.java:28)&#10;Method &lt;project.implementazioneDao.ImpTestDao.InserisciTest(project.model.Test)&gt; calls method &lt;java.sql.SQLException.printStackTrace()&gt; in (ImpTestDao.java:41)&#10;Method &lt;project.implementazioneDao.ImpTestDao.InserisciTest(project.model.Test)&gt; gets field &lt;java.lang.System.out&gt; in (ImpTestDao.java:27)&#10;Method &lt;project.implementazioneDao.ImpTestDao.impTestDao()&gt; calls method &lt;java.sql.SQLException.printStackTrace()&gt; in (ImpTestDao.java:18)&#10;Method &lt;project.implementazioneDao.ImpTestDao.impTestDao()&gt; gets field &lt;java.lang.System.out&gt; in (ImpTestDao.java:17)" type="java.lang.AssertionError"><![CDATA[java.lang.AssertionError: Architecture Violation [Priority: MEDIUM] - Rule 'no classes should access standard streams' was violated (99 times):
Constructor <project.database_connection.Database_connection.<init>()> calls method <java.lang.ClassNotFoundException.printStackTrace()> in (Database_connection.java:28)
Constructor <project.database_connection.Database_connection.<init>()> gets field <java.lang.System.out> in (Database_connection.java:27)
Constructor <project.implementazioneDao.ImpStudenteDao.<init>()> calls method <java.sql.SQLException.printStackTrace()> in (ImpStudenteDao.java:20)
Constructor <project.implementazioneDao.ImpStudenteDao.<init>()> gets field <java.lang.System.out> in (ImpStudenteDao.java:19)
Method <project.GUI.Main$1.run()> calls method <java.lang.Exception.printStackTrace()> in (Main.java:39)
Method <project.GUI.SignIn$1.actionPerformed(java.awt.event.ActionEvent)> gets field <java.lang.System.out> in (SignIn.java:86)
Method <project.GUI.SignInI$5.actionPerformed(java.awt.event.ActionEvent)> gets field <java.lang.System.out> in (SignInI.java:236)
Method <project.GUI.SignInS$5.actionPerformed(java.awt.event.ActionEvent)> gets field <java.lang.System.out> in (SignInS.java:239)
Method <project.arch.MetricsRunner.lambda$main$0(com.tngtech.archunit.library.metrics.ComponentDependencyMetrics, com.tngtech.archunit.library.metrics.MetricsComponent)> gets field <java.lang.System.out> in (MetricsRunner.java:24)
Method <project.arch.MetricsRunner.lambda$main$0(com.tngtech.archunit.library.metrics.ComponentDependencyMetrics, com.tngtech.archunit.library.metrics.MetricsComponent)> gets field <java.lang.System.out> in (MetricsRunner.java:25)
Method <project.arch.MetricsRunner.lambda$main$0(com.tngtech.archunit.library.metrics.ComponentDependencyMetrics, com.tngtech.archunit.library.metrics.MetricsComponent)> gets field <java.lang.System.out> in (MetricsRunner.java:26)
Method <project.arch.MetricsRunner.lambda$main$0(com.tngtech.archunit.library.metrics.ComponentDependencyMetrics, com.tngtech.archunit.library.metrics.MetricsComponent)> gets field <java.lang.System.out> in (MetricsRunner.java:27)
Method <project.arch.MetricsRunner.lambda$main$0(com.tngtech.archunit.library.metrics.ComponentDependencyMetrics, com.tngtech.archunit.library.metrics.MetricsComponent)> gets field <java.lang.System.out> in (MetricsRunner.java:28)
Method <project.arch.MetricsRunner.lambda$main$0(com.tngtech.archunit.library.metrics.ComponentDependencyMetrics, com.tngtech.archunit.library.metrics.MetricsComponent)> gets field <java.lang.System.out> in (MetricsRunner.java:29)
Method <project.controller.Controller.SvolgiTestApe(java.lang.String, javax.swing.JPanel, java.awt.CardLayout, project.controller.Controller, java.lang.String)> calls method <java.sql.SQLException.printStackTrace()> in (Controller.java:357)
Method <project.controller.Controller.SvolgiTestApe(java.lang.String, javax.swing.JPanel, java.awt.CardLayout, project.controller.Controller, java.lang.String)> calls method <java.sql.SQLException.printStackTrace()> in (Controller.java:432)
Method <project.controller.Controller.SvolgiTestApe(java.lang.String, javax.swing.JPanel, java.awt.CardLayout, project.controller.Controller, java.lang.String)> gets field <java.lang.System.out> in (Controller.java:356)
Method <project.controller.Controller.SvolgiTestMulti(java.lang.String, javax.swing.JPanel, java.awt.CardLayout, int, int, javax.swing.JPanel, project.controller.Controller, java.lang.String, java.lang.String, javax.swing.JButton)> calls method <java.sql.SQLException.printStackTrace()> in (Controller.java:448)
Method <project.controller.Controller.SvolgiTestMulti(java.lang.String, javax.swing.JPanel, java.awt.CardLayout, int, int, javax.swing.JPanel, project.controller.Controller, java.lang.String, java.lang.String, javax.swing.JButton)> calls method <java.sql.SQLException.printStackTrace()> in (Controller.java:561)
Method <project.controller.Controller.SvolgiTestMulti(java.lang.String, javax.swing.JPanel, java.awt.CardLayout, int, int, javax.swing.JPanel, project.controller.Controller, java.lang.String, java.lang.String, javax.swing.JButton)> gets field <java.lang.System.out> in (Controller.java:447)
Method <project.controller.Controller.TestCorretti(java.lang.String, javax.swing.table.DefaultTableModel)> calls method <java.sql.SQLException.printStackTrace()> in (Controller.java:708)
Method <project.controller.Controller.TestCorretti(java.lang.String, javax.swing.table.DefaultTableModel)> calls method <java.sql.SQLException.printStackTrace()> in (Controller.java:727)
Method <project.controller.Controller.TestCorretti(java.lang.String, javax.swing.table.DefaultTableModel)> gets field <java.lang.System.out> in (Controller.java:707)
Method <project.controller.Controller.contrLog(java.lang.String, java.lang.String)> calls method <java.sql.SQLException.printStackTrace()> in (Controller.java:77)
Method <project.controller.Controller.contrLog(java.lang.String, java.lang.String)> calls method <java.sql.SQLException.printStackTrace()> in (Controller.java:91)
Method <project.controller.Controller.contrLog(java.lang.String, java.lang.String)> gets field <java.lang.System.out> in (Controller.java:76)
Method <project.controller.Controller.contrLogI(java.lang.String, java.lang.String)> calls method <java.sql.SQLException.printStackTrace()> in (Controller.java:104)
Method <project.controller.Controller.contrLogI(java.lang.String, java.lang.String)> calls method <java.sql.SQLException.printStackTrace()> in (Controller.java:118)
Method <project.controller.Controller.contrLogI(java.lang.String, java.lang.String)> gets field <java.lang.System.out> in (Controller.java:103)
Method <project.controller.Controller.controllo(java.lang.String, java.util.List)> calls method <java.sql.SQLException.printStackTrace()> in (Controller.java:670)
Method <project.controller.Controller.controllo(java.lang.String, java.util.List)> calls method <java.sql.SQLException.printStackTrace()> in (Controller.java:694)
Method <project.controller.Controller.controllo(java.lang.String, java.util.List)> gets field <java.lang.System.out> in (Controller.java:669)
Method <project.controller.Controller.getCod_corso(java.lang.String)> calls method <java.sql.SQLException.printStackTrace()> in (Controller.java:602)
Method <project.controller.Controller.getCod_corso(java.lang.String)> calls method <java.sql.SQLException.printStackTrace()> in (Controller.java:616)
Method <project.controller.Controller.getCod_corso(java.lang.String)> gets field <java.lang.System.out> in (Controller.java:601)
Method <project.controller.Controller.getCorso(java.lang.String)> calls method <java.sql.SQLException.printStackTrace()> in (Controller.java:738)
Method <project.controller.Controller.getCorso(java.lang.String)> calls method <java.sql.SQLException.printStackTrace()> in (Controller.java:756)
Method <project.controller.Controller.getCorso(java.lang.String)> gets field <java.lang.System.out> in (Controller.java:737)
Method <project.controller.Controller.getMatricolaI(java.lang.String)> calls method <java.sql.SQLException.printStackTrace()> in (Controller.java:630)
Method <project.controller.Controller.getMatricolaI(java.lang.String)> calls method <java.sql.SQLException.printStackTrace()> in (Controller.java:644)
Method <project.controller.Controller.getMatricolaI(java.lang.String)> gets field <java.lang.System.out> in (Controller.java:629)
Method <project.controller.Controller.getMatricolaS(java.lang.String)> calls method <java.sql.SQLException.printStackTrace()> in (Controller.java:574)
Method <project.controller.Controller.getMatricolaS(java.lang.String)> calls method <java.sql.SQLException.printStackTrace()> in (Controller.java:588)
Method <project.controller.Controller.getMatricolaS(java.lang.String)> gets field <java.lang.System.out> in (Controller.java:573)
Method <project.controller.Controller.riempiCBoxTest(java.lang.String, java.util.List)> calls method <java.sql.SQLException.printStackTrace()> in (Controller.java:189)
Method <project.controller.Controller.riempiCBoxTest(java.lang.String, java.util.List)> calls method <java.sql.SQLException.printStackTrace()> in (Controller.java:205)
Method <project.controller.Controller.riempiCBoxTest(java.lang.String, java.util.List)> gets field <java.lang.System.out> in (Controller.java:188)
Method <project.controller.Controller.riempiCbox(java.lang.String, java.util.List)> calls method <java.sql.SQLException.printStackTrace()> in (Controller.java:131)
Method <project.controller.Controller.riempiCbox(java.lang.String, java.util.List)> calls method <java.sql.SQLException.printStackTrace()> in (Controller.java:147)
Method <project.controller.Controller.riempiCbox(java.lang.String, java.util.List)> gets field <java.lang.System.out> in (Controller.java:130)
Method <project.controller.Controller.riempiCboxS(java.lang.String, java.util.List)> calls method <java.sql.SQLException.printStackTrace()> in (Controller.java:160)
Method <project.controller.Controller.riempiCboxS(java.lang.String, java.util.List)> calls method <java.sql.SQLException.printStackTrace()> in (Controller.java:177)
Method <project.controller.Controller.riempiCboxS(java.lang.String, java.util.List)> gets field <java.lang.System.out> in (Controller.java:159)
Method <project.controller.Controller.riempiTableA(java.lang.String, javax.swing.table.DefaultTableModel)> calls method <java.sql.SQLException.printStackTrace()> in (Controller.java:286)
Method <project.controller.Controller.riempiTableA(java.lang.String, javax.swing.table.DefaultTableModel)> calls method <java.sql.SQLException.printStackTrace()> in (Controller.java:315)
Method <project.controller.Controller.riempiTableA(java.lang.String, javax.swing.table.DefaultTableModel)> gets field <java.lang.System.out> in (Controller.java:285)
Method <project.controller.Controller.riempiTableV(java.lang.String, javax.swing.table.DefaultTableModel, java.lang.String, java.lang.String)> calls method <java.sql.SQLException.printStackTrace()> in (Controller.java:771)
Method <project.controller.Controller.riempiTableV(java.lang.String, javax.swing.table.DefaultTableModel, java.lang.String, java.lang.String)> calls method <java.sql.SQLException.printStackTrace()> in (Controller.java:795)
Method <project.controller.Controller.riempiTableV(java.lang.String, javax.swing.table.DefaultTableModel, java.lang.String, java.lang.String)> gets field <java.lang.System.out> in (Controller.java:770)
Method <project.controller.Controller.togliCBoxText(java.lang.String, java.util.List)> calls method <java.sql.SQLException.printStackTrace()> in (Controller.java:217)
Method <project.controller.Controller.togliCBoxText(java.lang.String, java.util.List)> calls method <java.sql.SQLException.printStackTrace()> in (Controller.java:236)
Method <project.controller.Controller.togliCBoxText(java.lang.String, java.util.List)> gets field <java.lang.System.out> in (Controller.java:216)
Method <project.controller.Controller.updateVoti(java.lang.Object, java.lang.Object, java.lang.Object, java.lang.Float)> calls method <java.sql.SQLException.printStackTrace()> in (Controller.java:328)
Method <project.controller.Controller.updateVoti(java.lang.Object, java.lang.Object, java.lang.Object, java.lang.Float)> calls method <java.sql.SQLException.printStackTrace()> in (Controller.java:342)
Method <project.controller.Controller.updateVoti(java.lang.Object, java.lang.Object, java.lang.Object, java.lang.Float)> gets field <java.lang.System.out> in (Controller.java:327)
Method <project.implementazioneDao.ImpCorsoDao.CorsoDAO()> calls method <java.sql.SQLException.printStackTrace()> in (ImpCorsoDao.java:21)
Method <project.implementazioneDao.ImpCorsoDao.CorsoDAO()> gets field <java.lang.System.out> in (ImpCorsoDao.java:20)
Method <project.implementazioneDao.ImpCorsoDao.InserisciCorso(project.model.Corso)> calls method <java.sql.SQLException.printStackTrace()> in (ImpCorsoDao.java:30)
Method <project.implementazioneDao.ImpCorsoDao.InserisciCorso(project.model.Corso)> calls method <java.sql.SQLException.printStackTrace()> in (ImpCorsoDao.java:56)
Method <project.implementazioneDao.ImpCorsoDao.InserisciCorso(project.model.Corso)> gets field <java.lang.System.out> in (ImpCorsoDao.java:29)
Method <project.implementazioneDao.ImpInsegnanteDao.InsegnanteDAO()> calls method <java.sql.SQLException.printStackTrace()> in (ImpInsegnanteDao.java:19)
Method <project.implementazioneDao.ImpInsegnanteDao.InsegnanteDAO()> gets field <java.lang.System.out> in (ImpInsegnanteDao.java:18)
Method <project.implementazioneDao.ImpInsegnanteDao.InserisciIns(project.model.Insegnante)> calls method <java.sql.SQLException.printStackTrace()> in (ImpInsegnanteDao.java:29)
Method <project.implementazioneDao.ImpInsegnanteDao.InserisciIns(project.model.Insegnante)> calls method <java.sql.SQLException.printStackTrace()> in (ImpInsegnanteDao.java:43)
Method <project.implementazioneDao.ImpInsegnanteDao.InserisciIns(project.model.Insegnante)> gets field <java.lang.System.out> in (ImpInsegnanteDao.java:28)
Method <project.implementazioneDao.ImpQuiz_Risp_ApeDao.ImpQuiz_Risp_ApeDao()> calls method <java.sql.SQLException.printStackTrace()> in (ImpQuiz_Risp_ApeDao.java:20)
Method <project.implementazioneDao.ImpQuiz_Risp_ApeDao.ImpQuiz_Risp_ApeDao()> gets field <java.lang.System.out> in (ImpQuiz_Risp_ApeDao.java:19)
Method <project.implementazioneDao.ImpQuiz_Risp_ApeDao.Quiz_Risp_Ape(project.model.Quiz_risp_ape)> calls method <java.sql.SQLException.printStackTrace()> in (ImpQuiz_Risp_ApeDao.java:34)
Method <project.implementazioneDao.ImpQuiz_Risp_ApeDao.Quiz_Risp_Ape(project.model.Quiz_risp_ape)> calls method <java.sql.SQLException.printStackTrace()> in (ImpQuiz_Risp_ApeDao.java:51)
Method <project.implementazioneDao.ImpQuiz_Risp_ApeDao.Quiz_Risp_Ape(project.model.Quiz_risp_ape)> gets field <java.lang.System.out> in (ImpQuiz_Risp_ApeDao.java:33)
Method <project.implementazioneDao.ImpQuiz_Risp_MulDao.ImpQuiz_Risp_MulDao()> calls method <java.sql.SQLException.printStackTrace()> in (ImpQuiz_Risp_MulDao.java:20)
Method <project.implementazioneDao.ImpQuiz_Risp_MulDao.ImpQuiz_Risp_MulDao()> gets field <java.lang.System.out> in (ImpQuiz_Risp_MulDao.java:19)
Method <project.implementazioneDao.ImpQuiz_Risp_MulDao.Quiz_Risp_Multi(project.model.Quiz_risp_mul)> calls method <java.sql.SQLException.printStackTrace()> in (ImpQuiz_Risp_MulDao.java:34)
Method <project.implementazioneDao.ImpQuiz_Risp_MulDao.Quiz_Risp_Multi(project.model.Quiz_risp_mul)> calls method <java.sql.SQLException.printStackTrace()> in (ImpQuiz_Risp_MulDao.java:56)
Method <project.implementazioneDao.ImpQuiz_Risp_MulDao.Quiz_Risp_Multi(project.model.Quiz_risp_mul)> gets field <java.lang.System.out> in (ImpQuiz_Risp_MulDao.java:33)
Method <project.implementazioneDao.ImpQuiz_svoltiDao.salvaRispMulti(project.model.Quiz_svolti)> calls method <java.sql.SQLException.printStackTrace()> in (ImpQuiz_svoltiDao.java:19)
Method <project.implementazioneDao.ImpQuiz_svoltiDao.salvaRispMulti(project.model.Quiz_svolti)> calls method <java.sql.SQLException.printStackTrace()> in (ImpQuiz_svoltiDao.java:35)
Method <project.implementazioneDao.ImpQuiz_svoltiDao.salvaRispMulti(project.model.Quiz_svolti)> gets field <java.lang.System.out> in (ImpQuiz_svoltiDao.java:18)
Method <project.implementazioneDao.ImpQuiz_svoltiDao.salvaRispostaApe(project.model.Quiz_svolti)> calls method <java.sql.SQLException.printStackTrace()> in (ImpQuiz_svoltiDao.java:46)
Method <project.implementazioneDao.ImpQuiz_svoltiDao.salvaRispostaApe(project.model.Quiz_svolti)> calls method <java.sql.SQLException.printStackTrace()> in (ImpQuiz_svoltiDao.java:61)
Method <project.implementazioneDao.ImpQuiz_svoltiDao.salvaRispostaApe(project.model.Quiz_svolti)> gets field <java.lang.System.out> in (ImpQuiz_svoltiDao.java:45)
Method <project.implementazioneDao.ImpStudenteDao.InserisciStud(project.model.Studente)> calls method <java.sql.SQLException.printStackTrace()> in (ImpStudenteDao.java:30)
Method <project.implementazioneDao.ImpStudenteDao.InserisciStud(project.model.Studente)> calls method <java.sql.SQLException.printStackTrace()> in (ImpStudenteDao.java:43)
Method <project.implementazioneDao.ImpStudenteDao.InserisciStud(project.model.Studente)> gets field <java.lang.System.out> in (ImpStudenteDao.java:29)
Method <project.implementazioneDao.ImpTestDao.InserisciTest(project.model.Test)> calls method <java.sql.SQLException.printStackTrace()> in (ImpTestDao.java:28)
Method <project.implementazioneDao.ImpTestDao.InserisciTest(project.model.Test)> calls method <java.sql.SQLException.printStackTrace()> in (ImpTestDao.java:41)
Method <project.implementazioneDao.ImpTestDao.InserisciTest(project.model.Test)> gets field <java.lang.System.out> in (ImpTestDao.java:27)
Method <project.implementazioneDao.ImpTestDao.impTestDao()> calls method <java.sql.SQLException.printStackTrace()> in (ImpTestDao.java:18)
Method <project.implementazioneDao.ImpTestDao.impTestDao()> gets field <java.lang.System.out> in (ImpTestDao.java:17)
	at com.tngtech.archunit.lang.ArchRule$Assertions.assertNoViolation(ArchRule.java:94)
	at com.tngtech.archunit.lang.ArchRule$Assertions.check(ArchRule.java:82)
	at com.tngtech.archunit.lang.ArchRule$Factory$SimpleArchRule.check(ArchRule.java:198)
	at com.tngtech.archunit.lang.syntax.ObjectsShouldInternal.check(ObjectsShouldInternal.java:81)
	at com.tngtech.archunit.junit.ArchRuleExecution.evaluateOn(ArchRuleExecution.java:43)
	at com.tngtech.archunit.junit.ArchUnitRunner.runChild(ArchUnitRunner.java:154)
	at com.tngtech.archunit.junit.ArchUnitRunner.runChild(ArchUnitRunner.java:63)
	at org.junit.runners.ParentRunner$3.run(ParentRunner.java:238)
	at org.junit.runners.ParentRunner$1.schedule(ParentRunner.java:63)
	at org.junit.runners.ParentRunner.runChildren(ParentRunner.java:236)
	at org.junit.runners.ParentRunner.access$000(ParentRunner.java:53)
	at org.junit.runners.ParentRunner$2.evaluate(ParentRunner.java:229)
	at com.tngtech.archunit.junit.ArchUnitRunner$1.evaluate(ArchUnitRunner.java:88)
	at org.junit.runners.ParentRunner.run(ParentRunner.java:309)
	at org.apache.maven.surefire.junit4.JUnit4Provider.execute(JUnit4Provider.java:283)
	at org.apache.maven.surefire.junit4.JUnit4Provider.executeWithRerun(JUnit4Provider.java:173)
	at org.apache.maven.surefire.junit4.JUnit4Provider.executeTestSet(JUnit4Provider.java:153)
	at org.apache.maven.surefire.junit4.JUnit4Provider.invoke(JUnit4Provider.java:128)
	at org.apache.maven.surefire.booter.ForkedBooter.invokeProviderInSameClassLoader(ForkedBooter.java:203)
	at org.apache.maven.surefire.booter.ForkedBooter.runSuitesInProcess(ForkedBooter.java:155)
	at org.apache.maven.surefire.booter.ForkedBooter.main(ForkedBooter.java:103)
]]></failure>
    <system-err><![CDATA[[main] INFO com.tngtech.archunit.core.PluginLoader - Detected Java version 1.8.0_201
]]></system-err>
  </testcase>
  <testcase name="generic_exception_are_not_thrown" classname="project.arch.BestPracticesTest" time="0"/>
  <testcase name="java_util_logging_is_not_used" classname="project.arch.BestPracticesTest" time="0"/>
  <testcase name="field_injection_is_not_used" classname="project.arch.BestPracticesTest" time="0.01"/>
</testsuite>