<?xml version="1.0" encoding="UTF-8"?>
<testsuite name="project.arch.LayerContainmentTest" time="0.022" tests="8" errors="0" skipped="0" failures="2">
  <properties>
[...]
</properties>
  <testcase name="controllers_reside_in_the_controller_layer" classname="project.arch.LayerContainmentTest" time="0.008"/>
  <testcase name="controllers_only_reside_in_the_controller_layer" classname="project.arch.LayerContainmentTest" time="0.002">
    <failure message="Architecture Violation [Priority: MEDIUM] - Rule &apos;no classes that have simple name not ending with &apos;Controller&apos; should reside in a package &apos;project.Controller&apos;&apos; was violated (1 times):&#10;Class &lt;project.Controller.UltraPhoneBookController$1&gt; does reside in a package &apos;project.Controller&apos; in (UltraPhoneBookController.java:0)" type="java.lang.AssertionError"><![CDATA[java.lang.AssertionError: Architecture Violation [Priority: MEDIUM] - Rule 'no classes that have simple name not ending with 'Controller' should reside in a package 'project.Controller'' was violated (1 times):
Class <project.Controller.UltraPhoneBookController$1> does reside in a package 'project.Controller' in (UltraPhoneBookController.java:0)
	at com.tngtech.archunit.lang.ArchRule$Assertions.assertNoViolation(ArchRule.java:94)
	at com.tngtech.archunit.lang.ArchRule$Assertions.check(ArchRule.java:82)
	at com.tngtech.archunit.lang.ArchRule$Factory$SimpleArchRule.check(ArchRule.java:198)
	at com.tngtech.archunit.lang.syntax.ObjectsShouldInternal.check(ObjectsShouldInternal.java:81)
	at com.tngtech.archunit.junit.ArchRuleExecution.evaluateOn(ArchRuleExecution.java:43)
	at com.tngtech.archunit.junit.ArchUnitRunner.runChild(ArchUnitRunner.java:154)
	at com.tngtech.archunit.junit.ArchUnitRunner.runChild(ArchUnitRunner.java:63)
	at org.junit.runners.ParentRunner$3.run(ParentRunner.java:238)
	at org.junit.runners.ParentRunner$1.schedule(ParentRunner.java:63)
	at org.junit.runners.ParentRunner.runChildren(ParentRunner.java:236)
	at org.junit.runners.ParentRunner.access$000(ParentRunner.java:53)
	at org.junit.runners.ParentRunner$2.evaluate(ParentRunner.java:229)
	at com.tngtech.archunit.junit.ArchUnitRunner$1.evaluate(ArchUnitRunner.java:88)
	at org.junit.runners.ParentRunner.run(ParentRunner.java:309)
	at org.apache.maven.surefire.junit4.JUnit4Provider.execute(JUnit4Provider.java:283)
	at org.apache.maven.surefire.junit4.JUnit4Provider.executeWithRerun(JUnit4Provider.java:173)
	at org.apache.maven.surefire.junit4.JUnit4Provider.executeTestSet(JUnit4Provider.java:153)
	at org.apache.maven.surefire.junit4.JUnit4Provider.invoke(JUnit4Provider.java:128)
	at org.apache.maven.surefire.booter.ForkedBooter.invokeProviderInSameClassLoader(ForkedBooter.java:203)
	at org.apache.maven.surefire.booter.ForkedBooter.runSuitesInProcess(ForkedBooter.java:155)
	at org.apache.maven.surefire.booter.ForkedBooter.main(ForkedBooter.java:103)
]]></failure>
  </testcase>
  <testcase name="DAOs_reside_in_the_DAO_layer" classname="project.arch.LayerContainmentTest" time="0.001"/>
  <testcase name="DAOs_only_reside_in_the_DAO_layer" classname="project.arch.LayerContainmentTest" time="0.002"/>
  <testcase name="DAO_implementations_reside_in_the_DAO_implementation_layer" classname="project.arch.LayerContainmentTest" time="0"/>
  <testcase name="DAO_implementations_only_reside_in_the_DAO_implementation_layer" classname="project.arch.LayerContainmentTest" time="0.001"/>
  <testcase name="GUIs_reside_in_the_GUI_layer" classname="project.arch.LayerContainmentTest" time="0.001"/>
  <testcase name="GUIs_only_reside_in_the_GUI_layer" classname="project.arch.LayerContainmentTest" time="0.007">
    <failure message="Architecture Violation [Priority: MEDIUM] - Rule &apos;no classes that have simple name not ending with &apos;GUI&apos; should reside in a package &apos;project.GUI&apos;&apos; was violated (72 times):&#10;Class &lt;project.GUI.Account$1&gt; does reside in a package &apos;project.GUI&apos; in (Account.java:0)&#10;Class &lt;project.GUI.Account$2&gt; does reside in a package &apos;project.GUI&apos; in (Account.java:0)&#10;Class &lt;project.GUI.Account$3&gt; does reside in a package &apos;project.GUI&apos; in (Account.java:0)&#10;Class &lt;project.GUI.Account&gt; does reside in a package &apos;project.GUI&apos; in (Account.java:0)&#10;Class &lt;project.GUI.Address$1&gt; does reside in a package &apos;project.GUI&apos; in (Address.java:0)&#10;Class &lt;project.GUI.Address$2&gt; does reside in a package &apos;project.GUI&apos; in (Address.java:0)&#10;Class &lt;project.GUI.Address$3&gt; does reside in a package &apos;project.GUI&apos; in (Address.java:0)&#10;Class &lt;project.GUI.Address&gt; does reside in a package &apos;project.GUI&apos; in (Address.java:0)&#10;Class &lt;project.GUI.Contact$10&gt; does reside in a package &apos;project.GUI&apos; in (Contact.java:0)&#10;Class &lt;project.GUI.Contact$11&gt; does reside in a package &apos;project.GUI&apos; in (Contact.java:0)&#10;Class &lt;project.GUI.Contact$12&gt; does reside in a package &apos;project.GUI&apos; in (Contact.java:0)&#10;Class &lt;project.GUI.Contact$13&gt; does reside in a package &apos;project.GUI&apos; in (Contact.java:0)&#10;Class &lt;project.GUI.Contact$14&gt; does reside in a package &apos;project.GUI&apos; in (Contact.java:0)&#10;Class &lt;project.GUI.Contact$15&gt; does reside in a package &apos;project.GUI&apos; in (Contact.java:0)&#10;Class &lt;project.GUI.Contact$16&gt; does reside in a package &apos;project.GUI&apos; in (Contact.java:0)&#10;Class &lt;project.GUI.Contact$17&gt; does reside in a package &apos;project.GUI&apos; in (Contact.java:0)&#10;Class &lt;project.GUI.Contact$18&gt; does reside in a package &apos;project.GUI&apos; in (Contact.java:0)&#10;Class &lt;project.GUI.Contact$19&gt; does reside in a package &apos;project.GUI&apos; in (Contact.java:0)&#10;Class &lt;project.GUI.Contact$1&gt; does reside in a package &apos;project.GUI&apos; in (Contact.java:0)&#10;Class &lt;project.GUI.Contact$20&gt; does reside in a package &apos;project.GUI&apos; in (Contact.java:0)&#10;Class &lt;project.GUI.Contact$21&gt; does reside in a package &apos;project.GUI&apos; in (Contact.java:0)&#10;Class &lt;project.GUI.Contact$2&gt; does reside in a package &apos;project.GUI&apos; in (Contact.java:0)&#10;Class &lt;project.GUI.Contact$3&gt; does reside in a package &apos;project.GUI&apos; in (Contact.java:0)&#10;Class &lt;project.GUI.Contact$4&gt; does reside in a package &apos;project.GUI&apos; in (Contact.java:0)&#10;Class &lt;project.GUI.Contact$5&gt; does reside in a package &apos;project.GUI&apos; in (Contact.java:0)&#10;Class &lt;project.GUI.Contact$6&gt; does reside in a package &apos;project.GUI&apos; in (Contact.java:0)&#10;Class &lt;project.GUI.Contact$7&gt; does reside in a package &apos;project.GUI&apos; in (Contact.java:0)&#10;Class &lt;project.GUI.Contact$8&gt; does reside in a package &apos;project.GUI&apos; in (Contact.java:0)&#10;Class &lt;project.GUI.Contact$9&gt; does reside in a package &apos;project.GUI&apos; in (Contact.java:0)&#10;Class &lt;project.GUI.Contact&gt; does reside in a package &apos;project.GUI&apos; in (Contact.java:0)&#10;Class &lt;project.GUI.DialogType&gt; does reside in a package &apos;project.GUI&apos; in (DialogType.java:0)&#10;Class &lt;project.GUI.Email$1&gt; does reside in a package &apos;project.GUI&apos; in (Email.java:0)&#10;Class &lt;project.GUI.Email$2&gt; does reside in a package &apos;project.GUI&apos; in (Email.java:0)&#10;Class &lt;project.GUI.Email$3&gt; does reside in a package &apos;project.GUI&apos; in (Email.java:0)&#10;Class &lt;project.GUI.Email&gt; does reside in a package &apos;project.GUI&apos; in (Email.java:0)&#10;Class &lt;project.GUI.Group$1&gt; does reside in a package &apos;project.GUI&apos; in (Group.java:0)&#10;Class &lt;project.GUI.Group$2&gt; does reside in a package &apos;project.GUI&apos; in (Group.java:0)&#10;Class &lt;project.GUI.Group$3&gt; does reside in a package &apos;project.GUI&apos; in (Group.java:0)&#10;Class &lt;project.GUI.Group$4&gt; does reside in a package &apos;project.GUI&apos; in (Group.java:0)&#10;Class &lt;project.GUI.Group$5&gt; does reside in a package &apos;project.GUI&apos; in (Group.java:0)&#10;Class &lt;project.GUI.Group$6&gt; does reside in a package &apos;project.GUI&apos; in (Group.java:0)&#10;Class &lt;project.GUI.Group$7&gt; does reside in a package &apos;project.GUI&apos; in (Group.java:0)&#10;Class &lt;project.GUI.Group&gt; does reside in a package &apos;project.GUI&apos; in (Group.java:0)&#10;Class &lt;project.GUI.Info$1&gt; does reside in a package &apos;project.GUI&apos; in (Info.java:0)&#10;Class &lt;project.GUI.Info&gt; does reside in a package &apos;project.GUI&apos; in (Info.java:0)&#10;Class &lt;project.GUI.Main$1&gt; does reside in a package &apos;project.GUI&apos; in (Main.java:0)&#10;Class &lt;project.GUI.Main&gt; does reside in a package &apos;project.GUI&apos; in (Main.java:0)&#10;Class &lt;project.GUI.MainModality&gt; does reside in a package &apos;project.GUI&apos; in (MainModality.java:0)&#10;Class &lt;project.GUI.MainUltraPhoneBook$10&gt; does reside in a package &apos;project.GUI&apos; in (MainUltraPhoneBook.java:0)&#10;Class &lt;project.GUI.MainUltraPhoneBook$11&gt; does reside in a package &apos;project.GUI&apos; in (MainUltraPhoneBook.java:0)&#10;Class &lt;project.GUI.MainUltraPhoneBook$12&gt; does reside in a package &apos;project.GUI&apos; in (MainUltraPhoneBook.java:0)&#10;Class &lt;project.GUI.MainUltraPhoneBook$13&gt; does reside in a package &apos;project.GUI&apos; in (MainUltraPhoneBook.java:0)&#10;Class &lt;project.GUI.MainUltraPhoneBook$14&gt; does reside in a package &apos;project.GUI&apos; in (MainUltraPhoneBook.java:0)&#10;Class &lt;project.GUI.MainUltraPhoneBook$15&gt; does reside in a package &apos;project.GUI&apos; in (MainUltraPhoneBook.java:0)&#10;Class &lt;project.GUI.MainUltraPhoneBook$16&gt; does reside in a package &apos;project.GUI&apos; in (MainUltraPhoneBook.java:0)&#10;Class &lt;project.GUI.MainUltraPhoneBook$1&gt; does reside in a package &apos;project.GUI&apos; in (MainUltraPhoneBook.java:0)&#10;Class &lt;project.GUI.MainUltraPhoneBook$2&gt; does reside in a package &apos;project.GUI&apos; in (MainUltraPhoneBook.java:0)&#10;Class &lt;project.GUI.MainUltraPhoneBook$3&gt; does reside in a package &apos;project.GUI&apos; in (MainUltraPhoneBook.java:0)&#10;Class &lt;project.GUI.MainUltraPhoneBook$4&gt; does reside in a package &apos;project.GUI&apos; in (MainUltraPhoneBook.java:0)&#10;Class &lt;project.GUI.MainUltraPhoneBook$5&gt; does reside in a package &apos;project.GUI&apos; in (MainUltraPhoneBook.java:0)&#10;Class &lt;project.GUI.MainUltraPhoneBook$6&gt; does reside in a package &apos;project.GUI&apos; in (MainUltraPhoneBook.java:0)&#10;Class &lt;project.GUI.MainUltraPhoneBook$7&gt; does reside in a package &apos;project.GUI&apos; in (MainUltraPhoneBook.java:0)&#10;Class &lt;project.GUI.MainUltraPhoneBook$8&gt; does reside in a package &apos;project.GUI&apos; in (MainUltraPhoneBook.java:0)&#10;Class &lt;project.GUI.MainUltraPhoneBook$9&gt; does reside in a package &apos;project.GUI&apos; in (MainUltraPhoneBook.java:0)&#10;Class &lt;project.GUI.MainUltraPhoneBook&gt; does reside in a package &apos;project.GUI&apos; in (MainUltraPhoneBook.java:0)&#10;Class &lt;project.GUI.Phone$1&gt; does reside in a package &apos;project.GUI&apos; in (Phone.java:0)&#10;Class &lt;project.GUI.Phone$2&gt; does reside in a package &apos;project.GUI&apos; in (Phone.java:0)&#10;Class &lt;project.GUI.Phone$3&gt; does reside in a package &apos;project.GUI&apos; in (Phone.java:0)&#10;Class &lt;project.GUI.Phone&gt; does reside in a package &apos;project.GUI&apos; in (Phone.java:0)&#10;Class &lt;project.GUI.Search$1&gt; does reside in a package &apos;project.GUI&apos; in (Search.java:0)&#10;Class &lt;project.GUI.Search$2&gt; does reside in a package &apos;project.GUI&apos; in (Search.java:0)&#10;Class &lt;project.GUI.Search&gt; does reside in a package &apos;project.GUI&apos; in (Search.java:0)" type="java.lang.AssertionError"><![CDATA[java.lang.AssertionError: Architecture Violation [Priority: MEDIUM] - Rule 'no classes that have simple name not ending with 'GUI' should reside in a package 'project.GUI'' was violated (72 times):
Class <project.GUI.Account$1> does reside in a package 'project.GUI' in (Account.java:0)
Class <project.GUI.Account$2> does reside in a package 'project.GUI' in (Account.java:0)
Class <project.GUI.Account$3> does reside in a package 'project.GUI' in (Account.java:0)
Class <project.GUI.Account> does reside in a package 'project.GUI' in (Account.java:0)
Class <project.GUI.Address$1> does reside in a package 'project.GUI' in (Address.java:0)
Class <project.GUI.Address$2> does reside in a package 'project.GUI' in (Address.java:0)
Class <project.GUI.Address$3> does reside in a package 'project.GUI' in (Address.java:0)
Class <project.GUI.Address> does reside in a package 'project.GUI' in (Address.java:0)
Class <project.GUI.Contact$10> does reside in a package 'project.GUI' in (Contact.java:0)
Class <project.GUI.Contact$11> does reside in a package 'project.GUI' in (Contact.java:0)
Class <project.GUI.Contact$12> does reside in a package 'project.GUI' in (Contact.java:0)
Class <project.GUI.Contact$13> does reside in a package 'project.GUI' in (Contact.java:0)
Class <project.GUI.Contact$14> does reside in a package 'project.GUI' in (Contact.java:0)
Class <project.GUI.Contact$15> does reside in a package 'project.GUI' in (Contact.java:0)
Class <project.GUI.Contact$16> does reside in a package 'project.GUI' in (Contact.java:0)
Class <project.GUI.Contact$17> does reside in a package 'project.GUI' in (Contact.java:0)
Class <project.GUI.Contact$18> does reside in a package 'project.GUI' in (Contact.java:0)
Class <project.GUI.Contact$19> does reside in a package 'project.GUI' in (Contact.java:0)
Class <project.GUI.Contact$1> does reside in a package 'project.GUI' in (Contact.java:0)
Class <project.GUI.Contact$20> does reside in a package 'project.GUI' in (Contact.java:0)
Class <project.GUI.Contact$21> does reside in a package 'project.GUI' in (Contact.java:0)
Class <project.GUI.Contact$2> does reside in a package 'project.GUI' in (Contact.java:0)
Class <project.GUI.Contact$3> does reside in a package 'project.GUI' in (Contact.java:0)
Class <project.GUI.Contact$4> does reside in a package 'project.GUI' in (Contact.java:0)
Class <project.GUI.Contact$5> does reside in a package 'project.GUI' in (Contact.java:0)
Class <project.GUI.Contact$6> does reside in a package 'project.GUI' in (Contact.java:0)
Class <project.GUI.Contact$7> does reside in a package 'project.GUI' in (Contact.java:0)
Class <project.GUI.Contact$8> does reside in a package 'project.GUI' in (Contact.java:0)
Class <project.GUI.Contact$9> does reside in a package 'project.GUI' in (Contact.java:0)
Class <project.GUI.Contact> does reside in a package 'project.GUI' in (Contact.java:0)
Class <project.GUI.DialogType> does reside in a package 'project.GUI' in (DialogType.java:0)
Class <project.GUI.Email$1> does reside in a package 'project.GUI' in (Email.java:0)
Class <project.GUI.Email$2> does reside in a package 'project.GUI' in (Email.java:0)
Class <project.GUI.Email$3> does reside in a package 'project.GUI' in (Email.java:0)
Class <project.GUI.Email> does reside in a package 'project.GUI' in (Email.java:0)
Class <project.GUI.Group$1> does reside in a package 'project.GUI' in (Group.java:0)
Class <project.GUI.Group$2> does reside in a package 'project.GUI' in (Group.java:0)
Class <project.GUI.Group$3> does reside in a package 'project.GUI' in (Group.java:0)
Class <project.GUI.Group$4> does reside in a package 'project.GUI' in (Group.java:0)
Class <project.GUI.Group$5> does reside in a package 'project.GUI' in (Group.java:0)
Class <project.GUI.Group$6> does reside in a package 'project.GUI' in (Group.java:0)
Class <project.GUI.Group$7> does reside in a package 'project.GUI' in (Group.java:0)
Class <project.GUI.Group> does reside in a package 'project.GUI' in (Group.java:0)
Class <project.GUI.Info$1> does reside in a package 'project.GUI' in (Info.java:0)
Class <project.GUI.Info> does reside in a package 'project.GUI' in (Info.java:0)
Class <project.GUI.Main$1> does reside in a package 'project.GUI' in (Main.java:0)
Class <project.GUI.Main> does reside in a package 'project.GUI' in (Main.java:0)
Class <project.GUI.MainModality> does reside in a package 'project.GUI' in (MainModality.java:0)
Class <project.GUI.MainUltraPhoneBook$10> does reside in a package 'project.GUI' in (MainUltraPhoneBook.java:0)
Class <project.GUI.MainUltraPhoneBook$11> does reside in a package 'project.GUI' in (MainUltraPhoneBook.java:0)
Class <project.GUI.MainUltraPhoneBook$12> does reside in a package 'project.GUI' in (MainUltraPhoneBook.java:0)
Class <project.GUI.MainUltraPhoneBook$13> does reside in a package 'project.GUI' in (MainUltraPhoneBook.java:0)
Class <project.GUI.MainUltraPhoneBook$14> does reside in a package 'project.GUI' in (MainUltraPhoneBook.java:0)
Class <project.GUI.MainUltraPhoneBook$15> does reside in a package 'project.GUI' in (MainUltraPhoneBook.java:0)
Class <project.GUI.MainUltraPhoneBook$16> does reside in a package 'project.GUI' in (MainUltraPhoneBook.java:0)
Class <project.GUI.MainUltraPhoneBook$1> does reside in a package 'project.GUI' in (MainUltraPhoneBook.java:0)
Class <project.GUI.MainUltraPhoneBook$2> does reside in a package 'project.GUI' in (MainUltraPhoneBook.java:0)
Class <project.GUI.MainUltraPhoneBook$3> does reside in a package 'project.GUI' in (MainUltraPhoneBook.java:0)
Class <project.GUI.MainUltraPhoneBook$4> does reside in a package 'project.GUI' in (MainUltraPhoneBook.java:0)
Class <project.GUI.MainUltraPhoneBook$5> does reside in a package 'project.GUI' in (MainUltraPhoneBook.java:0)
Class <project.GUI.MainUltraPhoneBook$6> does reside in a package 'project.GUI' in (MainUltraPhoneBook.java:0)
Class <project.GUI.MainUltraPhoneBook$7> does reside in a package 'project.GUI' in (MainUltraPhoneBook.java:0)
Class <project.GUI.MainUltraPhoneBook$8> does reside in a package 'project.GUI' in (MainUltraPhoneBook.java:0)
Class <project.GUI.MainUltraPhoneBook$9> does reside in a package 'project.GUI' in (MainUltraPhoneBook.java:0)
Class <project.GUI.MainUltraPhoneBook> does reside in a package 'project.GUI' in (MainUltraPhoneBook.java:0)
Class <project.GUI.Phone$1> does reside in a package 'project.GUI' in (Phone.java:0)
Class <project.GUI.Phone$2> does reside in a package 'project.GUI' in (Phone.java:0)
Class <project.GUI.Phone$3> does reside in a package 'project.GUI' in (Phone.java:0)
Class <project.GUI.Phone> does reside in a package 'project.GUI' in (Phone.java:0)
Class <project.GUI.Search$1> does reside in a package 'project.GUI' in (Search.java:0)
Class <project.GUI.Search$2> does reside in a package 'project.GUI' in (Search.java:0)
Class <project.GUI.Search> does reside in a package 'project.GUI' in (Search.java:0)
	at com.tngtech.archunit.lang.ArchRule$Assertions.assertNoViolation(ArchRule.java:94)
	at com.tngtech.archunit.lang.ArchRule$Assertions.check(ArchRule.java:82)
	at com.tngtech.archunit.lang.ArchRule$Factory$SimpleArchRule.check(ArchRule.java:198)
	at com.tngtech.archunit.lang.syntax.ObjectsShouldInternal.check(ObjectsShouldInternal.java:81)
	at com.tngtech.archunit.junit.ArchRuleExecution.evaluateOn(ArchRuleExecution.java:43)
	at com.tngtech.archunit.junit.ArchUnitRunner.runChild(ArchUnitRunner.java:154)
	at com.tngtech.archunit.junit.ArchUnitRunner.runChild(ArchUnitRunner.java:63)
	at org.junit.runners.ParentRunner$3.run(ParentRunner.java:238)
	at org.junit.runners.ParentRunner$1.schedule(ParentRunner.java:63)
	at org.junit.runners.ParentRunner.runChildren(ParentRunner.java:236)
	at org.junit.runners.ParentRunner.access$000(ParentRunner.java:53)
	at org.junit.runners.ParentRunner$2.evaluate(ParentRunner.java:229)
	at com.tngtech.archunit.junit.ArchUnitRunner$1.evaluate(ArchUnitRunner.java:88)
	at org.junit.runners.ParentRunner.run(ParentRunner.java:309)
	at org.apache.maven.surefire.junit4.JUnit4Provider.execute(JUnit4Provider.java:283)
	at org.apache.maven.surefire.junit4.JUnit4Provider.executeWithRerun(JUnit4Provider.java:173)
	at org.apache.maven.surefire.junit4.JUnit4Provider.executeTestSet(JUnit4Provider.java:153)
	at org.apache.maven.surefire.junit4.JUnit4Provider.invoke(JUnit4Provider.java:128)
	at org.apache.maven.surefire.booter.ForkedBooter.invokeProviderInSameClassLoader(ForkedBooter.java:203)
	at org.apache.maven.surefire.booter.ForkedBooter.runSuitesInProcess(ForkedBooter.java:155)
	at org.apache.maven.surefire.booter.ForkedBooter.main(ForkedBooter.java:103)
]]></failure>
  </testcase>
</testsuite>