<?xml version="1.0" encoding="UTF-8"?>
<testsuite name="project.arch.LayeredArchitectureTest" time="0.091" tests="1" errors="0" skipped="0" failures="1">
  <properties>
[...]
</properties>
  <testcase name="layer_dependencies_are_respected" classname="project.arch.LayeredArchitectureTest" time="0.091">
    <failure message="Architecture Violation [Priority: MEDIUM] - Rule &apos;Layered architecture consisting of&#10;layer &apos;Boundaries&apos; (&apos;project.GUI..&apos;)&#10;layer &apos;Controls&apos; (&apos;project.Controller..&apos;)&#10;layer &apos;Entities&apos; (&apos;project.Model..&apos;)&#10;layer &apos;Database&apos; (&apos;project.PostgresDAO..&apos;)&#10;where layer &apos;Boundaries&apos; may not be accessed by any layer&#10;where layer &apos;Controls&apos; may only be accessed by layers [&apos;Boundaries&apos;]&#10;where layer &apos;Entities&apos; may only be accessed by layers [&apos;Controls&apos;]&#10;where layer &apos;Database&apos; may only be accessed by layers [&apos;Controls&apos;]&apos; was violated (42 times):&#10;Constructor &lt;project.GUI.Account.&lt;init&gt;(project.Controller.UltraPhoneBookController, project.GUI.DialogType, javax.swing.JFrame, [I)&gt; calls method &lt;project.Model.Account.getAppName()&gt; in (Account.java:169)&#10;Constructor &lt;project.GUI.Account.&lt;init&gt;(project.Controller.UltraPhoneBookController, project.GUI.DialogType, javax.swing.JFrame, [I)&gt; calls method &lt;project.Model.Account.getEmail()&gt; in (Account.java:172)&#10;Constructor &lt;project.GUI.Account.&lt;init&gt;(project.Controller.UltraPhoneBookController, project.GUI.DialogType, javax.swing.JFrame, [I)&gt; calls method &lt;project.Model.Account.getNickname()&gt; in (Account.java:170)&#10;Constructor &lt;project.GUI.Account.&lt;init&gt;(project.Controller.UltraPhoneBookController, project.GUI.DialogType, javax.swing.JFrame, [I)&gt; calls method &lt;project.Model.Account.getWelcomeSentence()&gt; in (Account.java:171)&#10;Constructor &lt;project.GUI.Address.&lt;init&gt;(project.Controller.UltraPhoneBookController, project.GUI.DialogType, javax.swing.JFrame, [I)&gt; calls method &lt;project.Model.Address.getAddress()&gt; in (Address.java:173)&#10;Constructor &lt;project.GUI.Address.&lt;init&gt;(project.Controller.UltraPhoneBookController, project.GUI.DialogType, javax.swing.JFrame, [I)&gt; calls method &lt;project.Model.Address.getCity()&gt; in (Address.java:174)&#10;Constructor &lt;project.GUI.Address.&lt;init&gt;(project.Controller.UltraPhoneBookController, project.GUI.DialogType, javax.swing.JFrame, [I)&gt; calls method &lt;project.Model.Address.getNation()&gt; in (Address.java:175)&#10;Constructor &lt;project.GUI.Address.&lt;init&gt;(project.Controller.UltraPhoneBookController, project.GUI.DialogType, javax.swing.JFrame, [I)&gt; calls method &lt;project.Model.Address.getZipCode()&gt; in (Address.java:176)&#10;Constructor &lt;project.GUI.Address.&lt;init&gt;(project.Controller.UltraPhoneBookController, project.GUI.DialogType, javax.swing.JFrame, [I)&gt; calls method &lt;project.Model.Address.isMain()&gt; in (Address.java:177)&#10;Constructor &lt;project.GUI.Phone.&lt;init&gt;(project.Controller.UltraPhoneBookController, project.GUI.DialogType, javax.swing.JFrame, [I)&gt; calls method &lt;project.Model.Landline.getNumber()&gt; in (Phone.java:171)&#10;Constructor &lt;project.GUI.Phone.&lt;init&gt;(project.Controller.UltraPhoneBookController, project.GUI.DialogType, javax.swing.JFrame, [I)&gt; calls method &lt;project.Model.Landline.getRedirect()&gt; in (Phone.java:172)&#10;Constructor &lt;project.GUI.Phone.&lt;init&gt;(project.Controller.UltraPhoneBookController, project.GUI.DialogType, javax.swing.JFrame, [I)&gt; calls method &lt;project.Model.Mobile.getNumber()&gt; in (Phone.java:167)&#10;Constructor &lt;project.GUI.Phone.&lt;init&gt;(project.Controller.UltraPhoneBookController, project.GUI.DialogType, javax.swing.JFrame, [I)&gt; calls method &lt;project.Model.Mobile.getRedirect()&gt; in (Phone.java:168)&#10;Constructor &lt;project.GUI.Phone.&lt;init&gt;(project.Controller.UltraPhoneBookController, project.GUI.DialogType, javax.swing.JFrame, [I)&gt; checks instanceof &lt;project.Model.Mobile&gt; in (Phone.java:166)&#10;Method &lt;project.DAO.AccountDAO.addAccountDB(project.Model.Account, project.Model.Contact)&gt; has parameter of type &lt;project.Model.Account&gt; in (AccountDAO.java:0)&#10;Method &lt;project.DAO.AccountDAO.addAccountDB(project.Model.Account, project.Model.Contact)&gt; has parameter of type &lt;project.Model.Contact&gt; in (AccountDAO.java:0)&#10;Method &lt;project.GUI.Account.deleteAccount(project.Model.Account)&gt; has parameter of type &lt;project.Model.Account&gt; in (Account.java:0)&#10;Method &lt;project.GUI.Address.deleteAddress(project.Model.Address)&gt; has parameter of type &lt;project.Model.Address&gt; in (Address.java:0)&#10;Method &lt;project.GUI.Contact.reloadAccounts()&gt; calls method &lt;project.Model.Account.toString()&gt; in (Contact.java:106)&#10;Method &lt;project.GUI.Contact.reloadAddresses()&gt; calls method &lt;project.Model.Address.toString()&gt; in (Contact.java:116)&#10;Method &lt;project.GUI.Contact.reloadPhones()&gt; calls method &lt;project.Model.Phone.toString()&gt; in (Contact.java:126)&#10;Method &lt;project.GUI.Group.reloadContacts()&gt; calls method &lt;project.Model.Contact.getName()&gt; in (Group.java:53)&#10;Method &lt;project.GUI.Group.reloadContacts()&gt; calls method &lt;project.Model.Contact.getSurname()&gt; in (Group.java:53)&#10;Method &lt;project.GUI.Group.reloadGroupContacts()&gt; calls method &lt;project.Model.Contact.getName()&gt; in (Group.java:64)&#10;Method &lt;project.GUI.Group.reloadGroupContacts()&gt; calls method &lt;project.Model.Contact.getSurname()&gt; in (Group.java:64)&#10;Method &lt;project.GUI.MainUltraPhoneBook.loadContacts()&gt; calls method &lt;project.Model.Contact.getName()&gt; in (MainUltraPhoneBook.java:72)&#10;Method &lt;project.GUI.MainUltraPhoneBook.loadContacts()&gt; calls method &lt;project.Model.Contact.getSurname()&gt; in (MainUltraPhoneBook.java:72)&#10;Method &lt;project.GUI.MainUltraPhoneBook.loadFilteredContacts()&gt; calls method &lt;project.Model.Contact.getName()&gt; in (MainUltraPhoneBook.java:104)&#10;Method &lt;project.GUI.MainUltraPhoneBook.loadFilteredContacts()&gt; calls method &lt;project.Model.Contact.getSurname()&gt; in (MainUltraPhoneBook.java:104)&#10;Method &lt;project.GUI.MainUltraPhoneBook.loadGroups()&gt; calls method &lt;project.Model.Group.getName()&gt; in (MainUltraPhoneBook.java:88)&#10;Method &lt;project.GUI.MainUltraPhoneBook.loadGroups()&gt; calls method &lt;project.Model.Group.getNumberOfContacts()&gt; in (MainUltraPhoneBook.java:88)&#10;Method &lt;project.GUI.Phone.deletePhone(project.Model.Phone)&gt; has parameter of type &lt;project.Model.Phone&gt; in (Phone.java:0)&#10;Method &lt;project.GUI.Search$1.actionPerformed(java.awt.event.ActionEvent)&gt; gets field &lt;project.Model.SearchType.Account&gt; in (Search.java:78)&#10;Method &lt;project.GUI.Search$1.actionPerformed(java.awt.event.ActionEvent)&gt; gets field &lt;project.Model.SearchType.Email&gt; in (Search.java:76)&#10;Method &lt;project.GUI.Search$1.actionPerformed(java.awt.event.ActionEvent)&gt; gets field &lt;project.Model.SearchType.Nome&gt; in (Search.java:77)&#10;Method &lt;project.GUI.Search$1.actionPerformed(java.awt.event.ActionEvent)&gt; gets field &lt;project.Model.SearchType.Numero&gt; in (Search.java:78)&#10;Method &lt;project.PostgresDAO.AccountPostgresDAO.addAccountDB(project.Model.Account, project.Model.Contact)&gt; calls method &lt;project.Model.Account.getAppName()&gt; in (AccountPostgresDAO.java:31)&#10;Method &lt;project.PostgresDAO.AccountPostgresDAO.addAccountDB(project.Model.Account, project.Model.Contact)&gt; calls method &lt;project.Model.Account.getEmail()&gt; in (AccountPostgresDAO.java:31)&#10;Method &lt;project.PostgresDAO.AccountPostgresDAO.addAccountDB(project.Model.Account, project.Model.Contact)&gt; calls method &lt;project.Model.Account.getNickname()&gt; in (AccountPostgresDAO.java:31)&#10;Method &lt;project.PostgresDAO.AccountPostgresDAO.addAccountDB(project.Model.Account, project.Model.Contact)&gt; calls method &lt;project.Model.Account.getWelcomeSentence()&gt; in (AccountPostgresDAO.java:31)&#10;Method &lt;project.PostgresDAO.AccountPostgresDAO.addAccountDB(project.Model.Account, project.Model.Contact)&gt; has parameter of type &lt;project.Model.Account&gt; in (AccountPostgresDAO.java:0)&#10;Method &lt;project.PostgresDAO.AccountPostgresDAO.addAccountDB(project.Model.Account, project.Model.Contact)&gt; has parameter of type &lt;project.Model.Contact&gt; in (AccountPostgresDAO.java:0)" type="java.lang.AssertionError"><![CDATA[java.lang.AssertionError: Architecture Violation [Priority: MEDIUM] - Rule 'Layered architecture consisting of
layer 'Boundaries' ('project.GUI..')
layer 'Controls' ('project.Controller..')
layer 'Entities' ('project.Model..')
layer 'Database' ('project.PostgresDAO..')
where layer 'Boundaries' may not be accessed by any layer
where layer 'Controls' may only be accessed by layers ['Boundaries']
where layer 'Entities' may only be accessed by layers ['Controls']
where layer 'Database' may only be accessed by layers ['Controls']' was violated (42 times):
Constructor <project.GUI.Account.<init>(project.Controller.UltraPhoneBookController, project.GUI.DialogType, javax.swing.JFrame, [I)> calls method <project.Model.Account.getAppName()> in (Account.java:169)
Constructor <project.GUI.Account.<init>(project.Controller.UltraPhoneBookController, project.GUI.DialogType, javax.swing.JFrame, [I)> calls method <project.Model.Account.getEmail()> in (Account.java:172)
Constructor <project.GUI.Account.<init>(project.Controller.UltraPhoneBookController, project.GUI.DialogType, javax.swing.JFrame, [I)> calls method <project.Model.Account.getNickname()> in (Account.java:170)
Constructor <project.GUI.Account.<init>(project.Controller.UltraPhoneBookController, project.GUI.DialogType, javax.swing.JFrame, [I)> calls method <project.Model.Account.getWelcomeSentence()> in (Account.java:171)
Constructor <project.GUI.Address.<init>(project.Controller.UltraPhoneBookController, project.GUI.DialogType, javax.swing.JFrame, [I)> calls method <project.Model.Address.getAddress()> in (Address.java:173)
Constructor <project.GUI.Address.<init>(project.Controller.UltraPhoneBookController, project.GUI.DialogType, javax.swing.JFrame, [I)> calls method <project.Model.Address.getCity()> in (Address.java:174)
Constructor <project.GUI.Address.<init>(project.Controller.UltraPhoneBookController, project.GUI.DialogType, javax.swing.JFrame, [I)> calls method <project.Model.Address.getNation()> in (Address.java:175)
Constructor <project.GUI.Address.<init>(project.Controller.UltraPhoneBookController, project.GUI.DialogType, javax.swing.JFrame, [I)> calls method <project.Model.Address.getZipCode()> in (Address.java:176)
Constructor <project.GUI.Address.<init>(project.Controller.UltraPhoneBookController, project.GUI.DialogType, javax.swing.JFrame, [I)> calls method <project.Model.Address.isMain()> in (Address.java:177)
Constructor <project.GUI.Phone.<init>(project.Controller.UltraPhoneBookController, project.GUI.DialogType, javax.swing.JFrame, [I)> calls method <project.Model.Landline.getNumber()> in (Phone.java:171)
Constructor <project.GUI.Phone.<init>(project.Controller.UltraPhoneBookController, project.GUI.DialogType, javax.swing.JFrame, [I)> calls method <project.Model.Landline.getRedirect()> in (Phone.java:172)
Constructor <project.GUI.Phone.<init>(project.Controller.UltraPhoneBookController, project.GUI.DialogType, javax.swing.JFrame, [I)> calls method <project.Model.Mobile.getNumber()> in (Phone.java:167)
Constructor <project.GUI.Phone.<init>(project.Controller.UltraPhoneBookController, project.GUI.DialogType, javax.swing.JFrame, [I)> calls method <project.Model.Mobile.getRedirect()> in (Phone.java:168)
Constructor <project.GUI.Phone.<init>(project.Controller.UltraPhoneBookController, project.GUI.DialogType, javax.swing.JFrame, [I)> checks instanceof <project.Model.Mobile> in (Phone.java:166)
Method <project.DAO.AccountDAO.addAccountDB(project.Model.Account, project.Model.Contact)> has parameter of type <project.Model.Account> in (AccountDAO.java:0)
Method <project.DAO.AccountDAO.addAccountDB(project.Model.Account, project.Model.Contact)> has parameter of type <project.Model.Contact> in (AccountDAO.java:0)
Method <project.GUI.Account.deleteAccount(project.Model.Account)> has parameter of type <project.Model.Account> in (Account.java:0)
Method <project.GUI.Address.deleteAddress(project.Model.Address)> has parameter of type <project.Model.Address> in (Address.java:0)
Method <project.GUI.Contact.reloadAccounts()> calls method <project.Model.Account.toString()> in (Contact.java:106)
Method <project.GUI.Contact.reloadAddresses()> calls method <project.Model.Address.toString()> in (Contact.java:116)
Method <project.GUI.Contact.reloadPhones()> calls method <project.Model.Phone.toString()> in (Contact.java:126)
Method <project.GUI.Group.reloadContacts()> calls method <project.Model.Contact.getName()> in (Group.java:53)
Method <project.GUI.Group.reloadContacts()> calls method <project.Model.Contact.getSurname()> in (Group.java:53)
Method <project.GUI.Group.reloadGroupContacts()> calls method <project.Model.Contact.getName()> in (Group.java:64)
Method <project.GUI.Group.reloadGroupContacts()> calls method <project.Model.Contact.getSurname()> in (Group.java:64)
Method <project.GUI.MainUltraPhoneBook.loadContacts()> calls method <project.Model.Contact.getName()> in (MainUltraPhoneBook.java:72)
Method <project.GUI.MainUltraPhoneBook.loadContacts()> calls method <project.Model.Contact.getSurname()> in (MainUltraPhoneBook.java:72)
Method <project.GUI.MainUltraPhoneBook.loadFilteredContacts()> calls method <project.Model.Contact.getName()> in (MainUltraPhoneBook.java:104)
Method <project.GUI.MainUltraPhoneBook.loadFilteredContacts()> calls method <project.Model.Contact.getSurname()> in (MainUltraPhoneBook.java:104)
Method <project.GUI.MainUltraPhoneBook.loadGroups()> calls method <project.Model.Group.getName()> in (MainUltraPhoneBook.java:88)
Method <project.GUI.MainUltraPhoneBook.loadGroups()> calls method <project.Model.Group.getNumberOfContacts()> in (MainUltraPhoneBook.java:88)
Method <project.GUI.Phone.deletePhone(project.Model.Phone)> has parameter of type <project.Model.Phone> in (Phone.java:0)
Method <project.GUI.Search$1.actionPerformed(java.awt.event.ActionEvent)> gets field <project.Model.SearchType.Account> in (Search.java:78)
Method <project.GUI.Search$1.actionPerformed(java.awt.event.ActionEvent)> gets field <project.Model.SearchType.Email> in (Search.java:76)
Method <project.GUI.Search$1.actionPerformed(java.awt.event.ActionEvent)> gets field <project.Model.SearchType.Nome> in (Search.java:77)
Method <project.GUI.Search$1.actionPerformed(java.awt.event.ActionEvent)> gets field <project.Model.SearchType.Numero> in (Search.java:78)
Method <project.PostgresDAO.AccountPostgresDAO.addAccountDB(project.Model.Account, project.Model.Contact)> calls method <project.Model.Account.getAppName()> in (AccountPostgresDAO.java:31)
Method <project.PostgresDAO.AccountPostgresDAO.addAccountDB(project.Model.Account, project.Model.Contact)> calls method <project.Model.Account.getEmail()> in (AccountPostgresDAO.java:31)
Method <project.PostgresDAO.AccountPostgresDAO.addAccountDB(project.Model.Account, project.Model.Contact)> calls method <project.Model.Account.getNickname()> in (AccountPostgresDAO.java:31)
Method <project.PostgresDAO.AccountPostgresDAO.addAccountDB(project.Model.Account, project.Model.Contact)> calls method <project.Model.Account.getWelcomeSentence()> in (AccountPostgresDAO.java:31)
Method <project.PostgresDAO.AccountPostgresDAO.addAccountDB(project.Model.Account, project.Model.Contact)> has parameter of type <project.Model.Account> in (AccountPostgresDAO.java:0)
Method <project.PostgresDAO.AccountPostgresDAO.addAccountDB(project.Model.Account, project.Model.Contact)> has parameter of type <project.Model.Contact> in (AccountPostgresDAO.java:0)
	at com.tngtech.archunit.lang.ArchRule$Assertions.assertNoViolation(ArchRule.java:94)
	at com.tngtech.archunit.lang.ArchRule$Assertions.check(ArchRule.java:82)
	at com.tngtech.archunit.library.Architectures$LayeredArchitecture.check(Architectures.java:291)
	at com.tngtech.archunit.junit.ArchRuleExecution.evaluateOn(ArchRuleExecution.java:43)
	at com.tngtech.archunit.junit.ArchUnitRunner.runChild(ArchUnitRunner.java:154)
	at com.tngtech.archunit.junit.ArchUnitRunner.runChild(ArchUnitRunner.java:63)
	at org.junit.runners.ParentRunner$3.run(ParentRunner.java:238)
	at org.junit.runners.ParentRunner$1.schedule(ParentRunner.java:63)
	at org.junit.runners.ParentRunner.runChildren(ParentRunner.java:236)
	at org.junit.runners.ParentRunner.access$000(ParentRunner.java:53)
	at org.junit.runners.ParentRunner$2.evaluate(ParentRunner.java:229)
	at com.tngtech.archunit.junit.ArchUnitRunner$1.evaluate(ArchUnitRunner.java:88)
	at org.junit.runners.ParentRunner.run(ParentRunner.java:309)
	at org.apache.maven.surefire.junit4.JUnit4Provider.execute(JUnit4Provider.java:283)
	at org.apache.maven.surefire.junit4.JUnit4Provider.executeWithRerun(JUnit4Provider.java:173)
	at org.apache.maven.surefire.junit4.JUnit4Provider.executeTestSet(JUnit4Provider.java:153)
	at org.apache.maven.surefire.junit4.JUnit4Provider.invoke(JUnit4Provider.java:128)
	at org.apache.maven.surefire.booter.ForkedBooter.invokeProviderInSameClassLoader(ForkedBooter.java:203)
	at org.apache.maven.surefire.booter.ForkedBooter.runSuitesInProcess(ForkedBooter.java:155)
	at org.apache.maven.surefire.booter.ForkedBooter.main(ForkedBooter.java:103)
]]></failure>
  </testcase>
</testsuite>